[35m[1mConsolidate compiler generated dependencies of target my_motion_planner[0m
[ 50%] [32mBuilding CXX object CMakeFiles/my_motion_planner.dir/src/mp.cpp.o[0m
[01m[K/root/ros2_ws/src/mp.cpp:[m[K In function â€˜[01m[Kbool isStateValid(const ompl::base::State*)[m[Kâ€™:
[01m[K/root/ros2_ws/src/mp.cpp:39:12:[m[K [01;35m[Kwarning: [m[Kunused variable â€˜[01m[Kfrt[m[Kâ€™ [[01;35m[K]8;;https://gcc.gnu.org/onlinedocs/gcc/Warning-Options.html#index-Wunused-variable-Wunused-variable]8;;[m[K]
   39 |     double [01;35m[Kfrt[m[K=config["free_thresh"].as<double>();
      |            [01;35m[K^~~[m[K
[01m[K/root/ros2_ws/src/mp.cpp:[m[K In function â€˜[01m[Kvoid plan(const SharedPtr&)[m[Kâ€™:
[01m[K/root/ros2_ws/src/mp.cpp:65:12:[m[K [01;31m[Kerror: [m[Kâ€˜[01m[Kclass ompl::base::RealVectorBounds[m[Kâ€™ has no member named â€˜[01m[KsetH[m[Kâ€™
   65 |     bounds.[01;31m[KsetH[m[K>igh(1, originY*0.05 + mapHeightMeters);
      |            [01;31m[K^~~~[m[K
[01m[K/root/ros2_ws/src/mp.cpp:65:17:[m[K [01;31m[Kerror: [m[Kâ€˜[01m[Kigh[m[Kâ€™ was not declared in this scope
   65 |     bounds.setH>[01;31m[Kigh[m[K(1, originY*0.05 + mapHeightMeters);
      |                 [01;31m[K^~~[m[K
gmake[2]: *** [CMakeFiles/my_motion_planner.dir/build.make:76: CMakeFiles/my_motion_planner.dir/src/mp.cpp.o] Error 1
gmake[1]: *** [CMakeFiles/Makefile2:137: CMakeFiles/my_motion_planner.dir/all] Error 2
gmake: *** [Makefile:146: all] Error 2
