[0.032s] Invoking command in '/root/ros2_ws/build/my_robot_motion_planning': CMAKE_PREFIX_PATH=/opt/ros/humble /usr/bin/cmake --build /root/ros2_ws/build/my_robot_motion_planning -- -j12 -l12
[0.071s] [35m[1mConsolidate compiler generated dependencies of target my_motion_planner[0m
[0.092s] [ 50%] [32mBuilding CXX object CMakeFiles/my_motion_planner.dir/src/mp.cpp.o[0m
[0.858s] [01m[K/root/ros2_ws/src/mp.cpp:[m[K In function â€˜[01m[Kbool isStateValid(const ompl::base::State*)[m[Kâ€™:
[0.858s] [01m[K/root/ros2_ws/src/mp.cpp:15:43:[m[K [01;31m[Kerror: [m[Kâ€˜[01m[KSE2StateSpace[m[Kâ€™ is not a member of â€˜[01m[Kob[m[Kâ€™; did you mean â€˜[01m[KSE3StateSpace[m[Kâ€™?
[0.858s]    15 |      const auto *se3state = state->as<ob::[01;31m[KSE2StateSpace[m[K::StateType>();
[0.859s]       |                                           [01;31m[K^~~~~~~~~~~~~[m[K
[0.859s]       |                                           [32m[KSE3StateSpace[m[K
[0.859s] [01m[K/root/ros2_ws/src/mp.cpp:15:36:[m[K [01;31m[Kerror: [m[Kparse error in template argument list
[0.859s]    15 |      const auto *se3state = state->[01;31m[Kas<ob::SE2StateSpace::StateType>[m[K();
[0.859s]       |                                    [01;31m[K^~~~~~~~~~~~~~~~~~~~~~~~~~~~~~~~[m[K
[0.859s] [01m[K/root/ros2_ws/src/mp.cpp:15:68:[m[K [01;31m[Kerror: [m[Kno matching function for call to â€˜[01m[Kompl::base::State::as<<expression error> >() const[m[Kâ€™
[0.859s]    15 |      const auto *se3state = [01;31m[Kstate->as<ob::SE2StateSpace::StateType>()[m[K;
[0.859s]       |                             [01;31m[K~~~~~~~~~~~~~~~~~~~~~~~~~~~~~~~~~~~~~~~^~[m[K
[0.859s] In file included from [01m[K/opt/ros/humble/include/ompl-1.6/ompl/base/SpaceInformation.h:40[m[K,
[0.859s]                  from [01m[K/root/ros2_ws/src/mp.cpp:1[m[K:
[0.859s] [01m[K/opt/ros/humble/include/ompl-1.6/ompl/base/State.h:66:22:[m[K [01;36m[Knote: [m[Kcandidate: â€˜[01m[Ktemplate<class T> const T* ompl::base::State::as() const[m[Kâ€™
[0.859s]    66 |             const T *[01;36m[Kas[m[K() const
[0.859s]       |                      [01;36m[K^~[m[K
[0.859s] [01m[K/opt/ros/humble/include/ompl-1.6/ompl/base/State.h:66:22:[m[K [01;36m[Knote: [m[K  template argument deduction/substitution failed:
[0.859s] [01m[K/root/ros2_ws/src/mp.cpp:15:68:[m[K [01;31m[Kerror: [m[Ktemplate argument 1 is invalid
[0.859s]    15 |      const auto *se3state = [01;31m[Kstate->as<ob::SE2StateSpace::StateType>()[m[K;
[0.859s]       |                             [01;31m[K~~~~~~~~~~~~~~~~~~~~~~~~~~~~~~~~~~~~~~~^~[m[K
[0.859s] In file included from [01m[K/opt/ros/humble/include/ompl-1.6/ompl/base/SpaceInformation.h:40[m[K,
[0.859s]                  from [01m[K/root/ros2_ws/src/mp.cpp:1[m[K:
[0.859s] [01m[K/opt/ros/humble/include/ompl-1.6/ompl/base/State.h:76:16:[m[K [01;36m[Knote: [m[Kcandidate: â€˜[01m[Ktemplate<class T> T* ompl::base::State::as()[m[Kâ€™
[0.859s]    76 |             T *[01;36m[Kas[m[K()
[0.859s]       |                [01;36m[K^~[m[K
[0.859s] [01m[K/opt/ros/humble/include/ompl-1.6/ompl/base/State.h:76:16:[m[K [01;36m[Knote: [m[K  template argument deduction/substitution failed:
[0.859s] [01m[K/root/ros2_ws/src/mp.cpp:15:68:[m[K [01;31m[Kerror: [m[Ktemplate argument 1 is invalid
[0.859s]    15 |      const auto *se3state = [01;31m[Kstate->as<ob::SE2StateSpace::StateType>()[m[K;
[0.859s]       |                             [01;31m[K~~~~~~~~~~~~~~~~~~~~~~~~~~~~~~~~~~~~~~~^~[m[K
[0.859s] [01m[K/root/ros2_ws/src/mp.cpp:18:72:[m[K [01;31m[Kerror: [m[Kexpected primary-expression before â€˜[01m[K>[m[Kâ€™ token
[0.859s]    18 |      const auto *pos = se3state->as<ob::RealVectorStateSpace::StateType[01;31m[K>[m[K(0);
[0.859s]       |                                                                        [01;31m[K^[m[K
[0.859s] [01m[K/root/ros2_ws/src/mp.cpp:21:65:[m[K [01;31m[Kerror: [m[Kexpected primary-expression before â€˜[01m[K>[m[Kâ€™ token
[0.859s]    21 |      const auto *rot = se3state->as<ob::SO3StateSpace::StateType[01;31m[K>[m[K(1);
[0.859s]       |                                                                 [01;31m[K^[m[K
[0.999s] gmake[2]: *** [CMakeFiles/my_motion_planner.dir/build.make:76: CMakeFiles/my_motion_planner.dir/src/mp.cpp.o] Error 1
[1.000s] gmake[1]: *** [CMakeFiles/Makefile2:137: CMakeFiles/my_motion_planner.dir/all] Error 2
[1.000s] gmake: *** [Makefile:146: all] Error 2
[1.002s] Invoked command in '/root/ros2_ws/build/my_robot_motion_planning' returned '2': CMAKE_PREFIX_PATH=/opt/ros/humble /usr/bin/cmake --build /root/ros2_ws/build/my_robot_motion_planning -- -j12 -l12
