[0.041s] Invoking command in '/root/ros2_ws/build/my_robot_motion_planning': CMAKE_PREFIX_PATH=${CMAKE_PREFIX_PATH}:/opt/ros/humble /usr/bin/cmake --build /root/ros2_ws/build/my_robot_motion_planning -- -j12 -l12
[0.075s] [35m[1mConsolidate compiler generated dependencies of target my_motion_planner[0m
[0.093s] [ 50%] [32mBuilding CXX object CMakeFiles/my_motion_planner.dir/src/mp.cpp.o[0m
[2.827s] [01m[K/root/ros2_ws/src/mp.cpp:[m[K In function â€˜[01m[Kbool isStateValid(const ompl::base::State*)[m[Kâ€™:
[2.827s] [01m[K/root/ros2_ws/src/mp.cpp:41:16:[m[K [01;31m[Kerror: [m[Kexpected primary-expression before â€˜[01m[Kintensity[m[Kâ€™
[2.827s]    41 |     cv::Scalar [01;31m[Kintensity[m[K = image.at<uchar>(cv::Point(static_cast<int>(y / 0.05), static_cast<int>(x / 0.05)));
[2.827s]       |                [01;31m[K^~~~~~~~~[m[K
[2.827s] [01m[K/root/ros2_ws/src/mp.cpp:42:5:[m[K [01;31m[Kerror: [m[Kexpected primary-expression before â€˜[01m[Kif[m[Kâ€™
[2.827s]    42 |     [01;31m[Kif[m[K(intensity.val[0]<=occt){
[2.827s]       |     [01;31m[K^~[m[K
[2.827s] [01m[K/root/ros2_ws/src/mp.cpp:41:111:[m[K [01;31m[Kerror: [m[Kexpected â€˜[01m[K)[m[Kâ€™ before â€˜[01m[Kif[m[Kâ€™
[2.827s]    41 |     cv::Scalar intensity = image.at<uchar>(cv::Point(static_cast<int>(y / 0.05), static_cast<int>(x / 0.05)));
[2.828s]       |                                                                                                               [01;31m[K^[m[K
[2.828s]       |                                                                                                               [32m[K)[m[K
[2.828s]    42 |     [32m[Kif[m[K(intensity.val[0]<=occt){
[2.828s]       |     [32m[K~~[m[K                                                                                                         
[2.828s] [01m[K/root/ros2_ws/src/mp.cpp:40:7:[m[K [01;36m[Knote: [m[Kto match this â€˜[01m[K([m[Kâ€™
[2.828s]    40 |     if[01;36m[K([m[Kx<
[2.828s]       |       [01;36m[K^[m[K
[2.828s] [01m[K/root/ros2_ws/src/mp.cpp:45:17:[m[K [01;35m[Kwarning: [m[Ksuggest braces around empty body in an â€˜[01m[Kif[m[Kâ€™ statement [[01;35m[K]8;;https://gcc.gnu.org/onlinedocs/gcc/Warning-Options.html#index-Wempty-body-Wempty-body]8;;[m[K]
[2.828s]    45 |      return true[01;35m[K;[m[K
[2.828s]       |                 [01;35m[K^[m[K
[2.828s] [01m[K/root/ros2_ws/src/mp.cpp:27:21:[m[K [01;35m[Kwarning: [m[Kunused variable â€˜[01m[Krot[m[Kâ€™ [[01;35m[K]8;;https://gcc.gnu.org/onlinedocs/gcc/Warning-Options.html#index-Wunused-variable-Wunused-variable]8;;[m[K]
[2.828s]    27 |         const auto *[01;35m[Krot[m[K = se2state->as<ob::SO2StateSpace::StateType>(1);
[2.828s]       |                     [01;35m[K^~~[m[K
[2.828s] [01m[K/root/ros2_ws/src/mp.cpp:29:16:[m[K [01;35m[Kwarning: [m[Kunused variable â€˜[01m[Ky[m[Kâ€™ [[01;35m[K]8;;https://gcc.gnu.org/onlinedocs/gcc/Warning-Options.html#index-Wunused-variable-Wunused-variable]8;;[m[K]
[2.829s]    29 |         double [01;35m[Ky[m[K = (*pos)[1];
[2.829s]       |                [01;35m[K^[m[K
[3.929s] [01m[K/root/ros2_ws/src/mp.cpp:46:2:[m[K [01;35m[Kwarning: [m[Kcontrol reaches end of non-void function [[01;35m[K]8;;https://gcc.gnu.org/onlinedocs/gcc/Warning-Options.html#index-Wreturn-type-Wreturn-type]8;;[m[K]
[3.929s]    46 |  [01;35m[K}[m[K
[3.930s]       |  [01;35m[K^[m[K
[4.043s] gmake[2]: *** [CMakeFiles/my_motion_planner.dir/build.make:76: CMakeFiles/my_motion_planner.dir/src/mp.cpp.o] Error 1
[4.043s] gmake[1]: *** [CMakeFiles/Makefile2:137: CMakeFiles/my_motion_planner.dir/all] Error 2
[4.043s] gmake: *** [Makefile:146: all] Error 2
[4.045s] Invoked command in '/root/ros2_ws/build/my_robot_motion_planning' returned '2': CMAKE_PREFIX_PATH=${CMAKE_PREFIX_PATH}:/opt/ros/humble /usr/bin/cmake --build /root/ros2_ws/build/my_robot_motion_planning -- -j12 -l12
