[35m[1mConsolidate compiler generated dependencies of target my_motion_planner[0m
[ 50%] [32mBuilding CXX object CMakeFiles/my_motion_planner.dir/src/mp.cpp.o[0m
[01m[K/root/ros2_ws/src/mp.cpp:[m[K In function â€˜[01m[Kint main(int, char**)[m[Kâ€™:
[01m[K/root/ros2_ws/src/mp.cpp:152:40:[m[K [01;31m[Kerror: [m[Kâ€˜[01m[Ksrc[m[Kâ€™ was not declared in this scope
  152 |     cv::warpAffine(image, dst, r, Size([01;31m[Ksrc[m[K.cols, src.rows));  ///applie an affine transforation to image.
      |                                        [01;31m[K^~~[m[K
[01m[K/root/ros2_ws/src/mp.cpp:152:35:[m[K [01;31m[Kerror: [m[Kâ€˜[01m[KSize[m[Kâ€™ was not declared in this scope; did you mean â€˜[01m[Kcv::Size[m[Kâ€™?
  152 |     cv::warpAffine(image, dst, r, [01;31m[KSize[m[K(src.cols, src.rows));  ///applie an affine transforation to image.
      |                                   [01;31m[K^~~~[m[K
      |                                   [32m[Kcv::Size[m[K
In file included from [01m[K/usr/local/include/opencv4/opencv2/core.hpp:57[m[K,
                 from [01m[K/usr/local/include/opencv4/opencv2/opencv.hpp:52[m[K,
                 from [01m[K/root/ros2_ws/src/mp.cpp:7[m[K:
[01m[K/usr/local/include/opencv4/opencv2/core/types.hpp:370:16:[m[K [01;36m[Knote: [m[Kâ€˜[01m[Kcv::Size[m[Kâ€™ declared here
  370 | typedef Size2i [01;36m[KSize[m[K;
      |                [01;36m[K^~~~[m[K
gmake[2]: *** [CMakeFiles/my_motion_planner.dir/build.make:76: CMakeFiles/my_motion_planner.dir/src/mp.cpp.o] Error 1
gmake[1]: *** [CMakeFiles/Makefile2:137: CMakeFiles/my_motion_planner.dir/all] Error 2
gmake: *** [Makefile:146: all] Error 2
