[01m[K/root/ros2_ws/src/mp.cpp:12:10:[m[K [01;31m[Kfatal error: [m[Knav_msgs/msg/path.hpp: No such file or directory
   12 | #include [01;31m[K"nav_msgs/msg/path.hpp"[m[K
      |          [01;31m[K^~~~~~~~~~~~~~~~~~~~~~~[m[K
compilation terminated.
gmake[2]: *** [CMakeFiles/my_motion_planner.dir/build.make:76: CMakeFiles/my_motion_planner.dir/src/mp.cpp.o] Error 1
gmake[1]: *** [CMakeFiles/Makefile2:137: CMakeFiles/my_motion_planner.dir/all] Error 2
gmake: *** [Makefile:146: all] Error 2
