[01m[K/root/ros2_ws/src/mp.cpp:[m[K In function â€˜[01m[Kint main(int, char**)[m[Kâ€™:
[01m[K/root/ros2_ws/src/mp.cpp:157:5:[m[K [01;31m[Kerror: [m[Kâ€˜[01m[KwaitKey[m[Kâ€™ was not declared in this scope; did you mean â€˜[01m[Kcv::waitKey[m[Kâ€™?
  157 |     [01;31m[KwaitKey[m[K(0);
      |     [01;31m[K^~~~~~~[m[K
      |     [32m[Kcv::waitKey[m[K
In file included from [01m[K/usr/local/include/opencv4/opencv2/opencv.hpp:68[m[K,
                 from [01m[K/root/ros2_ws/src/mp.cpp:7[m[K:
[01m[K/usr/local/include/opencv4/opencv2/highgui.hpp:359:18:[m[K [01;36m[Knote: [m[Kâ€˜[01m[Kcv::waitKey[m[Kâ€™ declared here
  359 | CV_EXPORTS_W int [01;36m[KwaitKey[m[K(int delay = 0);
      |                  [01;36m[K^~~~~~~[m[K
gmake[2]: *** [CMakeFiles/my_motion_planner.dir/build.make:76: CMakeFiles/my_motion_planner.dir/src/mp.cpp.o] Error 1
gmake[1]: *** [CMakeFiles/Makefile2:137: CMakeFiles/my_motion_planner.dir/all] Error 2
gmake: *** [Makefile:146: all] Error 2
