[0.030s] Invoking command in '/root/ros2_ws/build/my_robot_motion_planning': CMAKE_PREFIX_PATH=/opt/ros/humble /usr/bin/cmake --build /root/ros2_ws/build/my_robot_motion_planning -- -j12 -l12
[0.045s] -- Found ament_cmake: 1.3.5 (/opt/ros/humble/share/ament_cmake/cmake)
[0.139s] -- Found OpenCV: /usr/local (found version "4.8.0") 
[0.142s] -- Found ament_lint_auto: 0.12.8 (/opt/ros/humble/share/ament_lint_auto/cmake)
[0.191s] -- Added test 'cppcheck' to perform static code analysis on C / C++ code
[0.191s] -- Configured cppcheck include dirs: 
[0.191s] -- Configured cppcheck exclude dirs and/or files: 
[0.193s] -- Added test 'flake8' to check Python code syntax and style conventions
[0.195s] -- Added test 'lint_cmake' to check CMake code style
[0.197s] -- Added test 'pep257' to check Python code against some of the docstring style conventions in PEP 257
[0.207s] -- Added test 'uncrustify' to check C / C++ code style
[0.207s] -- Configured uncrustify additional arguments: 
[0.208s] -- Added test 'xmllint' to check XML markup files
[0.209s] -- Configuring done
[0.213s] -- Generating done
[0.213s] -- Build files have been written to: /root/ros2_ws/build/my_robot_motion_planning
[0.230s] [35m[1mConsolidate compiler generated dependencies of target my_motion_planner[0m
[0.239s] [ 50%] [32mBuilding CXX object CMakeFiles/my_motion_planner.dir/src/mp.cpp.o[0m
[1.561s] [01m[K/root/ros2_ws/src/mp.cpp:[m[K In function â€˜[01m[Kbool isStateValid(const ompl::base::State*)[m[Kâ€™:
[1.561s] [01m[K/root/ros2_ws/src/mp.cpp:29:30:[m[K [01;31m[Kerror: [m[Kno match for â€˜[01m[Koperator[][m[Kâ€™ (operand types are â€˜[01m[Kconst ompl::base::SO2StateSpace::StateType[m[Kâ€™ and â€˜[01m[Kint[m[Kâ€™)
[1.561s]    29 |         double theta = (*rot)[01;31m[K[[m[K0];  // In SE2, the rotation is represented by a single angle (theta) in SO2.
[1.561s]       |                              [01;31m[K^[m[K
[1.566s] [01m[K/root/ros2_ws/src/mp.cpp:[m[K In function â€˜[01m[Kvoid plan()[m[Kâ€™:
[1.566s] [01m[K/root/ros2_ws/src/mp.cpp:62:22:[m[K [01;31m[Kerror: [m[Kâ€˜[01m[KmapOriginX[m[Kâ€™ was not declared in this scope; did you mean â€˜[01m[KoriginX[m[Kâ€™?
[1.566s]    62 |     bounds.setLow(0, [01;31m[KmapOriginX[m[K);
[1.566s]       |                      [01;31m[K^~~~~~~~~~[m[K
[1.566s]       |                      [32m[KoriginX[m[K
[1.569s] [01m[K/root/ros2_ws/src/mp.cpp:64:22:[m[K [01;31m[Kerror: [m[Kâ€˜[01m[KmapOriginY[m[Kâ€™ was not declared in this scope; did you mean â€˜[01m[KoriginY[m[Kâ€™?
[1.569s]    64 |     bounds.setLow(1, [01;31m[KmapOriginY[m[K);
[1.569s]       |                      [01;31m[K^~~~~~~~~~[m[K
[1.570s]       |                      [32m[KoriginY[m[K
[1.584s] [01m[K/root/ros2_ws/src/mp.cpp:55:12:[m[K [01;35m[Kwarning: [m[Kunused variable â€˜[01m[KoriginX[m[Kâ€™ [[01;35m[K]8;;https://gcc.gnu.org/onlinedocs/gcc/Warning-Options.html#index-Wunused-variable-Wunused-variable]8;;[m[K]
[1.584s]    55 |     double [01;35m[KoriginX[m[K = originNode[0].as<double>();
[1.585s]       |            [01;35m[K^~~~~~~[m[K
[1.585s] [01m[K/root/ros2_ws/src/mp.cpp:56:12:[m[K [01;35m[Kwarning: [m[Kunused variable â€˜[01m[KoriginY[m[Kâ€™ [[01;35m[K]8;;https://gcc.gnu.org/onlinedocs/gcc/Warning-Options.html#index-Wunused-variable-Wunused-variable]8;;[m[K]
[1.585s]    56 |     double [01;35m[KoriginY[m[K = originNode[1].as<double>();
[1.585s]       |            [01;35m[K^~~~~~~[m[K
[1.585s] [01m[K/root/ros2_ws/src/mp.cpp:[m[K In function â€˜[01m[Kvoid planWithSimpleSetup()[m[Kâ€™:
[1.585s] [01m[K/root/ros2_ws/src/mp.cpp:128:38:[m[K [01;31m[Kerror: [m[Kâ€˜[01m[KSE3StateSpace[m[Kâ€™ is not a member of â€˜[01m[Kob[m[Kâ€™; did you mean â€˜[01m[KSE2StateSpace[m[Kâ€™?
[1.585s]   128 |      auto space(std::make_shared<ob::[01;31m[KSE3StateSpace[m[K>());
[1.585s]       |                                      [01;31m[K^~~~~~~~~~~~~[m[K
[1.585s]       |                                      [32m[KSE2StateSpace[m[K
[1.585s] [01m[K/root/ros2_ws/src/mp.cpp:128:52:[m[K [01;31m[Kerror: [m[Kno matching function for call to â€˜[01m[Kmake_shared<<expression error> >()[m[Kâ€™
[1.585s]   128 |      auto space([01;31m[Kstd::make_shared<ob::SE3StateSpace>()[m[K);
[1.585s]       |                 [01;31m[K~~~~~~~~~~~~~~~~~~~~~~~~~~~~~~~~~~~^~[m[K
[1.585s] In file included from [01m[K/usr/include/c++/11/memory:77[m[K,
[1.585s]                  from [01m[K/opt/ros/humble/include/ompl-1.6/ompl/util/ClassForward.h:40[m[K,
[1.585s]                  from [01m[K/opt/ros/humble/include/ompl-1.6/ompl/base/StateValidityChecker.h:41[m[K,
[1.586s]                  from [01m[K/opt/ros/humble/include/ompl-1.6/ompl/base/SpaceInformation.h:41[m[K,
[1.586s]                  from [01m[K/root/ros2_ws/src/mp.cpp:1[m[K:
[1.586s] [01m[K/usr/include/c++/11/bits/shared_ptr.h:875:5:[m[K [01;36m[Knote: [m[Kcandidate: â€˜[01m[Ktemplate<class _Tp, class ... _Args> std::shared_ptr<_Tp> std::make_shared(_Args&& ...)[m[Kâ€™
[1.586s]   875 |     [01;36m[Kmake_shared[m[K(_Args&&... __args)
[1.586s]       |     [01;36m[K^~~~~~~~~~~[m[K
[1.586s] [01m[K/usr/include/c++/11/bits/shared_ptr.h:875:5:[m[K [01;36m[Knote: [m[K  template argument deduction/substitution failed:
[1.586s] [01m[K/root/ros2_ws/src/mp.cpp:128:52:[m[K [01;31m[Kerror: [m[Ktemplate argument 1 is invalid
[1.586s]   128 |      auto space([01;31m[Kstd::make_shared<ob::SE3StateSpace>()[m[K);
[1.586s]       |                 [01;31m[K~~~~~~~~~~~~~~~~~~~~~~~~~~~~~~~~~~~^~[m[K
[1.970s] gmake[2]: *** [CMakeFiles/my_motion_planner.dir/build.make:76: CMakeFiles/my_motion_planner.dir/src/mp.cpp.o] Error 1
[1.970s] gmake[1]: *** [CMakeFiles/Makefile2:137: CMakeFiles/my_motion_planner.dir/all] Error 2
[1.970s] gmake: *** [Makefile:146: all] Error 2
[1.972s] Invoked command in '/root/ros2_ws/build/my_robot_motion_planning' returned '2': CMAKE_PREFIX_PATH=/opt/ros/humble /usr/bin/cmake --build /root/ros2_ws/build/my_robot_motion_planning -- -j12 -l12
