[0.031s] Invoking command in '/root/ros2_ws/build/my_robot_motion_planning': CMAKE_PREFIX_PATH=/opt/ros/humble /usr/bin/cmake --build /root/ros2_ws/build/my_robot_motion_planning -- -j12 -l12
[0.064s] [35m[1mConsolidate compiler generated dependencies of target my_motion_planner[0m
[0.080s] [ 50%] [32mBuilding CXX object CMakeFiles/my_motion_planner.dir/src/mp.cpp.o[0m
[0.394s] In file included from [01m[K/usr/include/c++/11/chrono:42[m[K,
[0.394s]                  from [01m[K/opt/ros/humble/include/tf2/time.h:32[m[K,
[0.394s]                  from [01m[K/usr/include/c++/11/ctime:42[m[K,
[0.394s]                  from [01m[K/root/ros2_ws/src/mp.cpp:1[m[K:
[0.394s] [01m[K/usr/include/c++/11/ctime:60:11:[m[K [01;31m[Kerror: [m[Kâ€˜[01m[Kclock_t[m[Kâ€™ has not been declared in â€˜[01m[K::[m[Kâ€™
[0.394s]    60 |   using ::[01;31m[Kclock_t[m[K;
[0.394s]       |           [01;31m[K^~~~~~~[m[K
[0.394s] [01m[K/usr/include/c++/11/ctime:61:11:[m[K [01;31m[Kerror: [m[Kâ€˜[01m[Ktime_t[m[Kâ€™ has not been declared in â€˜[01m[K::[m[Kâ€™
[0.394s]    61 |   using ::[01;31m[Ktime_t[m[K;
[0.394s]       |           [01;31m[K^~~~~~[m[K
[0.394s] [01m[K/usr/include/c++/11/ctime:62:11:[m[K [01;31m[Kerror: [m[Kâ€˜[01m[Ktm[m[Kâ€™ has not been declared in â€˜[01m[K::[m[Kâ€™
[0.395s]    62 |   using ::[01;31m[Ktm[m[K;
[0.395s]       |           [01;31m[K^~[m[K
[0.395s] [01m[K/usr/include/c++/11/ctime:64:11:[m[K [01;31m[Kerror: [m[Kâ€˜[01m[Kclock[m[Kâ€™ has not been declared in â€˜[01m[K::[m[Kâ€™
[0.395s]    64 |   using ::[01;31m[Kclock[m[K;
[0.395s]       |           [01;31m[K^~~~~[m[K
[0.395s] [01m[K/usr/include/c++/11/ctime:65:11:[m[K [01;31m[Kerror: [m[Kâ€˜[01m[Kdifftime[m[Kâ€™ has not been declared in â€˜[01m[K::[m[Kâ€™
[0.395s]    65 |   using ::[01;31m[Kdifftime[m[K;
[0.395s]       |           [01;31m[K^~~~~~~~[m[K
[0.395s] [01m[K/usr/include/c++/11/ctime:66:11:[m[K [01;31m[Kerror: [m[Kâ€˜[01m[Kmktime[m[Kâ€™ has not been declared in â€˜[01m[K::[m[Kâ€™
[0.395s]    66 |   using ::[01;31m[Kmktime[m[K;
[0.395s]       |           [01;31m[K^~~~~~[m[K
[0.395s] [01m[K/usr/include/c++/11/ctime:67:11:[m[K [01;31m[Kerror: [m[Kâ€˜[01m[Ktime[m[Kâ€™ has not been declared in â€˜[01m[K::[m[Kâ€™
[0.395s]    67 |   using ::[01;31m[Ktime[m[K;
[0.395s]       |           [01;31m[K^~~~[m[K
[0.395s] [01m[K/usr/include/c++/11/ctime:68:11:[m[K [01;31m[Kerror: [m[Kâ€˜[01m[Kasctime[m[Kâ€™ has not been declared in â€˜[01m[K::[m[Kâ€™
[0.395s]    68 |   using ::[01;31m[Kasctime[m[K;
[0.395s]       |           [01;31m[K^~~~~~~[m[K
[0.395s] [01m[K/usr/include/c++/11/ctime:69:11:[m[K [01;31m[Kerror: [m[Kâ€˜[01m[Kctime[m[Kâ€™ has not been declared in â€˜[01m[K::[m[Kâ€™
[0.395s]    69 |   using ::[01;31m[Kctime[m[K;
[0.395s]       |           [01;31m[K^~~~~[m[K
[0.395s] [01m[K/usr/include/c++/11/ctime:70:11:[m[K [01;31m[Kerror: [m[Kâ€˜[01m[Kgmtime[m[Kâ€™ has not been declared in â€˜[01m[K::[m[Kâ€™
[0.395s]    70 |   using ::[01;31m[Kgmtime[m[K;
[0.395s]       |           [01;31m[K^~~~~~[m[K
[0.395s] [01m[K/usr/include/c++/11/ctime:71:11:[m[K [01;31m[Kerror: [m[Kâ€˜[01m[Klocaltime[m[Kâ€™ has not been declared in â€˜[01m[K::[m[Kâ€™
[0.395s]    71 |   using ::[01;31m[Klocaltime[m[K;
[0.395s]       |           [01;31m[K^~~~~~~~~[m[K
[0.395s] [01m[K/usr/include/c++/11/ctime:72:11:[m[K [01;31m[Kerror: [m[Kâ€˜[01m[Kstrftime[m[Kâ€™ has not been declared in â€˜[01m[K::[m[Kâ€™
[0.395s]    72 |   using ::[01;31m[Kstrftime[m[K;
[0.395s]       |           [01;31m[K^~~~~~~~[m[K
[0.395s] [01m[K/usr/include/c++/11/ctime:79:11:[m[K [01;31m[Kerror: [m[Kâ€˜[01m[Ktimespec[m[Kâ€™ has not been declared in â€˜[01m[K::[m[Kâ€™
[0.395s]    79 |   using ::[01;31m[Ktimespec[m[K;
[0.395s]       |           [01;31m[K^~~~~~~~[m[K
[0.395s] [01m[K/usr/include/c++/11/ctime:80:11:[m[K [01;31m[Kerror: [m[Kâ€˜[01m[Ktimespec_get[m[Kâ€™ has not been declared in â€˜[01m[K::[m[Kâ€™
[0.395s]    80 |   using ::[01;31m[Ktimespec_get[m[K;
[0.395s]       |           [01;31m[K^~~~~~~~~~~~[m[K
[0.399s] In file included from [01m[K/opt/ros/humble/include/tf2/time.h:32[m[K,
[0.399s]                  from [01m[K/usr/include/c++/11/ctime:42[m[K,
[0.399s]                  from [01m[K/root/ros2_ws/src/mp.cpp:1[m[K:
[0.399s] [01m[K/usr/include/c++/11/chrono:1142:19:[m[K [01;31m[Kerror: [m[Kâ€˜[01m[Ktime_t[m[Kâ€™ in namespace â€˜[01m[Kstd[m[Kâ€™ does not name a type; did you mean â€˜[01m[Ksize_t[m[Kâ€™?
[0.399s]  1142 |       static std::[01;31m[Ktime_t[m[K
[0.399s]       |                   [01;31m[K^~~~~~[m[K
[0.399s]       |                   [32m[Ksize_t[m[K
[0.399s] [01m[K/usr/include/c++/11/chrono:1150:19:[m[K [01;31m[Kerror: [m[Kâ€˜[01m[Kstd::time_t[m[Kâ€™ has not been declared
[0.399s]  1150 |       from_time_t([01;31m[Kstd[m[K::time_t __t) noexcept
[0.399s]       |                   [01;31m[K^~~[m[K
[0.539s] In file included from [01m[K/root/ros2_ws/src/mp.cpp:3[m[K:
[0.539s] [01m[K/usr/include/c++/11/iomanip:343:18:[m[K [01;31m[Kerror: [m[Kâ€˜[01m[Ktm[m[Kâ€™ in namespace â€˜[01m[Kstd[m[Kâ€™ does not name a type
[0.539s]   343 |       const std::[01;31m[Ktm[m[K* _M_tmb;
[0.539s]       |                  [01;31m[K^~[m[K
[0.539s] [01m[K/usr/include/c++/11/iomanip:358:25:[m[K [01;31m[Kerror: [m[Kâ€˜[01m[Ktm[m[Kâ€™ in namespace â€˜[01m[Kstd[m[Kâ€™ does not name a type
[0.539s]   358 |     put_time(const std::[01;31m[Ktm[m[K* __tmb, const _CharT* __fmt)
[0.539s]       |                         [01;31m[K^~[m[K
[0.539s] [01m[K/usr/include/c++/11/iomanip:398:12:[m[K [01;31m[Kerror: [m[Kâ€˜[01m[Ktm[m[Kâ€™ in namespace â€˜[01m[Kstd[m[Kâ€™ does not name a type
[0.539s]   398 |       std::[01;31m[Ktm[m[K*      _M_tmb;
[0.539s]       |            [01;31m[K^~[m[K
[0.539s] [01m[K/usr/include/c++/11/iomanip:413:19:[m[K [01;31m[Kerror: [m[Kâ€˜[01m[Ktm[m[Kâ€™ is not a member of â€˜[01m[Kstd[m[Kâ€™; did you mean â€˜[01m[Ktm[m[Kâ€™?
[0.540s]   413 |     get_time(std::[01;31m[Ktm[m[K* __tmb, const _CharT* __fmt)
[0.540s]       |                   [01;31m[K^~[m[K
[0.540s] In file included from [01m[K/usr/include/c++/11/cwchar:44[m[K,
[0.540s]                  from [01m[K/usr/include/c++/11/bits/postypes.h:40[m[K,
[0.540s]                  from [01m[K/usr/include/c++/11/bits/char_traits.h:40[m[K,
[0.540s]                  from [01m[K/usr/include/c++/11/string:40[m[K,
[0.540s]                  from [01m[K/opt/ros/humble/include/tf2/time.h:34[m[K,
[0.540s]                  from [01m[K/usr/include/c++/11/ctime:42[m[K,
[0.540s]                  from [01m[K/root/ros2_ws/src/mp.cpp:1[m[K:
[0.540s] [01m[K/usr/include/wchar.h:83:8:[m[K [01;36m[Knote: [m[Kâ€˜[01m[Ktm[m[Kâ€™ declared here
[0.540s]    83 | struct [01;36m[Ktm[m[K;
[0.540s]       |        [01;36m[K^~[m[K
[0.542s] In file included from [01m[K/root/ros2_ws/src/mp.cpp:3[m[K:
[0.542s] [01m[K/usr/include/c++/11/iomanip:413:23:[m[K [01;31m[Kerror: [m[Kâ€˜[01m[K__tmb[m[Kâ€™ was not declared in this scope
[0.542s]   413 |     get_time(std::tm* [01;31m[K__tmb[m[K, const _CharT* __fmt)
[0.542s]       |                       [01;31m[K^~~~~[m[K
[0.542s] [01m[K/usr/include/c++/11/iomanip:413:30:[m[K [01;31m[Kerror: [m[Kexpected primary-expression before â€˜[01m[Kconst[m[Kâ€™
[0.542s]   413 |     get_time(std::tm* __tmb, [01;31m[Kconst[m[K _CharT* __fmt)
[0.542s]       |                              [01;31m[K^~~~~[m[K
[0.542s] [01m[K/usr/include/c++/11/iomanip:413:50:[m[K [01;31m[Kerror: [m[Kexpected â€˜[01m[K;[m[Kâ€™ before â€˜[01m[K{[m[Kâ€™ token
[0.542s]   413 |     get_time(std::tm* __tmb, const _CharT* __fmt)
[0.542s]       |                                                  [01;31m[K^[m[K
[0.542s]       |                                                  [32m[K;[m[K
[0.542s]   414 |     [32m[K{[m[K return { __tmb, __fmt }; }
[0.542s]       |     [32m[K~[m[K                                             
[0.957s] In file included from [01m[K/opt/ros/humble/include/ompl-1.6/ompl/base/PlannerTerminationCondition.h:43[m[K,
[0.958s]                  from [01m[K/opt/ros/humble/include/ompl-1.6/ompl/base/Planner.h:44[m[K,
[0.958s]                  from [01m[K/opt/ros/humble/include/ompl-1.6/ompl/geometric/planners/PlannerIncludes.h:40[m[K,
[0.958s]                  from [01m[K/opt/ros/humble/include/ompl-1.6/ompl/geometric/planners/rrt/RRTConnect.h:41[m[K,
[0.958s]                  from [01m[K/root/ros2_ws/src/mp.cpp:6[m[K:
[0.958s] [01m[K/opt/ros/humble/include/ompl-1.6/ompl/util/Time.h:[m[K In function â€˜[01m[Kstd::string ompl::time::as_string(const point&)[m[Kâ€™:
[0.958s] [01m[K/opt/ros/humble/include/ompl-1.6/ompl/util/Time.h:80:18:[m[K [01;31m[Kerror: [m[Kâ€˜[01m[Ktime_t[m[Kâ€™ is not a member of â€˜[01m[Kstd[m[Kâ€™; did you mean â€˜[01m[Ktime_put[m[Kâ€™?
[0.958s]    80 |             std::[01;31m[Ktime_t[m[K pt = std::chrono::system_clock::to_time_t(p);
[0.958s]       |                  [01;31m[K^~~~~~[m[K
[0.958s]       |                  [32m[Ktime_put[m[K
[0.958s] [01m[K/opt/ros/humble/include/ompl-1.6/ompl/util/Time.h:82:38:[m[K [01;31m[Kerror: [m[Kâ€˜[01m[Klocaltime[m[Kâ€™ is not a member of â€˜[01m[Kstd[m[Kâ€™; did you mean â€˜[01m[Klocale[m[Kâ€™?
[0.958s]    82 |             ss << std::put_time(std::[01;31m[Klocaltime[m[K(&pt), "%F %T");
[0.958s]       |                                      [01;31m[K^~~~~~~~~[m[K
[0.958s]       |                                      [32m[Klocale[m[K
[0.960s] [01m[K/opt/ros/humble/include/ompl-1.6/ompl/util/Time.h:82:49:[m[K [01;31m[Kerror: [m[Kâ€˜[01m[Kpt[m[Kâ€™ was not declared in this scope; did you mean â€˜[01m[Kp[m[Kâ€™?
[0.960s]    82 |             ss << std::put_time(std::localtime(&[01;31m[Kpt[m[K), "%F %T");
[0.960s]       |                                                 [01;31m[K^~[m[K
[0.960s]       |                                                 [32m[Kp[m[K
[0.960s] [01m[K/opt/ros/humble/include/ompl-1.6/ompl/util/Time.h:78:51:[m[K [01;35m[Kwarning: [m[Kunused parameter â€˜[01m[Kp[m[Kâ€™ [[01;35m[K]8;;https://gcc.gnu.org/onlinedocs/gcc/Warning-Options.html#index-Wunused-parameter-Wunused-parameter]8;;[m[K]
[0.960s]    78 |         inline std::string as_string([01;35m[Kconst point &p[m[K)
[0.960s]       |                                      [01;35m[K~~~~~~~~~~~~~^[m[K
[1.060s] In file included from [01m[K/usr/local/include/opencv4/opencv2/core/utility.hpp:62[m[K,
[1.060s]                  from [01m[K/usr/local/include/opencv4/opencv2/core.hpp:3392[m[K,
[1.060s]                  from [01m[K/usr/local/include/opencv4/opencv2/opencv.hpp:52[m[K,
[1.060s]                  from [01m[K/root/ros2_ws/src/mp.cpp:8[m[K:
[1.060s] [01m[K/usr/include/c++/11/mutex:[m[K In member function â€˜[01m[Kbool std::__timed_mutex_impl<_Derived>::_M_try_lock_until(const std::chrono::time_point<std::chrono::_V2::system_clock, _Duration>&)[m[Kâ€™:
[1.060s] [01m[K/usr/include/c++/11/mutex:164:30:[m[K [01;31m[Kerror: [m[Kâ€˜[01m[Ktime_t[m[Kâ€™ in namespace â€˜[01m[Kstd[m[Kâ€™ does not name a type; did you mean â€˜[01m[Ktime_put[m[Kâ€™?
[1.060s]   164 |             static_cast<std::[01;31m[Ktime_t[m[K>(__s.time_since_epoch().count()),
[1.060s]       |                              [01;31m[K^~~~~~[m[K
[1.060s]       |                              [32m[Ktime_put[m[K
[1.060s] [01m[K/usr/include/c++/11/mutex:[m[K In member function â€˜[01m[Kbool std::__timed_mutex_impl<_Derived>::_M_try_lock_until(const std::chrono::time_point<std::chrono::_V2::steady_clock, _Duration>&)[m[Kâ€™:
[1.060s] [01m[K/usr/include/c++/11/mutex:181:30:[m[K [01;31m[Kerror: [m[Kâ€˜[01m[Ktime_t[m[Kâ€™ in namespace â€˜[01m[Kstd[m[Kâ€™ does not name a type; did you mean â€˜[01m[Ktime_put[m[Kâ€™?
[1.060s]   181 |             static_cast<std::[01;31m[Ktime_t[m[K>(__s.time_since_epoch().count()),
[1.060s]       |                              [01;31m[K^~~~~~[m[K
[1.060s]       |                              [32m[Ktime_put[m[K
[1.068s] [01m[K/usr/include/c++/11/mutex:185:61:[m[K [01;31m[Kerror: [m[Kâ€˜[01m[KCLOCK_MONOTONIC[m[Kâ€™ was not declared in this scope
[1.068s]   185 |           return static_cast<_Derived*>(this)->_M_clocklock([01;31m[KCLOCK_MONOTONIC[m[K,
[1.068s]       |                                                             [01;31m[K^~~~~~~~~~~~~~~[m[K
[1.458s] In file included from [01m[K/usr/include/c++/11/future:39[m[K,
[1.458s]                  from [01m[K/opt/ros/humble/include/rclcpp/rclcpp/executors.hpp:18[m[K,
[1.458s]                  from [01m[K/opt/ros/humble/include/rclcpp/rclcpp/rclcpp.hpp:155[m[K,
[1.458s]                  from [01m[K/root/ros2_ws/src/mp.cpp:13[m[K:
[1.458s] [01m[K/usr/include/c++/11/condition_variable:[m[K In member function â€˜[01m[Kstd::cv_status std::condition_variable::__wait_until_impl(std::unique_lock<std::mutex>&, const std::chrono::time_point<std::chrono::_V2::steady_clock, _Duration>&)[m[Kâ€™:
[1.458s] [01m[K/usr/include/c++/11/condition_variable:197:30:[m[K [01;31m[Kerror: [m[Kâ€˜[01m[Ktime_t[m[Kâ€™ in namespace â€˜[01m[Kstd[m[Kâ€™ does not name a type; did you mean â€˜[01m[Ktime_put[m[Kâ€™?
[1.458s]   197 |             static_cast<std::[01;31m[Ktime_t[m[K>(__s.time_since_epoch().count()),
[1.458s]       |                              [01;31m[K^~~~~~[m[K
[1.458s]       |                              [32m[Ktime_put[m[K
[1.466s] [01m[K/usr/include/c++/11/condition_variable:201:45:[m[K [01;31m[Kerror: [m[Kâ€˜[01m[KCLOCK_MONOTONIC[m[Kâ€™ was not declared in this scope
[1.466s]   201 |         _M_cond.wait_until(*__lock.mutex(), [01;31m[KCLOCK_MONOTONIC[m[K, __ts);
[1.466s]       |                                             [01;31m[K^~~~~~~~~~~~~~~[m[K
[1.467s] [01m[K/usr/include/c++/11/condition_variable:[m[K In member function â€˜[01m[Kstd::cv_status std::condition_variable::__wait_until_impl(std::unique_lock<std::mutex>&, const std::chrono::time_point<std::chrono::_V2::system_clock, _Dur2>&)[m[Kâ€™:
[1.467s] [01m[K/usr/include/c++/11/condition_variable:218:30:[m[K [01;31m[Kerror: [m[Kâ€˜[01m[Ktime_t[m[Kâ€™ in namespace â€˜[01m[Kstd[m[Kâ€™ does not name a type; did you mean â€˜[01m[Ktime_put[m[Kâ€™?
[1.467s]   218 |             static_cast<std::[01;31m[Ktime_t[m[K>(__s.time_since_epoch().count()),
[1.467s]       |                              [01;31m[K^~~~~~[m[K
[1.467s]       |                              [32m[Ktime_put[m[K
[1.500s] In file included from [01m[K/usr/include/c++/11/thread:44[m[K,
[1.500s]                  from [01m[K/opt/ros/humble/include/rclcpp/rclcpp/executors/multi_threaded_executor.hpp:22[m[K,
[1.500s]                  from [01m[K/opt/ros/humble/include/rclcpp/rclcpp/executors.hpp:21[m[K,
[1.500s]                  from [01m[K/opt/ros/humble/include/rclcpp/rclcpp/rclcpp.hpp:155[m[K,
[1.500s]                  from [01m[K/root/ros2_ws/src/mp.cpp:13[m[K:
[1.500s] [01m[K/usr/include/c++/11/bits/this_thread_sleep.h:[m[K In function â€˜[01m[Kvoid std::this_thread::sleep_for(const std::chrono::duration<_Rep1, _Period1>&)[m[Kâ€™:
[1.500s] [01m[K/usr/include/c++/11/bits/this_thread_sleep.h:79:30:[m[K [01;31m[Kerror: [m[Kâ€˜[01m[Ktime_t[m[Kâ€™ in namespace â€˜[01m[Kstd[m[Kâ€™ does not name a type; did you mean â€˜[01m[Ktime_put[m[Kâ€™?
[1.500s]    79 |             static_cast<std::[01;31m[Ktime_t[m[K>(__s.count()),
[1.500s]       |                              [01;31m[K^~~~~~[m[K
[1.500s]       |                              [32m[Ktime_put[m[K
[1.504s] [01m[K/usr/include/c++/11/bits/this_thread_sleep.h:82:18:[m[K [01;31m[Kerror: [m[Kâ€˜[01m[K::nanosleep[m[Kâ€™ has not been declared
[1.504s]    82 |         while (::[01;31m[Knanosleep[m[K(&__ts, &__ts) == -1 && errno == EINTR)
[1.504s]       |                  [01;31m[K^~~~~~~~~[m[K
[1.667s] In file included from [01m[K/opt/ros/humble/include/rclcpp/rclcpp/experimental/intra_process_manager.hpp:20[m[K,
[1.668s]                  from [01m[K/opt/ros/humble/include/rclcpp/rclcpp/subscription_base.hpp:34[m[K,
[1.668s]                  from [01m[K/opt/ros/humble/include/rclcpp/rclcpp/callback_group.hpp:29[m[K,
[1.668s]                  from [01m[K/opt/ros/humble/include/rclcpp/rclcpp/any_executable.hpp:20[m[K,
[1.668s]                  from [01m[K/opt/ros/humble/include/rclcpp/rclcpp/memory_strategy.hpp:25[m[K,
[1.668s]                  from [01m[K/opt/ros/humble/include/rclcpp/rclcpp/memory_strategies.hpp:18[m[K,
[1.668s]                  from [01m[K/opt/ros/humble/include/rclcpp/rclcpp/executor_options.hpp:20[m[K,
[1.668s]                  from [01m[K/opt/ros/humble/include/rclcpp/rclcpp/executor.hpp:37[m[K,
[1.668s]                  from [01m[K/opt/ros/humble/include/rclcpp/rclcpp/executors/multi_threaded_executor.hpp:25[m[K,
[1.668s]                  from [01m[K/opt/ros/humble/include/rclcpp/rclcpp/executors.hpp:21[m[K,
[1.668s]                  from [01m[K/opt/ros/humble/include/rclcpp/rclcpp/rclcpp.hpp:155[m[K,
[1.668s]                  from [01m[K/root/ros2_ws/src/mp.cpp:13[m[K:
[1.668s] [01m[K/usr/include/c++/11/shared_mutex:[m[K In member function â€˜[01m[Kbool std::shared_timed_mutex::try_lock_until(const std::chrono::time_point<std::chrono::_V2::system_clock, _Dur2>&)[m[Kâ€™:
[1.668s] [01m[K/usr/include/c++/11/shared_mutex:517:30:[m[K [01;31m[Kerror: [m[Kâ€˜[01m[Ktime_t[m[Kâ€™ in namespace â€˜[01m[Kstd[m[Kâ€™ does not name a type; did you mean â€˜[01m[Ktime_put[m[Kâ€™?
[1.668s]   517 |             static_cast<std::[01;31m[Ktime_t[m[K>(__s.time_since_epoch().count()),
[1.668s]       |                              [01;31m[K^~~~~~[m[K
[1.669s]       |                              [32m[Ktime_put[m[K
[1.669s] [01m[K/usr/include/c++/11/shared_mutex:[m[K In member function â€˜[01m[Kbool std::shared_timed_mutex::try_lock_until(const std::chrono::time_point<std::chrono::_V2::steady_clock, _Duration>&)[m[Kâ€™:
[1.669s] [01m[K/usr/include/c++/11/shared_mutex:542:30:[m[K [01;31m[Kerror: [m[Kâ€˜[01m[Ktime_t[m[Kâ€™ in namespace â€˜[01m[Kstd[m[Kâ€™ does not name a type; did you mean â€˜[01m[Ktime_put[m[Kâ€™?
[1.669s]   542 |             static_cast<std::[01;31m[Ktime_t[m[K>(__s.time_since_epoch().count()),
[1.669s]       |                              [01;31m[K^~~~~~[m[K
[1.669s]       |                              [32m[Ktime_put[m[K
[1.678s] [01m[K/usr/include/c++/11/shared_mutex:546:60:[m[K [01;31m[Kerror: [m[Kâ€˜[01m[KCLOCK_MONOTONIC[m[Kâ€™ was not declared in this scope
[1.678s]   546 |         int __ret = pthread_rwlock_clockwrlock(&_M_rwlock, [01;31m[KCLOCK_MONOTONIC[m[K,
[1.678s]       |                                                            [01;31m[K^~~~~~~~~~~~~~~[m[K
[1.678s] [01m[K/usr/include/c++/11/shared_mutex:[m[K In member function â€˜[01m[Kbool std::shared_timed_mutex::try_lock_shared_until(const std::chrono::time_point<std::chrono::_V2::system_clock, _Dur2>&)[m[Kâ€™:
[1.678s] [01m[K/usr/include/c++/11/shared_mutex:590:30:[m[K [01;31m[Kerror: [m[Kâ€˜[01m[Ktime_t[m[Kâ€™ in namespace â€˜[01m[Kstd[m[Kâ€™ does not name a type; did you mean â€˜[01m[Ktime_put[m[Kâ€™?
[1.678s]   590 |             static_cast<std::[01;31m[Ktime_t[m[K>(__s.time_since_epoch().count()),
[1.678s]       |                              [01;31m[K^~~~~~[m[K
[1.678s]       |                              [32m[Ktime_put[m[K
[1.679s] [01m[K/usr/include/c++/11/shared_mutex:[m[K In member function â€˜[01m[Kbool std::shared_timed_mutex::try_lock_shared_until(const std::chrono::time_point<std::chrono::_V2::steady_clock, _Duration>&)[m[Kâ€™:
[1.679s] [01m[K/usr/include/c++/11/shared_mutex:629:30:[m[K [01;31m[Kerror: [m[Kâ€˜[01m[Ktime_t[m[Kâ€™ in namespace â€˜[01m[Kstd[m[Kâ€™ does not name a type; did you mean â€˜[01m[Ktime_put[m[Kâ€™?
[1.679s]   629 |             static_cast<std::[01;31m[Ktime_t[m[K>(__s.time_since_epoch().count()),
[1.679s]       |                              [01;31m[K^~~~~~[m[K
[1.679s]       |                              [32m[Ktime_put[m[K
[1.688s] [01m[K/usr/include/c++/11/shared_mutex:633:60:[m[K [01;31m[Kerror: [m[Kâ€˜[01m[KCLOCK_MONOTONIC[m[Kâ€™ was not declared in this scope
[1.688s]   633 |         int __ret = pthread_rwlock_clockrdlock(&_M_rwlock, [01;31m[KCLOCK_MONOTONIC[m[K,
[1.688s]       |                                                            [01;31m[K^~~~~~~~~~~~~~~[m[K
[2.627s] [01m[K/root/ros2_ws/src/mp.cpp:[m[K In function â€˜[01m[Kvoid plan(const SharedPtr&, const SharedPtr&)[m[Kâ€™:
[2.627s] [01m[K/root/ros2_ws/src/mp.cpp:151:42:[m[K [01;31m[Kerror: [m[Kâ€˜[01m[KtoMsg[m[Kâ€™ is not a member of â€˜[01m[Ktf2[m[Kâ€™
[2.627s]   151 |             pose.pose.orientation = tf2::[01;31m[KtoMsg[m[K(tf2::Quaternion(tf2::Vector3(0, 0, 1), rot->value));
[2.627s]       |                                          [01;31m[K^~~~~[m[K
[2.631s] [01m[K/root/ros2_ws/src/mp.cpp:56:115:[m[K [01;35m[Kwarning: [m[Kunused parameter â€˜[01m[Knode[m[Kâ€™ [[01;35m[K]8;;https://gcc.gnu.org/onlinedocs/gcc/Warning-Options.html#index-Wunused-parameter-Wunused-parameter]8;;[m[K]
[2.631s]    56 |  void plan(const rclcpp::Publisher<nav_msgs::msg::Path>::SharedPtr& path_publisher,[01;35m[Kconst rclcpp::Node::SharedPtr& node[m[K)
[2.631s]       |                                                                                    [01;35m[K~~~~~~~~~~~~~~~~~~~~~~~~~~~~~~~^~~~[m[K
[2.634s] [01m[K/root/ros2_ws/src/mp.cpp:[m[K In function â€˜[01m[Kvoid planWithSimpleSetup(const SharedPtr&, const SharedPtr&)[m[Kâ€™:
[2.634s] [01m[K/root/ros2_ws/src/mp.cpp:212:51:[m[K [01;31m[Kerror: [m[Kbase operand of â€˜[01m[K->[m[Kâ€™ has non-pointer type â€˜[01m[Kompl::geometric::PathGeometric[m[Kâ€™
[2.634s]   212 |          for (std::size_t i = 0; i < solution_path[01;31m[K->[m[KgetStateCount(); ++i)
[2.634s]       |                                                   [01;31m[K^~[m[K
[2.634s] [01m[K/root/ros2_ws/src/mp.cpp:214:51:[m[K [01;31m[Kerror: [m[Kbase operand of â€˜[01m[K->[m[Kâ€™ has non-pointer type â€˜[01m[Kompl::geometric::PathGeometric[m[Kâ€™
[2.634s]   214 |             const ob::State* state = solution_path[01;31m[K->[m[KgetState(i);
[2.634s]       |                                                   [01;31m[K^~[m[K
[2.634s] [01m[K/root/ros2_ws/src/mp.cpp:222:42:[m[K [01;31m[Kerror: [m[Kâ€˜[01m[KtoMsg[m[Kâ€™ is not a member of â€˜[01m[Ktf2[m[Kâ€™
[2.635s]   222 |             pose.pose.orientation = tf2::[01;31m[KtoMsg[m[K(tf2::Quaternion(tf2::Vector3(0, 0, 1), rot->value));
[2.635s]       |                                          [01;31m[K^~~~~[m[K
[3.473s] gmake[2]: *** [CMakeFiles/my_motion_planner.dir/build.make:76: CMakeFiles/my_motion_planner.dir/src/mp.cpp.o] Error 1
[3.473s] gmake[1]: *** [CMakeFiles/Makefile2:137: CMakeFiles/my_motion_planner.dir/all] Error 2
[3.473s] gmake: *** [Makefile:146: all] Error 2
[3.474s] Invoked command in '/root/ros2_ws/build/my_robot_motion_planning' returned '2': CMAKE_PREFIX_PATH=/opt/ros/humble /usr/bin/cmake --build /root/ros2_ws/build/my_robot_motion_planning -- -j12 -l12
