[0.048s] Invoking command in '/root/ros2_ws/build/my_robot_motion_planning': CMAKE_PREFIX_PATH=${CMAKE_PREFIX_PATH}:/opt/ros/humble /usr/bin/cmake --build /root/ros2_ws/build/my_robot_motion_planning -- -j12 -l12
[0.081s] [35m[1mConsolidate compiler generated dependencies of target my_motion_planner[0m
[0.099s] [ 50%] [32mBuilding CXX object CMakeFiles/my_motion_planner.dir/src/mp.cpp.o[0m
[2.606s] [01m[K/root/ros2_ws/src/mp.cpp:[m[K In function â€˜[01m[Kvoid plan(const SharedPtr&)[m[Kâ€™:
[2.606s] [01m[K/root/ros2_ws/src/mp.cpp:166:61:[m[K [01;31m[Kerror: [m[Kâ€˜[01m[Kusing element_type = class ompl::base::Path[m[Kâ€™ {aka â€˜[01m[Kclass ompl::base::Path[m[Kâ€™} has no member named â€˜[01m[KprintAsMatrix[m[Kâ€™
[2.606s]   166 |         planner->getProblemDefinition()->getSolutionPath()->[01;31m[KprintAsMatrix[m[K(std::cout);
[2.606s]       |                                                             [01;31m[K^~~~~~~~~~~~~[m[K
[3.413s] gmake[2]: *** [CMakeFiles/my_motion_planner.dir/build.make:76: CMakeFiles/my_motion_planner.dir/src/mp.cpp.o] Error 1
[3.413s] gmake[1]: *** [CMakeFiles/Makefile2:137: CMakeFiles/my_motion_planner.dir/all] Error 2
[3.414s] gmake: *** [Makefile:146: all] Error 2
[3.415s] Invoked command in '/root/ros2_ws/build/my_robot_motion_planning' returned '2': CMAKE_PREFIX_PATH=${CMAKE_PREFIX_PATH}:/opt/ros/humble /usr/bin/cmake --build /root/ros2_ws/build/my_robot_motion_planning -- -j12 -l12
