[35m[1mConsolidate compiler generated dependencies of target my_motion_planner[0m
[ 50%] [32mBuilding CXX object CMakeFiles/my_motion_planner.dir/src/mp.cpp.o[0m
[01m[K/root/ros2_ws/src/mp.cpp:[m[K In function â€˜[01m[Kint main(int, char**)[m[Kâ€™:
[01m[K/root/ros2_ws/src/mp.cpp:152:44:[m[K [01;31m[Kerror: [m[Kâ€˜[01m[Ksrc[m[Kâ€™ was not declared in this scope
  152 |     cv::warpAffine(image, dst, r, cv::Size([01;31m[Ksrc[m[K.cols, src.rows));  ///applie an affine transforation to image.
      |                                            [01;31m[K^~~[m[K
gmake[2]: *** [CMakeFiles/my_motion_planner.dir/build.make:76: CMakeFiles/my_motion_planner.dir/src/mp.cpp.o] Error 1
gmake[1]: *** [CMakeFiles/Makefile2:137: CMakeFiles/my_motion_planner.dir/all] Error 2
gmake: *** [Makefile:146: all] Error 2
