[0.039s] Invoking command in '/root/ros2_ws/build/my_robot_motion_planning': CMAKE_PREFIX_PATH=${CMAKE_PREFIX_PATH}:/opt/ros/humble /usr/bin/cmake --build /root/ros2_ws/build/my_robot_motion_planning -- -j12 -l12
[0.070s] [35m[1mConsolidate compiler generated dependencies of target my_motion_planner[0m
[0.092s] [ 50%] [32mBuilding CXX object CMakeFiles/my_motion_planner.dir/src/mp.cpp.o[0m
[2.736s] [01m[K/root/ros2_ws/src/mp.cpp:[m[K In function â€˜[01m[Kbool isStateValid(const ompl::base::State*)[m[Kâ€™:
[2.736s] [01m[K/root/ros2_ws/src/mp.cpp:29:16:[m[K [01;35m[Kwarning: [m[Kunused variable â€˜[01m[Ktheta[m[Kâ€™ [[01;35m[K]8;;https://gcc.gnu.org/onlinedocs/gcc/Warning-Options.html#index-Wunused-variable-Wunused-variable]8;;[m[K]
[2.737s]    29 |         double [01;35m[Ktheta[m[K = rot->value;
[2.737s]       |                [01;35m[K^~~~~[m[K
[2.737s] [01m[K/root/ros2_ws/src/mp.cpp:30:16:[m[K [01;35m[Kwarning: [m[Kunused variable â€˜[01m[Kmap_width[m[Kâ€™ [[01;35m[K]8;;https://gcc.gnu.org/onlinedocs/gcc/Warning-Options.html#index-Wunused-variable-Wunused-variable]8;;[m[K]
[2.737s]    30 |         double [01;35m[Kmap_width[m[K = 348 * 0.05; // Convert map width from pixels to meters
[2.737s]       |                [01;35m[K^~~~~~~~~[m[K
[2.737s] [01m[K/root/ros2_ws/src/mp.cpp:31:16:[m[K [01;35m[Kwarning: [m[Kunused variable â€˜[01m[Kmap_height[m[Kâ€™ [[01;35m[K]8;;https://gcc.gnu.org/onlinedocs/gcc/Warning-Options.html#index-Wunused-variable-Wunused-variable]8;;[m[K]
[2.737s]    31 |         double [01;35m[Kmap_height[m[K = 348 * 0.05; // Convert map height from pixels to meters
[2.737s]       |                [01;35m[K^~~~~~~~~~[m[K
[2.755s] [01m[K/root/ros2_ws/src/mp.cpp:[m[K In function â€˜[01m[Kint main(int, char**)[m[Kâ€™:
[2.755s] [01m[K/root/ros2_ws/src/mp.cpp:138:5:[m[K [01;31m[Kerror: [m[Kâ€˜[01m[KwaitKey[m[Kâ€™ was not declared in this scope; did you mean â€˜[01m[Kcv::waitKey[m[Kâ€™?
[2.755s]   138 |     [01;31m[KwaitKey[m[K(0);
[2.755s]       |     [01;31m[K^~~~~~~[m[K
[2.755s]       |     [32m[Kcv::waitKey[m[K
[2.755s] In file included from [01m[K/usr/local/include/opencv4/opencv2/opencv.hpp:68[m[K,
[2.755s]                  from [01m[K/root/ros2_ws/src/mp.cpp:7[m[K:
[2.755s] [01m[K/usr/local/include/opencv4/opencv2/highgui.hpp:359:18:[m[K [01;36m[Knote: [m[Kâ€˜[01m[Kcv::waitKey[m[Kâ€™ declared here
[2.755s]   359 | CV_EXPORTS_W int [01;36m[KwaitKey[m[K(int delay = 0);
[2.755s]       |                  [01;36m[K^~~~~~~[m[K
[2.755s] [01m[K/root/ros2_ws/src/mp.cpp:139:7:[m[K [01;31m[Kerror: [m[Kexpected primary-expression before â€˜[01m[K.[m[Kâ€™ token
[2.755s]   139 |     cv[01;31m[K.[m[Kims
[2.755s]       |       [01;31m[K^[m[K
[2.755s] [01m[K/root/ros2_ws/src/mp.cpp:133:12:[m[K [01;35m[Kwarning: [m[Kunused variable â€˜[01m[Kocct[m[Kâ€™ [[01;35m[K]8;;https://gcc.gnu.org/onlinedocs/gcc/Warning-Options.html#index-Wunused-variable-Wunused-variable]8;;[m[K]
[2.755s]   133 |     double [01;35m[Kocct[m[K=config["occupied_thresh"].as<double>();
[2.756s]       |            [01;35m[K^~~~[m[K
[3.650s] gmake[2]: *** [CMakeFiles/my_motion_planner.dir/build.make:76: CMakeFiles/my_motion_planner.dir/src/mp.cpp.o] Error 1
[3.650s] gmake[1]: *** [CMakeFiles/Makefile2:137: CMakeFiles/my_motion_planner.dir/all] Error 2
[3.650s] gmake: *** [Makefile:146: all] Error 2
[3.653s] Invoked command in '/root/ros2_ws/build/my_robot_motion_planning' returned '2': CMAKE_PREFIX_PATH=${CMAKE_PREFIX_PATH}:/opt/ros/humble /usr/bin/cmake --build /root/ros2_ws/build/my_robot_motion_planning -- -j12 -l12
