[0.033s] Invoking command in '/root/ros2_ws/build/my_robot_motion_planning': CMAKE_PREFIX_PATH=/opt/ros/humble /usr/bin/cmake --build /root/ros2_ws/build/my_robot_motion_planning -- -j12 -l12
[0.055s] [35m[1mConsolidate compiler generated dependencies of target my_motion_planner[0m
[0.066s] [ 50%] [32mBuilding CXX object CMakeFiles/my_motion_planner.dir/src/mp.cpp.o[0m
[1.354s] [01m[K/root/ros2_ws/src/mp.cpp:[m[K In function â€˜[01m[Kbool isStateValid(const ompl::base::State*)[m[Kâ€™:
[1.354s] [01m[K/root/ros2_ws/src/mp.cpp:39:32:[m[K [01;31m[Kerror: [m[Kâ€˜[01m[Kimage_path[m[Kâ€™ was not declared in this scope
[1.354s]    39 |     cv::Mat image = cv::imread([01;31m[Kimage_path[m[K, cv::IMREAD_GRAYSCALE);
[1.354s]       |                                [01;31m[K^~~~~~~~~~[m[K
[1.365s] [01m[K/root/ros2_ws/src/mp.cpp:38:12:[m[K [01;35m[Kwarning: [m[Kunused variable â€˜[01m[Kfrt[m[Kâ€™ [[01;35m[K]8;;https://gcc.gnu.org/onlinedocs/gcc/Warning-Options.html#index-Wunused-variable-Wunused-variable]8;;[m[K]
[1.365s]    38 |     double [01;35m[Kfrt[m[K=config["free_thresh"].as<double>();
[1.365s]       |            [01;35m[K^~~[m[K
[1.760s] gmake[2]: *** [CMakeFiles/my_motion_planner.dir/build.make:76: CMakeFiles/my_motion_planner.dir/src/mp.cpp.o] Error 1
[1.760s] gmake[1]: *** [CMakeFiles/Makefile2:137: CMakeFiles/my_motion_planner.dir/all] Error 2
[1.760s] gmake: *** [Makefile:146: all] Error 2
[1.762s] Invoked command in '/root/ros2_ws/build/my_robot_motion_planning' returned '2': CMAKE_PREFIX_PATH=/opt/ros/humble /usr/bin/cmake --build /root/ros2_ws/build/my_robot_motion_planning -- -j12 -l12
