[0.061s] Invoking command in '/root/ros2_ws/build/my_robot_motion_planning': CMAKE_PREFIX_PATH=${CMAKE_PREFIX_PATH}:/opt/ros/humble /usr/bin/cmake --build /root/ros2_ws/build/my_robot_motion_planning -- -j12 -l12
[0.120s] [ 50%] [32mBuilding CXX object CMakeFiles/my_motion_planner.dir/src/mp.cpp.o[0m
[3.854s] [01m[K/root/ros2_ws/src/mp.cpp:[m[K In function â€˜[01m[Kint main(int, char**)[m[Kâ€™:
[3.854s] [01m[K/root/ros2_ws/src/mp.cpp:237:35:[m[K [01;31m[Kerror: [m[Kâ€˜[01m[KTurtleBotStateListener[m[Kâ€™ was not declared in this scope
[3.854s]   237 |     rclcpp::spin(std::make_shared<[01;31m[KTurtleBotStateListener[m[K>());
[3.855s]       |                                   [01;31m[K^~~~~~~~~~~~~~~~~~~~~~[m[K
[3.855s] [01m[K/root/ros2_ws/src/mp.cpp:237:58:[m[K [01;31m[Kerror: [m[Kno matching function for call to â€˜[01m[Kmake_shared<<expression error> >()[m[Kâ€™
[3.855s]   237 |     rclcpp::spin([01;31m[Kstd::make_shared<TurtleBotStateListener>()[m[K);
[3.855s]       |                  [01;31m[K~~~~~~~~~~~~~~~~~~~~~~~~~~~~~~~~~~~~~~~~^~[m[K
[3.855s] In file included from [01m[K/usr/include/c++/11/memory:77[m[K,
[3.855s]                  from [01m[K/opt/ros/humble/include/builtin_interfaces/builtin_interfaces/msg/detail/time__struct.hpp:10[m[K,
[3.855s]                  from [01m[K/opt/ros/humble/include/builtin_interfaces/builtin_interfaces/msg/time.hpp:7[m[K,
[3.855s]                  from [01m[K/root/ros2_ws/src/mp.cpp:1[m[K:
[3.855s] [01m[K/usr/include/c++/11/bits/shared_ptr.h:875:5:[m[K [01;36m[Knote: [m[Kcandidate: â€˜[01m[Ktemplate<class _Tp, class ... _Args> std::shared_ptr<_Tp> std::make_shared(_Args&& ...)[m[Kâ€™
[3.855s]   875 |     [01;36m[Kmake_shared[m[K(_Args&&... __args)
[3.855s]       |     [01;36m[K^~~~~~~~~~~[m[K
[3.855s] [01m[K/usr/include/c++/11/bits/shared_ptr.h:875:5:[m[K [01;36m[Knote: [m[K  template argument deduction/substitution failed:
[3.855s] [01m[K/root/ros2_ws/src/mp.cpp:237:58:[m[K [01;31m[Kerror: [m[Ktemplate argument 1 is invalid
[3.855s]   237 |     rclcpp::spin([01;31m[Kstd::make_shared<TurtleBotStateListener>()[m[K);
[3.855s]       |                  [01;31m[K~~~~~~~~~~~~~~~~~~~~~~~~~~~~~~~~~~~~~~~~^~[m[K
[5.115s] gmake[2]: *** [CMakeFiles/my_motion_planner.dir/build.make:76: CMakeFiles/my_motion_planner.dir/src/mp.cpp.o] Error 1
[5.115s] gmake[1]: *** [CMakeFiles/Makefile2:137: CMakeFiles/my_motion_planner.dir/all] Error 2
[5.115s] gmake: *** [Makefile:146: all] Error 2
[5.117s] Invoked command in '/root/ros2_ws/build/my_robot_motion_planning' returned '2': CMAKE_PREFIX_PATH=${CMAKE_PREFIX_PATH}:/opt/ros/humble /usr/bin/cmake --build /root/ros2_ws/build/my_robot_motion_planning -- -j12 -l12
