[0.034s] Invoking command in '/root/ros2_ws/build/my_robot_motion_planning': CMAKE_PREFIX_PATH=/opt/ros/humble /usr/bin/cmake --build /root/ros2_ws/build/my_robot_motion_planning -- -j12 -l12
[0.074s] [ 50%] [32mBuilding CXX object CMakeFiles/my_motion_planner.dir/src/mp.cpp.o[0m
[0.375s] In file included from [01m[K/opt/ros/humble/include/tf2/tf2/LinearMath/Quaternion.h:21[m[K,
[0.376s]                  from [01m[K/root/ros2_ws/src/mp.cpp:13[m[K:
[0.376s] [01m[K/opt/ros/humble/include/tf2/tf2/LinearMath/Vector3.h:23:10:[m[K [01;31m[Kfatal error: [m[Ktf2/visibility_control.h: No such file or directory
[0.376s]    23 | #include [01;31m[K"tf2/visibility_control.h"[m[K
[0.376s]       |          [01;31m[K^~~~~~~~~~~~~~~~~~~~~~~~~~[m[K
[0.376s] compilation terminated.
[0.388s] gmake[2]: *** [CMakeFiles/my_motion_planner.dir/build.make:76: CMakeFiles/my_motion_planner.dir/src/mp.cpp.o] Error 1
[0.389s] gmake[1]: *** [CMakeFiles/Makefile2:137: CMakeFiles/my_motion_planner.dir/all] Error 2
[0.389s] gmake: *** [Makefile:146: all] Error 2
[0.390s] Invoked command in '/root/ros2_ws/build/my_robot_motion_planning' returned '2': CMAKE_PREFIX_PATH=/opt/ros/humble /usr/bin/cmake --build /root/ros2_ws/build/my_robot_motion_planning -- -j12 -l12
