[35m[1mConsolidate compiler generated dependencies of target my_motion_planner[0m
[ 50%] [32mBuilding CXX object CMakeFiles/my_motion_planner.dir/src/mp.cpp.o[0m
[01m[K/root/ros2_ws/src/mp.cpp:[m[K In function â€˜[01m[Kvoid plan(const SharedPtr&)[m[Kâ€™:
[01m[K/root/ros2_ws/src/mp.cpp:96:26:[m[K [01;31m[Kerror: [m[Kexpected â€˜[01m[K;[m[Kâ€™ before â€˜[01m[Kauto[m[Kâ€™
   96 |         goal[3] =0.032868
      |                          [01;31m[K^[m[K
      |                          [32m[K;[m[K
   97 |     [32m[Kauto[m[K pdef(std::make_shared<ob::ProblemDefinition>(si));
      |     [32m[K~~~~[m[K                  
[01m[K/root/ros2_ws/src/mp.cpp:98:5:[m[K [01;31m[Kerror: [m[Kâ€˜[01m[Kpdef[m[Kâ€™ was not declared in this scope
   98 |     [01;31m[Kpdef[m[K->setStartAndGoalStates(start, goal);
      |     [01;31m[K^~~~[m[K
[01m[K/root/ros2_ws/src/mp.cpp:108:75:[m[K [01;31m[Kerror: [m[Kexpected primary-expression before â€˜[01m[K>[m[Kâ€™ token
  108 |    auto solution_path = pdef->getSolutionPath()->as<og::PathGeometric[01;31m[K>[m[K();
      |                                                                      [01;31m[K^[m[K

[01m[K/root/ros2_ws/src/mp.cpp:108:77:[m[K [01;31m[Kerror: [m[Kexpected primary-expression before â€˜[01m[K)[m[Kâ€™ token
  108 |    auto solution_path = pdef->getSolutionPath()->as<og::PathGeometric>([01;31m[K)[m[K;
      |                                                                        [01;31m[K^[m[K

gmake[2]: *** [CMakeFiles/my_motion_planner.dir/build.make:76: CMakeFiles/my_motion_planner.dir/src/mp.cpp.o] Error 1
gmake[1]: *** [CMakeFiles/Makefile2:137: CMakeFiles/my_motion_planner.dir/all] Error 2
gmake: *** [Makefile:146: all] Error 2
