[0.040s] Invoking command in '/root/ros2_ws/build/my_robot_motion_planning': CMAKE_PREFIX_PATH=${CMAKE_PREFIX_PATH}:/opt/ros/humble /usr/bin/cmake --build /root/ros2_ws/build/my_robot_motion_planning -- -j12 -l12
[0.086s] [35m[1mConsolidate compiler generated dependencies of target my_motion_planner[0m
[0.104s] [ 50%] [32mBuilding CXX object CMakeFiles/my_motion_planner.dir/src/mp.cpp.o[0m
[2.878s] [01m[K/root/ros2_ws/src/mp.cpp:[m[K In function â€˜[01m[Kvoid plan(const SharedPtr&)[m[Kâ€™:
[2.878s] [01m[K/root/ros2_ws/src/mp.cpp:96:26:[m[K [01;31m[Kerror: [m[Kexpected â€˜[01m[K;[m[Kâ€™ before â€˜[01m[Kauto[m[Kâ€™
[2.878s]    96 |         goal[3] =0.032868
[2.878s]       |                          [01;31m[K^[m[K
[2.878s]       |                          [32m[K;[m[K
[2.878s]    97 |     [32m[Kauto[m[K pdef(std::make_shared<ob::ProblemDefinition>(si));
[2.878s]       |     [32m[K~~~~[m[K                  
[2.881s] [01m[K/root/ros2_ws/src/mp.cpp:98:5:[m[K [01;31m[Kerror: [m[Kâ€˜[01m[Kpdef[m[Kâ€™ was not declared in this scope
[2.881s]    98 |     [01;31m[Kpdef[m[K->setStartAndGoalStates(start, goal);
[2.881s]       |     [01;31m[K^~~~[m[K
[2.883s] [01m[K/root/ros2_ws/src/mp.cpp:108:75:[m[K [01;31m[Kerror: [m[Kexpected primary-expression before â€˜[01m[K>[m[Kâ€™ token
[2.884s]   108 |    auto solution_path = pdef->getSolutionPath()->as<og::PathGeometric[01;31m[K>[m[K();
[2.884s]       |                                                                      [01;31m[K^[m[K
[2.884s] 
[2.884s] [01m[K/root/ros2_ws/src/mp.cpp:108:77:[m[K [01;31m[Kerror: [m[Kexpected primary-expression before â€˜[01m[K)[m[Kâ€™ token
[2.884s]   108 |    auto solution_path = pdef->getSolutionPath()->as<og::PathGeometric>([01;31m[K)[m[K;
[2.884s]       |                                                                        [01;31m[K^[m[K
[2.884s] 
[3.810s] gmake[2]: *** [CMakeFiles/my_motion_planner.dir/build.make:76: CMakeFiles/my_motion_planner.dir/src/mp.cpp.o] Error 1
[3.811s] gmake[1]: *** [CMakeFiles/Makefile2:137: CMakeFiles/my_motion_planner.dir/all] Error 2
[3.811s] gmake: *** [Makefile:146: all] Error 2
[3.812s] Invoked command in '/root/ros2_ws/build/my_robot_motion_planning' returned '2': CMAKE_PREFIX_PATH=${CMAKE_PREFIX_PATH}:/opt/ros/humble /usr/bin/cmake --build /root/ros2_ws/build/my_robot_motion_planning -- -j12 -l12
