-- The C compiler identification is GNU 11.4.0
-- The CXX compiler identification is GNU 11.4.0
-- Detecting C compiler ABI info
-- Detecting C compiler ABI info - done
-- Check for working C compiler: /usr/bin/cc - skipped
-- Detecting C compile features
-- Detecting C compile features - done
-- Detecting CXX compiler ABI info
-- Detecting CXX compiler ABI info - done
-- Check for working CXX compiler: /usr/bin/c++ - skipped
-- Detecting CXX compile features
-- Detecting CXX compile features - done
-- Found ament_cmake: 1.3.6 (/opt/ros/humble/share/ament_cmake/cmake)
-- Found Python3: /usr/bin/python3.10 (found version "3.10.12") found components: Interpreter 
-- Found nav2_common: 1.1.12 (/opt/ros/humble/share/nav2_common/cmake)
-- Found rclcpp: 16.0.7 (/opt/ros/humble/share/rclcpp/cmake)
-- Found rosidl_generator_c: 3.1.5 (/opt/ros/humble/share/rosidl_generator_c/cmake)
-- Found rosidl_adapter: 3.1.5 (/opt/ros/humble/share/rosidl_adapter/cmake)
-- Found rosidl_generator_cpp: 3.1.5 (/opt/ros/humble/share/rosidl_generator_cpp/cmake)
-- Using all available rosidl_typesupport_c: rosidl_typesupport_fastrtps_c;rosidl_typesupport_introspection_c
-- Using all available rosidl_typesupport_cpp: rosidl_typesupport_fastrtps_cpp;rosidl_typesupport_introspection_cpp
-- Found rmw_implementation_cmake: 6.1.1 (/opt/ros/humble/share/rmw_implementation_cmake/cmake)
-- Found rmw_fastrtps_cpp: 6.2.5 (/opt/ros/humble/share/rmw_fastrtps_cpp/cmake)
-- Found OpenSSL: /usr/lib/x86_64-linux-gnu/libcrypto.so (found version "3.0.2")  
-- Found FastRTPS: /opt/ros/humble/include  
-- Using RMW implementation 'rmw_fastrtps_cpp' as default
-- Looking for pthread.h
-- Looking for pthread.h - found
-- Performing Test CMAKE_HAVE_LIBC_PTHREAD
-- Performing Test CMAKE_HAVE_LIBC_PTHREAD - Success
-- Found Threads: TRUE  
-- Found rclcpp_lifecycle: 16.0.7 (/opt/ros/humble/share/rclcpp_lifecycle/cmake)
-- Found rclcpp_components: 16.0.7 (/opt/ros/humble/share/rclcpp_components/cmake)
-- Found nav_msgs: 4.2.3 (/opt/ros/humble/share/nav_msgs/cmake)
-- Found nav2_msgs: 1.1.12 (/opt/ros/humble/share/nav2_msgs/cmake)
-- Found yaml_cpp_vendor: 8.0.2 (/opt/ros/humble/share/yaml_cpp_vendor/cmake)
-- Found tf2: 0.25.5 (/opt/ros/humble/share/tf2/cmake)
-- Found nav2_util: 1.1.12 (/opt/ros/humble/share/nav2_util/cmake)
-- Found eigen3_cmake_module: 0.1.1 (/opt/ros/humble/share/eigen3_cmake_module/cmake)
-- Found Eigen3: TRUE (found version "3.4.0") 
-- Ensuring Eigen3 include directory is part of orocos-kdl CMake target
-- Found GRAPHICSMAGICKCPP: /usr/include/GraphicsMagick  
-- Setting build type to Release as none was specified.
-- Found ament_lint_auto: 0.12.9 (/opt/ros/humble/share/ament_lint_auto/cmake)
-- Found gtest sources under '/opt/ros/humble/src/gtest_vendor': C++ tests using 'Google Test' will be built
-- Found gtest sources under '/opt/ros/humble/src/gtest_vendor': C++ tests using 'Google Test' will be built
-- Found gtest sources under '/opt/ros/humble/src/gtest_vendor': C++ tests using 'Google Test' will be built
-- Added test 'cppcheck' to perform static code analysis on C / C++ code
-- Configured cppcheck include dirs: /root/Downloads/navigation2-main/nav2_map_server/include
-- Configured cppcheck exclude dirs and/or files: 
-- Added test 'cpplint' to check C / C++ code against the Google style
-- Configured cpplint exclude dirs and/or files: 
-- Added test 'flake8' to check Python code syntax and style conventions
-- Added test 'lint_cmake' to check CMake code style
-- Added test 'pep257' to check Python code against some of the docstring style conventions in PEP 257
-- Added test 'uncrustify' to check C / C++ code style
-- Configured uncrustify additional arguments: 
-- Added test 'xmllint' to check XML markup files
-- Configuring done
-- Generating done
-- Build files have been written to: /root/Downloads/navigation2-main/nav2_map_server/build/nav2_map_server
[  8%] [32mBuilding CXX object CMakeFiles/map_io.dir/src/map_mode.cpp.o[0m
[  8%] [32mBuilding CXX object gtest/CMakeFiles/gtest_main.dir/src/gtest_main.cc.o[0m
[  8%] [32mBuilding CXX object gtest/CMakeFiles/gtest.dir/src/gtest-all.cc.o[0m
[ 11%] [32mBuilding CXX object CMakeFiles/map_io.dir/src/map_io.cpp.o[0m
[ 13%] [32m[1mLinking CXX static library libgtest_main.a[0m
[ 13%] Built target gtest_main
[ 16%] [32m[1mLinking CXX shared library libmap_io.so[0m
[ 16%] Built target map_io
[ 25%] [32mBuilding CXX object test/component/CMakeFiles/test_map_saver_publisher.dir/__/test_constants.cpp.o[0m
[ 25%] [32mBuilding CXX object test/component/CMakeFiles/test_map_saver_publisher.dir/test_map_saver_publisher.cpp.o[0m
[ 25%] [32mBuilding CXX object CMakeFiles/map_server_core.dir/src/map_server/map_server.cpp.o[0m
[ 27%] [32mBuilding CXX object CMakeFiles/map_server_core.dir/src/map_saver/map_saver.cpp.o[0m
[ 30%] [32mBuilding CXX object CMakeFiles/map_server_core.dir/src/costmap_filter_info/costmap_filter_info_server.cpp.o[0m
In file included from [01m[K/usr/include/c++/11/ctime:42[m[K,
                 from [01m[K/usr/include/c++/11/chrono:42[m[K,
                 from [01m[K/usr/include/c++/11/mutex:39[m[K,
                 from [01m[K/usr/include/c++/11/future:38[m[K,
                 from [01m[K/opt/ros/humble/include/rclcpp/rclcpp/executors.hpp:18[m[K,
                 from [01m[K/opt/ros/humble/include/rclcpp/rclcpp/rclcpp.hpp:155[m[K,
                 from [01m[K/root/Downloads/navigation2-main/nav2_map_server/include/nav2_map_server/costmap_filter_info_server.hpp:20[m[K,
                 from [01m[K/root/Downloads/navigation2-main/nav2_map_server/src/costmap_filter_info/costmap_filter_info_server.cpp:18[m[K:
[01m[K/opt/ros/humble/include/tf2/time.h:40:23:[m[K [01;31m[Kerror: [m[Kâ€˜[01m[Kchrono[m[Kâ€™ in namespace â€˜[01m[Kstd[m[Kâ€™ does not name a type
   40 | using Duration = std::[01;31m[Kchrono[m[K::nanoseconds;
      |                       [01;31m[K^~~~~~[m[K
[01m[K/opt/ros/humble/include/tf2/time.h:41:24:[m[K [01;31m[Kerror: [m[Kâ€˜[01m[Kchrono[m[Kâ€™ in namespace â€˜[01m[Kstd[m[Kâ€™ does not name a type
   41 | using TimePoint = std::[01;31m[Kchrono[m[K::time_point<std::chrono::system_clock, Duration>;
      |                        [01;31m[K^~~~~~[m[K
[01m[K/opt/ros/humble/include/tf2/time.h:43:24:[m[K [01;31m[Kerror: [m[Kâ€˜[01m[Kchrono[m[Kâ€™ in namespace â€˜[01m[Kstd[m[Kâ€™ does not name a type
   43 | using IDuration = std::[01;31m[Kchrono[m[K::duration<int, std::nano>;
      |                        [01;31m[K^~~~~~[m[K
[01m[K/opt/ros/humble/include/tf2/time.h:45:14:[m[K [01;31m[Kerror: [m[Kâ€˜[01m[KTimePoint[m[Kâ€™ does not name a type
   45 | static const [01;31m[KTimePoint[m[K TimePointZero = TimePoint(IDuration::zero());
      |              [01;31m[K^~~~~~~~~[m[K
[01m[K/opt/ros/humble/include/tf2/time.h:48:1:[m[K [01;31m[Kerror: [m[Kâ€˜[01m[KTimePoint[m[Kâ€™ does not name a type
   48 | [01;31m[KTimePoint[m[K get_now();
      | [01;31m[K^~~~~~~~~[m[K
[01m[K/opt/ros/humble/include/tf2/time.h:51:1:[m[K [01;31m[Kerror: [m[Kâ€˜[01m[KDuration[m[Kâ€™ does not name a type
   51 | [01;31m[KDuration[m[K durationFromSec(double t_sec);
      | [01;31m[K^~~~~~~~[m[K
[01m[K/opt/ros/humble/include/tf2/time.h:54:1:[m[K [01;31m[Kerror: [m[Kâ€˜[01m[KTimePoint[m[Kâ€™ does not name a type
   54 | [01;31m[KTimePoint[m[K timeFromSec(double t_sec);
      | [01;31m[K^~~~~~~~~[m[K
[01m[K/opt/ros/humble/include/tf2/time.h:57:33:[m[K [01;31m[Kerror: [m[Kâ€˜[01m[KDuration[m[Kâ€™ in namespace â€˜[01m[Ktf2[m[Kâ€™ does not name a type
   57 | double durationToSec(const tf2::[01;31m[KDuration[m[K & input);
      |                                 [01;31m[K^~~~~~~~[m[K
[01m[K/opt/ros/humble/include/tf2/time.h:60:24:[m[K [01;31m[Kerror: [m[Kâ€˜[01m[KTimePoint[m[Kâ€™ does not name a type
   60 | double timeToSec(const [01;31m[KTimePoint[m[K & timepoint);
      |                        [01;31m[K^~~~~~~~~[m[K
[01m[K/opt/ros/humble/include/tf2/time.h:63:36:[m[K [01;31m[Kerror: [m[Kâ€˜[01m[KTimePoint[m[Kâ€™ does not name a type
   63 | std::string displayTimePoint(const [01;31m[KTimePoint[m[K & stamp);
      |                                    [01;31m[K^~~~~~~~~[m[K
In file included from [01m[K/usr/include/c++/11/ctime:42[m[K,
                 from [01m[K/usr/include/c++/11/chrono:42[m[K,
                 from [01m[K/usr/include/c++/11/mutex:39[m[K,
                 from [01m[K/usr/include/c++/11/future:38[m[K,
                 from [01m[K/opt/ros/humble/include/rclcpp/rclcpp/executors.hpp:18[m[K,
                 from [01m[K/opt/ros/humble/include/rclcpp/rclcpp/rclcpp.hpp:155[m[K,
                 from [01m[K/root/Downloads/navigation2-main/nav2_map_server/include/nav2_map_server/map_saver.hpp:22[m[K,
                 from [01m[K/root/Downloads/navigation2-main/nav2_map_server/src/map_saver/map_saver.cpp:32[m[K:
[01m[K/opt/ros/humble/include/tf2/time.h:40:23:[m[K [01;31m[Kerror: [m[Kâ€˜[01m[Kchrono[m[Kâ€™ in namespace â€˜[01m[Kstd[m[Kâ€™ does not name a type
   40 | using Duration = std::[01;31m[Kchrono[m[K::nanoseconds;
      |                       [01;31m[K^~~~~~[m[K
[01m[K/opt/ros/humble/include/tf2/time.h:41:24:[m[K [01;31m[Kerror: [m[Kâ€˜[01m[Kchrono[m[Kâ€™ in namespace â€˜[01m[Kstd[m[Kâ€™ does not name a type
   41 | using TimePoint = std::[01;31m[Kchrono[m[K::time_point<std::chrono::system_clock, Duration>;
      |                        [01;31m[K^~~~~~[m[K
[01m[K/opt/ros/humble/include/tf2/time.h:43:24:[m[K [01;31m[Kerror: [m[Kâ€˜[01m[Kchrono[m[Kâ€™ in namespace â€˜[01m[Kstd[m[Kâ€™ does not name a type
   43 | using IDuration = std::[01;31m[Kchrono[m[K::duration<int, std::nano>;
      |                        [01;31m[K^~~~~~[m[K
[01m[K/opt/ros/humble/include/tf2/time.h:45:14:[m[K [01;31m[Kerror: [m[Kâ€˜[01m[KTimePoint[m[Kâ€™ does not name a type
   45 | static const [01;31m[KTimePoint[m[K TimePointZero = TimePoint(IDuration::zero());
      |              [01;31m[K^~~~~~~~~[m[K
[01m[K/opt/ros/humble/include/tf2/time.h:48:1:[m[K [01;31m[Kerror: [m[Kâ€˜[01m[KTimePoint[m[Kâ€™ does not name a type
   48 | [01;31m[KTimePoint[m[K get_now();
      | [01;31m[K^~~~~~~~~[m[K
[01m[K/opt/ros/humble/include/tf2/time.h:51:1:[m[K [01;31m[Kerror: [m[Kâ€˜[01m[KDuration[m[Kâ€™ does not name a type
   51 | [01;31m[KDuration[m[K durationFromSec(double t_sec);
      | [01;31m[K^~~~~~~~[m[K
[01m[K/opt/ros/humble/include/tf2/time.h:54:1:[m[K [01;31m[Kerror: [m[Kâ€˜[01m[KTimePoint[m[Kâ€™ does not name a type
   54 | [01;31m[KTimePoint[m[K timeFromSec(double t_sec);
      | [01;31m[K^~~~~~~~~[m[K
[01m[K/opt/ros/humble/include/tf2/time.h:57:33:[m[K [01;31m[Kerror: [m[Kâ€˜[01m[KDuration[m[Kâ€™ in namespace â€˜[01m[Ktf2[m[Kâ€™ does not name a type
   57 | double durationToSec(const tf2::[01;31m[KDuration[m[K & input);
      |                                 [01;31m[K^~~~~~~~[m[K
[01m[K/opt/ros/humble/include/tf2/time.h:60:24:[m[K [01;31m[Kerror: [m[Kâ€˜[01m[KTimePoint[m[Kâ€™ does not name a type
   60 | double timeToSec(const [01;31m[KTimePoint[m[K & timepoint);
      |                        [01;31m[K^~~~~~~~~[m[K
[01m[K/opt/ros/humble/include/tf2/time.h:63:36:[m[K [01;31m[Kerror: [m[Kâ€˜[01m[KTimePoint[m[Kâ€™ does not name a type
   63 | std::string displayTimePoint(const [01;31m[KTimePoint[m[K & stamp);
      |                                    [01;31m[K^~~~~~~~~[m[K
In file included from [01m[K/usr/include/c++/11/ctime:42[m[K,
                 from [01m[K/usr/include/c++/11/chrono:42[m[K,
                 from [01m[K/usr/include/c++/11/mutex:39[m[K,
                 from [01m[K/usr/include/c++/11/future:38[m[K,
                 from [01m[K/opt/ros/humble/include/rclcpp/rclcpp/executors.hpp:18[m[K,
                 from [01m[K/opt/ros/humble/include/rclcpp/rclcpp/rclcpp.hpp:155[m[K,
                 from [01m[K/root/Downloads/navigation2-main/nav2_map_server/include/nav2_map_server/map_server.hpp:22[m[K,
                 from [01m[K/root/Downloads/navigation2-main/nav2_map_server/src/map_server/map_server.cpp:47[m[K:
[01m[K/opt/ros/humble/include/tf2/time.h:40:23:[m[K [01;31m[Kerror: [m[Kâ€˜[01m[Kchrono[m[Kâ€™ in namespace â€˜[01m[Kstd[m[Kâ€™ does not name a type
   40 | using Duration = std::[01;31m[Kchrono[m[K::nanoseconds;
      |                       [01;31m[K^~~~~~[m[K
[01m[K/opt/ros/humble/include/tf2/time.h:41:24:[m[K [01;31m[Kerror: [m[Kâ€˜[01m[Kchrono[m[Kâ€™ in namespace â€˜[01m[Kstd[m[Kâ€™ does not name a type
   41 | using TimePoint = std::[01;31m[Kchrono[m[K::time_point<std::chrono::system_clock, Duration>;
      |                        [01;31m[K^~~~~~[m[K
[01m[K/opt/ros/humble/include/tf2/time.h:43:24:[m[K [01;31m[Kerror: [m[Kâ€˜[01m[Kchrono[m[Kâ€™ in namespace â€˜[01m[Kstd[m[Kâ€™ does not name a type
   43 | using IDuration = std::[01;31m[Kchrono[m[K::duration<int, std::nano>;
      |                        [01;31m[K^~~~~~[m[K
[01m[K/opt/ros/humble/include/tf2/time.h:45:14:[m[K [01;31m[Kerror: [m[Kâ€˜[01m[KTimePoint[m[Kâ€™ does not name a type
   45 | static const [01;31m[KTimePoint[m[K TimePointZero = TimePoint(IDuration::zero());
      |              [01;31m[K^~~~~~~~~[m[K
In file included from [01m[K/usr/include/c++/11/ctime:42[m[K,
                 from [01m[K/usr/include/c++/11/chrono:42[m[K,
                 from [01m[K/usr/include/c++/11/bits/fs_fwd.h:37[m[K,
                 from [01m[K/usr/include/c++/11/filesystem:44[m[K,
                 from [01m[K/root/Downloads/navigation2-main/nav2_map_server/test/component/test_map_saver_publisher.cpp:15[m[K:
[01m[K/opt/ros/humble/include/tf2/time.h:40:23:[m[K [01;31m[Kerror: [m[Kâ€˜[01m[Kchrono[m[Kâ€™ in namespace â€˜[01m[Kstd[m[Kâ€™ does not name a type
   40 | using Duration = std::[01;31m[Kchrono[m[K::nanoseconds;
      |                       [01;31m[K^~~~~~[m[K
[01m[K/opt/ros/humble/include/tf2/time.h:48:1:[m[K [01;31m[Kerror: [m[Kâ€˜[01m[KTimePoint[m[Kâ€™ does not name a type
   48 | [01;31m[KTimePoint[m[K get_now();
      | [01;31m[K^~~~~~~~~[m[K
[01m[K/opt/ros/humble/include/tf2/time.h:41:24:[m[K [01;31m[Kerror: [m[Kâ€˜[01m[Kchrono[m[Kâ€™ in namespace â€˜[01m[Kstd[m[Kâ€™ does not name a type
   41 | using TimePoint = std::[01;31m[Kchrono[m[K::time_point<std::chrono::system_clock, Duration>;
      |                        [01;31m[K^~~~~~[m[K
[01m[K/opt/ros/humble/include/tf2/time.h:51:1:[m[K [01;31m[Kerror: [m[Kâ€˜[01m[KDuration[m[Kâ€™ does not name a type
   51 | [01;31m[KDuration[m[K durationFromSec(double t_sec);
      | [01;31m[K^~~~~~~~[m[K
[01m[K/opt/ros/humble/include/tf2/time.h:43:24:[m[K [01;31m[Kerror: [m[Kâ€˜[01m[Kchrono[m[Kâ€™ in namespace â€˜[01m[Kstd[m[Kâ€™ does not name a type
   43 | using IDuration = std::[01;31m[Kchrono[m[K::duration<int, std::nano>;
      |                        [01;31m[K^~~~~~[m[K
[01m[K/opt/ros/humble/include/tf2/time.h:54:1:[m[K [01;31m[Kerror: [m[Kâ€˜[01m[KTimePoint[m[Kâ€™ does not name a type
   54 | [01;31m[KTimePoint[m[K timeFromSec(double t_sec);
      | [01;31m[K^~~~~~~~~[m[K
[01m[K/opt/ros/humble/include/tf2/time.h:57:33:[m[K [01;31m[Kerror: [m[Kâ€˜[01m[KDuration[m[Kâ€™ in namespace â€˜[01m[Ktf2[m[Kâ€™ does not name a type
   57 | double durationToSec(const tf2::[01;31m[KDuration[m[K & input);
      |                                 [01;31m[K^~~~~~~~[m[K
[01m[K/opt/ros/humble/include/tf2/time.h:45:14:[m[K [01;31m[Kerror: [m[Kâ€˜[01m[KTimePoint[m[Kâ€™ does not name a type
   45 | static const [01;31m[KTimePoint[m[K TimePointZero = TimePoint(IDuration::zero());
      |              [01;31m[K^~~~~~~~~[m[K
[01m[K/opt/ros/humble/include/tf2/time.h:60:24:[m[K [01;31m[Kerror: [m[Kâ€˜[01m[KTimePoint[m[Kâ€™ does not name a type
   60 | double timeToSec(const [01;31m[KTimePoint[m[K & timepoint);
      |                        [01;31m[K^~~~~~~~~[m[K
[01m[K/opt/ros/humble/include/tf2/time.h:63:36:[m[K [01;31m[Kerror: [m[Kâ€˜[01m[KTimePoint[m[Kâ€™ does not name a type
   63 | std::string displayTimePoint(const [01;31m[KTimePoint[m[K & stamp);
      |                                    [01;31m[K^~~~~~~~~[m[K
[01m[K/opt/ros/humble/include/tf2/time.h:48:1:[m[K [01;31m[Kerror: [m[Kâ€˜[01m[KTimePoint[m[Kâ€™ does not name a type
   48 | [01;31m[KTimePoint[m[K get_now();
      | [01;31m[K^~~~~~~~~[m[K
[01m[K/opt/ros/humble/include/tf2/time.h:51:1:[m[K [01;31m[Kerror: [m[Kâ€˜[01m[KDuration[m[Kâ€™ does not name a type
   51 | [01;31m[KDuration[m[K durationFromSec(double t_sec);
      | [01;31m[K^~~~~~~~[m[K
[01m[K/opt/ros/humble/include/tf2/time.h:54:1:[m[K [01;31m[Kerror: [m[Kâ€˜[01m[KTimePoint[m[Kâ€™ does not name a type
   54 | [01;31m[KTimePoint[m[K timeFromSec(double t_sec);
      | [01;31m[K^~~~~~~~~[m[K
[01m[K/opt/ros/humble/include/tf2/time.h:57:33:[m[K [01;31m[Kerror: [m[Kâ€˜[01m[KDuration[m[Kâ€™ in namespace â€˜[01m[Ktf2[m[Kâ€™ does not name a type
   57 | double durationToSec(const tf2::[01;31m[KDuration[m[K & input);
      |                                 [01;31m[K^~~~~~~~[m[K
[01m[K/opt/ros/humble/include/tf2/time.h:60:24:[m[K [01;31m[Kerror: [m[Kâ€˜[01m[KTimePoint[m[Kâ€™ does not name a type
   60 | double timeToSec(const [01;31m[KTimePoint[m[K & timepoint);
      |                        [01;31m[K^~~~~~~~~[m[K
[01m[K/opt/ros/humble/include/tf2/time.h:63:36:[m[K [01;31m[Kerror: [m[Kâ€˜[01m[KTimePoint[m[Kâ€™ does not name a type
   63 | std::string displayTimePoint(const [01;31m[KTimePoint[m[K & stamp);
      |                                    [01;31m[K^~~~~~~~~[m[K
[ 33%] [32m[1mLinking CXX static library libgtest.a[0m
[ 33%] Built target gtest
[ 36%] [32mBuilding CXX object test/unit/CMakeFiles/test_map_io.dir/test_map_io.cpp.o[0m
[ 38%] [32mBuilding CXX object test/unit/CMakeFiles/test_map_io.dir/__/test_constants.cpp.o[0m
[ 44%] [32mBuilding CXX object test/map_saver_cli/CMakeFiles/test_map_saver_cli.dir/test_map_saver_cli.cpp.o[0m
[ 44%] [32mBuilding CXX object test/map_saver_cli/CMakeFiles/test_map_saver_cli.dir/__/test_constants.cpp.o[0m
gmake[2]: *** [CMakeFiles/map_server_core.dir/build.make:104: CMakeFiles/map_server_core.dir/src/costmap_filter_info/costmap_filter_info_server.cpp.o] Error 1
gmake[2]: *** Waiting for unfinished jobs....
gmake[2]: *** [test/component/CMakeFiles/test_map_saver_publisher.dir/build.make:76: test/component/CMakeFiles/test_map_saver_publisher.dir/test_map_saver_publisher.cpp.o] Error 1
gmake[1]: *** [CMakeFiles/Makefile2:566: test/component/CMakeFiles/test_map_saver_publisher.dir/all] Error 2
gmake[1]: *** Waiting for unfinished jobs....
gmake[2]: *** [CMakeFiles/map_server_core.dir/build.make:76: CMakeFiles/map_server_core.dir/src/map_server/map_server.cpp.o] Error 1
gmake[2]: *** [CMakeFiles/map_server_core.dir/build.make:90: CMakeFiles/map_server_core.dir/src/map_saver/map_saver.cpp.o] Error 1
gmake[1]: *** [CMakeFiles/Makefile2:373: CMakeFiles/map_server_core.dir/all] Error 2
[ 47%] [32m[1mLinking CXX executable test_map_io[0m
[ 47%] Built target test_map_io
[ 50%] [32m[1mLinking CXX executable test_map_saver_cli[0m
[ 50%] Built target test_map_saver_cli
gmake: *** [Makefile:146: all] Error 2
