[0.029s] Invoking command in '/root/Downloads/navigation2-main/nav2_map_server/build/nav2_map_server': CMAKE_PREFIX_PATH=/opt/ros/humble /usr/bin/cmake /root/Downloads/navigation2-main/nav2_map_server -DCMAKE_INSTALL_PREFIX=/root/Downloads/navigation2-main/nav2_map_server/install/nav2_map_server
[0.059s] -- The C compiler identification is GNU 11.4.0
[0.092s] -- The CXX compiler identification is GNU 11.4.0
[0.096s] -- Detecting C compiler ABI info
[0.137s] -- Detecting C compiler ABI info - done
[0.142s] -- Check for working C compiler: /usr/bin/cc - skipped
[0.142s] -- Detecting C compile features
[0.143s] -- Detecting C compile features - done
[0.144s] -- Detecting CXX compiler ABI info
[0.191s] -- Detecting CXX compiler ABI info - done
[0.195s] -- Check for working CXX compiler: /usr/bin/c++ - skipped
[0.195s] -- Detecting CXX compile features
[0.195s] -- Detecting CXX compile features - done
[0.197s] -- Found ament_cmake: 1.3.6 (/opt/ros/humble/share/ament_cmake/cmake)
[0.296s] -- Found Python3: /usr/bin/python3.10 (found version "3.10.12") found components: Interpreter 
[0.357s] -- Found nav2_common: 1.1.12 (/opt/ros/humble/share/nav2_common/cmake)
[0.361s] -- Found rclcpp: 16.0.7 (/opt/ros/humble/share/rclcpp/cmake)
[0.385s] -- Found rosidl_generator_c: 3.1.5 (/opt/ros/humble/share/rosidl_generator_c/cmake)
[0.388s] -- Found rosidl_adapter: 3.1.5 (/opt/ros/humble/share/rosidl_adapter/cmake)
[0.392s] -- Found rosidl_generator_cpp: 3.1.5 (/opt/ros/humble/share/rosidl_generator_cpp/cmake)
[0.400s] -- Using all available rosidl_typesupport_c: rosidl_typesupport_fastrtps_c;rosidl_typesupport_introspection_c
[0.411s] -- Using all available rosidl_typesupport_cpp: rosidl_typesupport_fastrtps_cpp;rosidl_typesupport_introspection_cpp
[0.451s] -- Found rmw_implementation_cmake: 6.1.1 (/opt/ros/humble/share/rmw_implementation_cmake/cmake)
[0.452s] -- Found rmw_fastrtps_cpp: 6.2.5 (/opt/ros/humble/share/rmw_fastrtps_cpp/cmake)
[0.508s] -- Found OpenSSL: /usr/lib/x86_64-linux-gnu/libcrypto.so (found version "3.0.2")  
[0.524s] -- Found FastRTPS: /opt/ros/humble/include  
[0.553s] -- Using RMW implementation 'rmw_fastrtps_cpp' as default
[0.559s] -- Looking for pthread.h
[0.600s] -- Looking for pthread.h - found
[0.600s] -- Performing Test CMAKE_HAVE_LIBC_PTHREAD
[0.643s] -- Performing Test CMAKE_HAVE_LIBC_PTHREAD - Success
[0.643s] -- Found Threads: TRUE  
[0.746s] -- Found rclcpp_lifecycle: 16.0.7 (/opt/ros/humble/share/rclcpp_lifecycle/cmake)
[0.776s] -- Found rclcpp_components: 16.0.7 (/opt/ros/humble/share/rclcpp_components/cmake)
[0.819s] -- Found nav_msgs: 4.2.3 (/opt/ros/humble/share/nav_msgs/cmake)
[0.894s] -- Found nav2_msgs: 1.1.12 (/opt/ros/humble/share/nav2_msgs/cmake)
[1.023s] -- Found yaml_cpp_vendor: 8.0.2 (/opt/ros/humble/share/yaml_cpp_vendor/cmake)
[1.026s] -- Found tf2: 0.25.5 (/opt/ros/humble/share/tf2/cmake)
[1.032s] -- Found nav2_util: 1.1.12 (/opt/ros/humble/share/nav2_util/cmake)
[1.177s] -- Found eigen3_cmake_module: 0.1.1 (/opt/ros/humble/share/eigen3_cmake_module/cmake)
[1.178s] -- Found Eigen3: TRUE (found version "3.4.0") 
[1.178s] -- Ensuring Eigen3 include directory is part of orocos-kdl CMake target
[1.293s] -- Found GRAPHICSMAGICKCPP: /usr/include/GraphicsMagick  
[1.293s] -- Setting build type to Release as none was specified.
[2.901s] -- Found ament_lint_auto: 0.12.9 (/opt/ros/humble/share/ament_lint_auto/cmake)
[2.969s] -- Found gtest sources under '/opt/ros/humble/src/gtest_vendor': C++ tests using 'Google Test' will be built
[2.973s] -- Found gtest sources under '/opt/ros/humble/src/gtest_vendor': C++ tests using 'Google Test' will be built
[2.977s] -- Found gtest sources under '/opt/ros/humble/src/gtest_vendor': C++ tests using 'Google Test' will be built
[2.983s] -- Added test 'cppcheck' to perform static code analysis on C / C++ code
[2.984s] -- Configured cppcheck include dirs: /root/Downloads/navigation2-main/nav2_map_server/include
[2.984s] -- Configured cppcheck exclude dirs and/or files: 
[2.987s] -- Added test 'cpplint' to check C / C++ code against the Google style
[2.987s] -- Configured cpplint exclude dirs and/or files: 
[2.987s] -- Added test 'flake8' to check Python code syntax and style conventions
[2.988s] -- Added test 'lint_cmake' to check CMake code style
[2.989s] -- Added test 'pep257' to check Python code against some of the docstring style conventions in PEP 257
[2.992s] -- Added test 'uncrustify' to check C / C++ code style
[2.992s] -- Configured uncrustify additional arguments: 
[2.992s] -- Added test 'xmllint' to check XML markup files
[2.994s] -- Configuring done
[3.122s] -- Generating done
[3.124s] -- Build files have been written to: /root/Downloads/navigation2-main/nav2_map_server/build/nav2_map_server
[3.133s] Invoked command in '/root/Downloads/navigation2-main/nav2_map_server/build/nav2_map_server' returned '0': CMAKE_PREFIX_PATH=/opt/ros/humble /usr/bin/cmake /root/Downloads/navigation2-main/nav2_map_server -DCMAKE_INSTALL_PREFIX=/root/Downloads/navigation2-main/nav2_map_server/install/nav2_map_server
[3.135s] Invoking command in '/root/Downloads/navigation2-main/nav2_map_server/build/nav2_map_server': CMAKE_PREFIX_PATH=/opt/ros/humble /usr/bin/cmake --build /root/Downloads/navigation2-main/nav2_map_server/build/nav2_map_server -- -j12 -l12
[3.166s] [  8%] [32mBuilding CXX object CMakeFiles/map_io.dir/src/map_mode.cpp.o[0m
[3.166s] [  8%] [32mBuilding CXX object gtest/CMakeFiles/gtest_main.dir/src/gtest_main.cc.o[0m
[3.166s] [  8%] [32mBuilding CXX object gtest/CMakeFiles/gtest.dir/src/gtest-all.cc.o[0m
[3.166s] [ 11%] [32mBuilding CXX object CMakeFiles/map_io.dir/src/map_io.cpp.o[0m
[3.705s] [ 13%] [32m[1mLinking CXX static library libgtest_main.a[0m
[3.726s] [ 13%] Built target gtest_main
[6.088s] [ 16%] [32m[1mLinking CXX shared library libmap_io.so[0m
[6.211s] [ 16%] Built target map_io
[6.225s] [ 25%] [32mBuilding CXX object test/component/CMakeFiles/test_map_saver_publisher.dir/__/test_constants.cpp.o[0m
[6.225s] [ 25%] [32mBuilding CXX object test/component/CMakeFiles/test_map_saver_publisher.dir/test_map_saver_publisher.cpp.o[0m
[6.225s] [ 25%] [32mBuilding CXX object CMakeFiles/map_server_core.dir/src/map_server/map_server.cpp.o[0m
[6.227s] [ 27%] [32mBuilding CXX object CMakeFiles/map_server_core.dir/src/map_saver/map_saver.cpp.o[0m
[6.227s] [ 30%] [32mBuilding CXX object CMakeFiles/map_server_core.dir/src/costmap_filter_info/costmap_filter_info_server.cpp.o[0m
[6.518s] In file included from [01m[K/usr/include/c++/11/ctime:42[m[K,
[6.518s]                  from [01m[K/usr/include/c++/11/chrono:42[m[K,
[6.518s]                  from [01m[K/usr/include/c++/11/mutex:39[m[K,
[6.518s]                  from [01m[K/usr/include/c++/11/future:38[m[K,
[6.518s]                  from [01m[K/opt/ros/humble/include/rclcpp/rclcpp/executors.hpp:18[m[K,
[6.518s]                  from [01m[K/opt/ros/humble/include/rclcpp/rclcpp/rclcpp.hpp:155[m[K,
[6.518s]                  from [01m[K/root/Downloads/navigation2-main/nav2_map_server/include/nav2_map_server/costmap_filter_info_server.hpp:20[m[K,
[6.518s]                  from [01m[K/root/Downloads/navigation2-main/nav2_map_server/src/costmap_filter_info/costmap_filter_info_server.cpp:18[m[K:
[6.518s] [01m[K/opt/ros/humble/include/tf2/time.h:40:23:[m[K [01;31m[Kerror: [m[Kâ€˜[01m[Kchrono[m[Kâ€™ in namespace â€˜[01m[Kstd[m[Kâ€™ does not name a type
[6.518s]    40 | using Duration = std::[01;31m[Kchrono[m[K::nanoseconds;
[6.518s]       |                       [01;31m[K^~~~~~[m[K
[6.518s] [01m[K/opt/ros/humble/include/tf2/time.h:41:24:[m[K [01;31m[Kerror: [m[Kâ€˜[01m[Kchrono[m[Kâ€™ in namespace â€˜[01m[Kstd[m[Kâ€™ does not name a type
[6.518s]    41 | using TimePoint = std::[01;31m[Kchrono[m[K::time_point<std::chrono::system_clock, Duration>;
[6.519s]       |                        [01;31m[K^~~~~~[m[K
[6.519s] [01m[K/opt/ros/humble/include/tf2/time.h:43:24:[m[K [01;31m[Kerror: [m[Kâ€˜[01m[Kchrono[m[Kâ€™ in namespace â€˜[01m[Kstd[m[Kâ€™ does not name a type
[6.519s]    43 | using IDuration = std::[01;31m[Kchrono[m[K::duration<int, std::nano>;
[6.519s]       |                        [01;31m[K^~~~~~[m[K
[6.519s] [01m[K/opt/ros/humble/include/tf2/time.h:45:14:[m[K [01;31m[Kerror: [m[Kâ€˜[01m[KTimePoint[m[Kâ€™ does not name a type
[6.520s]    45 | static const [01;31m[KTimePoint[m[K TimePointZero = TimePoint(IDuration::zero());
[6.520s]       |              [01;31m[K^~~~~~~~~[m[K
[6.520s] [01m[K/opt/ros/humble/include/tf2/time.h:48:1:[m[K [01;31m[Kerror: [m[Kâ€˜[01m[KTimePoint[m[Kâ€™ does not name a type
[6.520s]    48 | [01;31m[KTimePoint[m[K get_now();
[6.520s]       | [01;31m[K^~~~~~~~~[m[K
[6.521s] [01m[K/opt/ros/humble/include/tf2/time.h:51:1:[m[K [01;31m[Kerror: [m[Kâ€˜[01m[KDuration[m[Kâ€™ does not name a type
[6.521s]    51 | [01;31m[KDuration[m[K durationFromSec(double t_sec);
[6.521s]       | [01;31m[K^~~~~~~~[m[K
[6.522s] [01m[K/opt/ros/humble/include/tf2/time.h:54:1:[m[K [01;31m[Kerror: [m[Kâ€˜[01m[KTimePoint[m[Kâ€™ does not name a type
[6.522s]    54 | [01;31m[KTimePoint[m[K timeFromSec(double t_sec);
[6.522s]       | [01;31m[K^~~~~~~~~[m[K
[6.522s] [01m[K/opt/ros/humble/include/tf2/time.h:57:33:[m[K [01;31m[Kerror: [m[Kâ€˜[01m[KDuration[m[Kâ€™ in namespace â€˜[01m[Ktf2[m[Kâ€™ does not name a type
[6.522s]    57 | double durationToSec(const tf2::[01;31m[KDuration[m[K & input);
[6.522s]       |                                 [01;31m[K^~~~~~~~[m[K
[6.523s] [01m[K/opt/ros/humble/include/tf2/time.h:60:24:[m[K [01;31m[Kerror: [m[Kâ€˜[01m[KTimePoint[m[Kâ€™ does not name a type
[6.523s]    60 | double timeToSec(const [01;31m[KTimePoint[m[K & timepoint);
[6.523s]       |                        [01;31m[K^~~~~~~~~[m[K
[6.523s] [01m[K/opt/ros/humble/include/tf2/time.h:63:36:[m[K [01;31m[Kerror: [m[Kâ€˜[01m[KTimePoint[m[Kâ€™ does not name a type
[6.523s]    63 | std::string displayTimePoint(const [01;31m[KTimePoint[m[K & stamp);
[6.524s]       |                                    [01;31m[K^~~~~~~~~[m[K
[6.544s] In file included from [01m[K/usr/include/c++/11/ctime:42[m[K,
[6.544s]                  from [01m[K/usr/include/c++/11/chrono:42[m[K,
[6.544s]                  from [01m[K/usr/include/c++/11/mutex:39[m[K,
[6.544s]                  from [01m[K/usr/include/c++/11/future:38[m[K,
[6.544s]                  from [01m[K/opt/ros/humble/include/rclcpp/rclcpp/executors.hpp:18[m[K,
[6.544s]                  from [01m[K/opt/ros/humble/include/rclcpp/rclcpp/rclcpp.hpp:155[m[K,
[6.544s]                  from [01m[K/root/Downloads/navigation2-main/nav2_map_server/include/nav2_map_server/map_saver.hpp:22[m[K,
[6.544s]                  from [01m[K/root/Downloads/navigation2-main/nav2_map_server/src/map_saver/map_saver.cpp:32[m[K:
[6.544s] [01m[K/opt/ros/humble/include/tf2/time.h:40:23:[m[K [01;31m[Kerror: [m[Kâ€˜[01m[Kchrono[m[Kâ€™ in namespace â€˜[01m[Kstd[m[Kâ€™ does not name a type
[6.544s]    40 | using Duration = std::[01;31m[Kchrono[m[K::nanoseconds;
[6.544s]       |                       [01;31m[K^~~~~~[m[K
[6.544s] [01m[K/opt/ros/humble/include/tf2/time.h:41:24:[m[K [01;31m[Kerror: [m[Kâ€˜[01m[Kchrono[m[Kâ€™ in namespace â€˜[01m[Kstd[m[Kâ€™ does not name a type
[6.545s]    41 | using TimePoint = std::[01;31m[Kchrono[m[K::time_point<std::chrono::system_clock, Duration>;
[6.545s]       |                        [01;31m[K^~~~~~[m[K
[6.545s] [01m[K/opt/ros/humble/include/tf2/time.h:43:24:[m[K [01;31m[Kerror: [m[Kâ€˜[01m[Kchrono[m[Kâ€™ in namespace â€˜[01m[Kstd[m[Kâ€™ does not name a type
[6.545s]    43 | using IDuration = std::[01;31m[Kchrono[m[K::duration<int, std::nano>;
[6.545s]       |                        [01;31m[K^~~~~~[m[K
[6.546s] [01m[K/opt/ros/humble/include/tf2/time.h:45:14:[m[K [01;31m[Kerror: [m[Kâ€˜[01m[KTimePoint[m[Kâ€™ does not name a type
[6.546s]    45 | static const [01;31m[KTimePoint[m[K TimePointZero = TimePoint(IDuration::zero());
[6.546s]       |              [01;31m[K^~~~~~~~~[m[K
[6.547s] [01m[K/opt/ros/humble/include/tf2/time.h:48:1:[m[K [01;31m[Kerror: [m[Kâ€˜[01m[KTimePoint[m[Kâ€™ does not name a type
[6.547s]    48 | [01;31m[KTimePoint[m[K get_now();
[6.547s]       | [01;31m[K^~~~~~~~~[m[K
[6.547s] [01m[K/opt/ros/humble/include/tf2/time.h:51:1:[m[K [01;31m[Kerror: [m[Kâ€˜[01m[KDuration[m[Kâ€™ does not name a type
[6.547s]    51 | [01;31m[KDuration[m[K durationFromSec(double t_sec);
[6.547s]       | [01;31m[K^~~~~~~~[m[K
[6.548s] [01m[K/opt/ros/humble/include/tf2/time.h:54:1:[m[K [01;31m[Kerror: [m[Kâ€˜[01m[KTimePoint[m[Kâ€™ does not name a type
[6.548s]    54 | [01;31m[KTimePoint[m[K timeFromSec(double t_sec);
[6.548s]       | [01;31m[K^~~~~~~~~[m[K
[6.548s] [01m[K/opt/ros/humble/include/tf2/time.h:57:33:[m[K [01;31m[Kerror: [m[Kâ€˜[01m[KDuration[m[Kâ€™ in namespace â€˜[01m[Ktf2[m[Kâ€™ does not name a type
[6.548s]    57 | double durationToSec(const tf2::[01;31m[KDuration[m[K & input);
[6.548s]       |                                 [01;31m[K^~~~~~~~[m[K
[6.549s] [01m[K/opt/ros/humble/include/tf2/time.h:60:24:[m[K [01;31m[Kerror: [m[Kâ€˜[01m[KTimePoint[m[Kâ€™ does not name a type
[6.549s]    60 | double timeToSec(const [01;31m[KTimePoint[m[K & timepoint);
[6.549s]       |                        [01;31m[K^~~~~~~~~[m[K
[6.551s] [01m[K/opt/ros/humble/include/tf2/time.h:63:36:[m[K [01;31m[Kerror: [m[Kâ€˜[01m[KTimePoint[m[Kâ€™ does not name a type
[6.551s]    63 | std::string displayTimePoint(const [01;31m[KTimePoint[m[K & stamp);
[6.551s]       |                                    [01;31m[K^~~~~~~~~[m[K
[6.583s] In file included from [01m[K/usr/include/c++/11/ctime:42[m[K,
[6.583s]                  from [01m[K/usr/include/c++/11/chrono:42[m[K,
[6.583s]                  from [01m[K/usr/include/c++/11/mutex:39[m[K,
[6.584s]                  from [01m[K/usr/include/c++/11/future:38[m[K,
[6.584s]                  from [01m[K/opt/ros/humble/include/rclcpp/rclcpp/executors.hpp:18[m[K,
[6.584s]                  from [01m[K/opt/ros/humble/include/rclcpp/rclcpp/rclcpp.hpp:155[m[K,
[6.584s]                  from [01m[K/root/Downloads/navigation2-main/nav2_map_server/include/nav2_map_server/map_server.hpp:22[m[K,
[6.584s]                  from [01m[K/root/Downloads/navigation2-main/nav2_map_server/src/map_server/map_server.cpp:47[m[K:
[6.584s] [01m[K/opt/ros/humble/include/tf2/time.h:40:23:[m[K [01;31m[Kerror: [m[Kâ€˜[01m[Kchrono[m[Kâ€™ in namespace â€˜[01m[Kstd[m[Kâ€™ does not name a type
[6.584s]    40 | using Duration = std::[01;31m[Kchrono[m[K::nanoseconds;
[6.584s]       |                       [01;31m[K^~~~~~[m[K
[6.584s] [01m[K/opt/ros/humble/include/tf2/time.h:41:24:[m[K [01;31m[Kerror: [m[Kâ€˜[01m[Kchrono[m[Kâ€™ in namespace â€˜[01m[Kstd[m[Kâ€™ does not name a type
[6.584s]    41 | using TimePoint = std::[01;31m[Kchrono[m[K::time_point<std::chrono::system_clock, Duration>;
[6.584s]       |                        [01;31m[K^~~~~~[m[K
[6.584s] [01m[K/opt/ros/humble/include/tf2/time.h:43:24:[m[K [01;31m[Kerror: [m[Kâ€˜[01m[Kchrono[m[Kâ€™ in namespace â€˜[01m[Kstd[m[Kâ€™ does not name a type
[6.585s]    43 | using IDuration = std::[01;31m[Kchrono[m[K::duration<int, std::nano>;
[6.585s]       |                        [01;31m[K^~~~~~[m[K
[6.585s] [01m[K/opt/ros/humble/include/tf2/time.h:45:14:[m[K [01;31m[Kerror: [m[Kâ€˜[01m[KTimePoint[m[Kâ€™ does not name a type
[6.585s]    45 | static const [01;31m[KTimePoint[m[K TimePointZero = TimePoint(IDuration::zero());
[6.585s]       |              [01;31m[K^~~~~~~~~[m[K
[6.586s] In file included from [01m[K/usr/include/c++/11/ctime:42[m[K,
[6.586s]                  from [01m[K/usr/include/c++/11/chrono:42[m[K,
[6.586s]                  from [01m[K/usr/include/c++/11/bits/fs_fwd.h:37[m[K,
[6.586s]                  from [01m[K/usr/include/c++/11/filesystem:44[m[K,
[6.586s]                  from [01m[K/root/Downloads/navigation2-main/nav2_map_server/test/component/test_map_saver_publisher.cpp:15[m[K:
[6.586s] [01m[K/opt/ros/humble/include/tf2/time.h:40:23:[m[K [01;31m[Kerror: [m[Kâ€˜[01m[Kchrono[m[Kâ€™ in namespace â€˜[01m[Kstd[m[Kâ€™ does not name a type
[6.586s]    40 | using Duration = std::[01;31m[Kchrono[m[K::nanoseconds;
[6.586s]       |                       [01;31m[K^~~~~~[m[K
[6.587s] [01m[K/opt/ros/humble/include/tf2/time.h:48:1:[m[K [01;31m[Kerror: [m[Kâ€˜[01m[KTimePoint[m[Kâ€™ does not name a type
[6.587s]    48 | [01;31m[KTimePoint[m[K get_now();
[6.587s]       | [01;31m[K^~~~~~~~~[m[K
[6.587s] [01m[K/opt/ros/humble/include/tf2/time.h:41:24:[m[K [01;31m[Kerror: [m[Kâ€˜[01m[Kchrono[m[Kâ€™ in namespace â€˜[01m[Kstd[m[Kâ€™ does not name a type
[6.587s]    41 | using TimePoint = std::[01;31m[Kchrono[m[K::time_point<std::chrono::system_clock, Duration>;
[6.587s]       |                        [01;31m[K^~~~~~[m[K
[6.587s] [01m[K/opt/ros/humble/include/tf2/time.h:51:1:[m[K [01;31m[Kerror: [m[Kâ€˜[01m[KDuration[m[Kâ€™ does not name a type
[6.587s]    51 | [01;31m[KDuration[m[K durationFromSec(double t_sec);
[6.587s]       | [01;31m[K^~~~~~~~[m[K
[6.587s] [01m[K/opt/ros/humble/include/tf2/time.h:43:24:[m[K [01;31m[Kerror: [m[Kâ€˜[01m[Kchrono[m[Kâ€™ in namespace â€˜[01m[Kstd[m[Kâ€™ does not name a type
[6.587s]    43 | using IDuration = std::[01;31m[Kchrono[m[K::duration<int, std::nano>;
[6.587s]       |                        [01;31m[K^~~~~~[m[K
[6.587s] [01m[K/opt/ros/humble/include/tf2/time.h:54:1:[m[K [01;31m[Kerror: [m[Kâ€˜[01m[KTimePoint[m[Kâ€™ does not name a type
[6.588s]    54 | [01;31m[KTimePoint[m[K timeFromSec(double t_sec);
[6.588s]       | [01;31m[K^~~~~~~~~[m[K
[6.588s] [01m[K/opt/ros/humble/include/tf2/time.h:57:33:[m[K [01;31m[Kerror: [m[Kâ€˜[01m[KDuration[m[Kâ€™ in namespace â€˜[01m[Ktf2[m[Kâ€™ does not name a type
[6.588s]    57 | double durationToSec(const tf2::[01;31m[KDuration[m[K & input);
[6.588s]       |                                 [01;31m[K^~~~~~~~[m[K
[6.588s] [01m[K/opt/ros/humble/include/tf2/time.h:45:14:[m[K [01;31m[Kerror: [m[Kâ€˜[01m[KTimePoint[m[Kâ€™ does not name a type
[6.588s]    45 | static const [01;31m[KTimePoint[m[K TimePointZero = TimePoint(IDuration::zero());
[6.588s]       |              [01;31m[K^~~~~~~~~[m[K
[6.588s] [01m[K/opt/ros/humble/include/tf2/time.h:60:24:[m[K [01;31m[Kerror: [m[Kâ€˜[01m[KTimePoint[m[Kâ€™ does not name a type
[6.588s]    60 | double timeToSec(const [01;31m[KTimePoint[m[K & timepoint);
[6.588s]       |                        [01;31m[K^~~~~~~~~[m[K
[6.589s] [01m[K/opt/ros/humble/include/tf2/time.h:63:36:[m[K [01;31m[Kerror: [m[Kâ€˜[01m[KTimePoint[m[Kâ€™ does not name a type
[6.589s]    63 | std::string displayTimePoint(const [01;31m[KTimePoint[m[K & stamp);
[6.589s]       |                                    [01;31m[K^~~~~~~~~[m[K
[6.589s] [01m[K/opt/ros/humble/include/tf2/time.h:48:1:[m[K [01;31m[Kerror: [m[Kâ€˜[01m[KTimePoint[m[Kâ€™ does not name a type
[6.589s]    48 | [01;31m[KTimePoint[m[K get_now();
[6.589s]       | [01;31m[K^~~~~~~~~[m[K
[6.590s] [01m[K/opt/ros/humble/include/tf2/time.h:51:1:[m[K [01;31m[Kerror: [m[Kâ€˜[01m[KDuration[m[Kâ€™ does not name a type
[6.591s]    51 | [01;31m[KDuration[m[K durationFromSec(double t_sec);
[6.591s]       | [01;31m[K^~~~~~~~[m[K
[6.592s] [01m[K/opt/ros/humble/include/tf2/time.h:54:1:[m[K [01;31m[Kerror: [m[Kâ€˜[01m[KTimePoint[m[Kâ€™ does not name a type
[6.592s]    54 | [01;31m[KTimePoint[m[K timeFromSec(double t_sec);
[6.592s]       | [01;31m[K^~~~~~~~~[m[K
[6.592s] [01m[K/opt/ros/humble/include/tf2/time.h:57:33:[m[K [01;31m[Kerror: [m[Kâ€˜[01m[KDuration[m[Kâ€™ in namespace â€˜[01m[Ktf2[m[Kâ€™ does not name a type
[6.592s]    57 | double durationToSec(const tf2::[01;31m[KDuration[m[K & input);
[6.592s]       |                                 [01;31m[K^~~~~~~~[m[K
[6.593s] [01m[K/opt/ros/humble/include/tf2/time.h:60:24:[m[K [01;31m[Kerror: [m[Kâ€˜[01m[KTimePoint[m[Kâ€™ does not name a type
[6.593s]    60 | double timeToSec(const [01;31m[KTimePoint[m[K & timepoint);
[6.593s]       |                        [01;31m[K^~~~~~~~~[m[K
[6.594s] [01m[K/opt/ros/humble/include/tf2/time.h:63:36:[m[K [01;31m[Kerror: [m[Kâ€˜[01m[KTimePoint[m[Kâ€™ does not name a type
[6.594s]    63 | std::string displayTimePoint(const [01;31m[KTimePoint[m[K & stamp);
[6.594s]       |                                    [01;31m[K^~~~~~~~~[m[K
[8.069s] [ 33%] [32m[1mLinking CXX static library libgtest.a[0m
[8.093s] [ 33%] Built target gtest
[8.108s] [ 36%] [32mBuilding CXX object test/unit/CMakeFiles/test_map_io.dir/test_map_io.cpp.o[0m
[8.110s] [ 38%] [32mBuilding CXX object test/unit/CMakeFiles/test_map_io.dir/__/test_constants.cpp.o[0m
[8.113s] [ 44%] [32mBuilding CXX object test/map_saver_cli/CMakeFiles/test_map_saver_cli.dir/test_map_saver_cli.cpp.o[0m
[8.113s] [ 44%] [32mBuilding CXX object test/map_saver_cli/CMakeFiles/test_map_saver_cli.dir/__/test_constants.cpp.o[0m
[8.781s] gmake[2]: *** [CMakeFiles/map_server_core.dir/build.make:104: CMakeFiles/map_server_core.dir/src/costmap_filter_info/costmap_filter_info_server.cpp.o] Error 1
[8.781s] gmake[2]: *** Waiting for unfinished jobs....
[9.114s] gmake[2]: *** [test/component/CMakeFiles/test_map_saver_publisher.dir/build.make:76: test/component/CMakeFiles/test_map_saver_publisher.dir/test_map_saver_publisher.cpp.o] Error 1
[9.114s] gmake[1]: *** [CMakeFiles/Makefile2:566: test/component/CMakeFiles/test_map_saver_publisher.dir/all] Error 2
[9.114s] gmake[1]: *** Waiting for unfinished jobs....
[9.917s] gmake[2]: *** [CMakeFiles/map_server_core.dir/build.make:76: CMakeFiles/map_server_core.dir/src/map_server/map_server.cpp.o] Error 1
[10.090s] gmake[2]: *** [CMakeFiles/map_server_core.dir/build.make:90: CMakeFiles/map_server_core.dir/src/map_saver/map_saver.cpp.o] Error 1
[10.091s] gmake[1]: *** [CMakeFiles/Makefile2:373: CMakeFiles/map_server_core.dir/all] Error 2
[11.606s] [ 47%] [32m[1mLinking CXX executable test_map_io[0m
[11.760s] [ 47%] Built target test_map_io
[12.393s] [ 50%] [32m[1mLinking CXX executable test_map_saver_cli[0m
[12.477s] [ 50%] Built target test_map_saver_cli
[12.478s] gmake: *** [Makefile:146: all] Error 2
[12.479s] Invoked command in '/root/Downloads/navigation2-main/nav2_map_server/build/nav2_map_server' returned '2': CMAKE_PREFIX_PATH=/opt/ros/humble /usr/bin/cmake --build /root/Downloads/navigation2-main/nav2_map_server/build/nav2_map_server -- -j12 -l12
