[0.035s] Invoking command in '/root/ros2_ws/build/my_robot_motion_planning': CMAKE_PREFIX_PATH=/opt/ros/humble /usr/bin/cmake --build /root/ros2_ws/build/my_robot_motion_planning -- -j12 -l12
[0.058s] -- Found ament_cmake: 1.3.6 (/opt/ros/humble/share/ament_cmake/cmake)
[0.153s] -- Override CMake install command with custom implementation using symlinks instead of copying resources
[0.160s] -- Found rclcpp: 16.0.7 (/opt/ros/humble/share/rclcpp/cmake)
[0.178s] -- Found rosidl_generator_c: 3.1.5 (/opt/ros/humble/share/rosidl_generator_c/cmake)
[0.180s] -- Found rosidl_adapter: 3.1.5 (/opt/ros/humble/share/rosidl_adapter/cmake)
[0.183s] -- Found rosidl_generator_cpp: 3.1.5 (/opt/ros/humble/share/rosidl_generator_cpp/cmake)
[0.190s] -- Using all available rosidl_typesupport_c: rosidl_typesupport_fastrtps_c;rosidl_typesupport_introspection_c
[0.199s] -- Using all available rosidl_typesupport_cpp: rosidl_typesupport_fastrtps_cpp;rosidl_typesupport_introspection_cpp
[0.241s] -- Found rmw_implementation_cmake: 6.1.1 (/opt/ros/humble/share/rmw_implementation_cmake/cmake)
[0.242s] -- Found rmw_fastrtps_cpp: 6.2.5 (/opt/ros/humble/share/rmw_fastrtps_cpp/cmake)
[0.329s] -- Using RMW implementation 'rmw_fastrtps_cpp' as default
[0.424s] -- Found nav_msgs: 4.2.3 (/opt/ros/humble/share/nav_msgs/cmake)
[0.498s] -- Found tf2: 0.25.5 (/opt/ros/humble/share/tf2/cmake)
[0.503s] -- Found tf2_geometry_msgs: 0.25.5 (/opt/ros/humble/share/tf2_geometry_msgs/cmake)
[0.505s] -- Found eigen3_cmake_module: 0.1.1 (/opt/ros/humble/share/eigen3_cmake_module/cmake)
[0.506s] -- Ensuring Eigen3 include directory is part of orocos-kdl CMake target
[0.708s] -- Found ament_lint_auto: 0.12.9 (/opt/ros/humble/share/ament_lint_auto/cmake)
[0.804s] -- Added test 'cppcheck' to perform static code analysis on C / C++ code
[0.805s] -- Configured cppcheck include dirs: 
[0.805s] -- Configured cppcheck exclude dirs and/or files: 
[0.814s] -- Added test 'flake8' to check Python code syntax and style conventions
[0.829s] -- Added test 'lint_cmake' to check CMake code style
[0.837s] -- Added test 'pep257' to check Python code against some of the docstring style conventions in PEP 257
[0.893s] -- Added test 'uncrustify' to check C / C++ code style
[0.893s] -- Configured uncrustify additional arguments: 
[0.902s] -- Added test 'xmllint' to check XML markup files
[0.903s] -- Configuring done
[0.977s] -- Generating done
[0.978s] -- Build files have been written to: /root/ros2_ws/build/my_robot_motion_planning
[1.003s] [35m[1mConsolidate compiler generated dependencies of target my_motion_planner[0m
[1.018s] [ 50%] [32mBuilding CXX object CMakeFiles/my_motion_planner.dir/src/mp.cpp.o[0m
[1.166s] In file included from [01m[K/usr/include/c++/11/ctime:42[m[K,
[1.166s]                  from [01m[K/usr/include/c++/11/chrono:42[m[K,
[1.166s]                  from [01m[K/root/ros2_ws/src/mp.cpp:1[m[K:
[1.166s] [01m[K/opt/ros/humble/include/tf2/time.h:40:23:[m[K [01;31m[Kerror: [m[Kâ€˜[01m[Kchrono[m[Kâ€™ in namespace â€˜[01m[Kstd[m[Kâ€™ does not name a type
[1.166s]    40 | using Duration = std::[01;31m[Kchrono[m[K::nanoseconds;
[1.166s]       |                       [01;31m[K^~~~~~[m[K
[1.166s] [01m[K/opt/ros/humble/include/tf2/time.h:41:24:[m[K [01;31m[Kerror: [m[Kâ€˜[01m[Kchrono[m[Kâ€™ in namespace â€˜[01m[Kstd[m[Kâ€™ does not name a type
[1.166s]    41 | using TimePoint = std::[01;31m[Kchrono[m[K::time_point<std::chrono::system_clock, Duration>;
[1.167s]       |                        [01;31m[K^~~~~~[m[K
[1.167s] [01m[K/opt/ros/humble/include/tf2/time.h:43:24:[m[K [01;31m[Kerror: [m[Kâ€˜[01m[Kchrono[m[Kâ€™ in namespace â€˜[01m[Kstd[m[Kâ€™ does not name a type
[1.167s]    43 | using IDuration = std::[01;31m[Kchrono[m[K::duration<int, std::nano>;
[1.167s]       |                        [01;31m[K^~~~~~[m[K
[1.167s] [01m[K/opt/ros/humble/include/tf2/time.h:45:14:[m[K [01;31m[Kerror: [m[Kâ€˜[01m[KTimePoint[m[Kâ€™ does not name a type
[1.167s]    45 | static const [01;31m[KTimePoint[m[K TimePointZero = TimePoint(IDuration::zero());
[1.167s]       |              [01;31m[K^~~~~~~~~[m[K
[1.168s] [01m[K/opt/ros/humble/include/tf2/time.h:48:1:[m[K [01;31m[Kerror: [m[Kâ€˜[01m[KTimePoint[m[Kâ€™ does not name a type
[1.168s]    48 | [01;31m[KTimePoint[m[K get_now();
[1.168s]       | [01;31m[K^~~~~~~~~[m[K
[1.168s] [01m[K/opt/ros/humble/include/tf2/time.h:51:1:[m[K [01;31m[Kerror: [m[Kâ€˜[01m[KDuration[m[Kâ€™ does not name a type
[1.168s]    51 | [01;31m[KDuration[m[K durationFromSec(double t_sec);
[1.168s]       | [01;31m[K^~~~~~~~[m[K
[1.169s] [01m[K/opt/ros/humble/include/tf2/time.h:54:1:[m[K [01;31m[Kerror: [m[Kâ€˜[01m[KTimePoint[m[Kâ€™ does not name a type
[1.169s]    54 | [01;31m[KTimePoint[m[K timeFromSec(double t_sec);
[1.169s]       | [01;31m[K^~~~~~~~~[m[K
[1.169s] [01m[K/opt/ros/humble/include/tf2/time.h:57:33:[m[K [01;31m[Kerror: [m[Kâ€˜[01m[KDuration[m[Kâ€™ in namespace â€˜[01m[Ktf2[m[Kâ€™ does not name a type
[1.169s]    57 | double durationToSec(const tf2::[01;31m[KDuration[m[K & input);
[1.169s]       |                                 [01;31m[K^~~~~~~~[m[K
[1.169s] [01m[K/opt/ros/humble/include/tf2/time.h:60:24:[m[K [01;31m[Kerror: [m[Kâ€˜[01m[KTimePoint[m[Kâ€™ does not name a type
[1.169s]    60 | double timeToSec(const [01;31m[KTimePoint[m[K & timepoint);
[1.169s]       |                        [01;31m[K^~~~~~~~~[m[K
[1.170s] [01m[K/opt/ros/humble/include/tf2/time.h:63:36:[m[K [01;31m[Kerror: [m[Kâ€˜[01m[KTimePoint[m[Kâ€™ does not name a type
[1.170s]    63 | std::string displayTimePoint(const [01;31m[KTimePoint[m[K & stamp);
[1.170s]       |                                    [01;31m[K^~~~~~~~~[m[K
[1.170s] In file included from [01m[K/usr/include/c++/11/chrono:42[m[K,
[1.170s]                  from [01m[K/root/ros2_ws/src/mp.cpp:1[m[K:
[1.170s] [01m[K/usr/include/c++/11/ctime:64:11:[m[K [01;31m[Kerror: [m[Kâ€˜[01m[Kclock[m[Kâ€™ has not been declared in â€˜[01m[K::[m[Kâ€™
[1.170s]    64 |   using ::[01;31m[Kclock[m[K;
[1.170s]       |           [01;31m[K^~~~~[m[K
[1.170s] [01m[K/usr/include/c++/11/ctime:65:11:[m[K [01;31m[Kerror: [m[Kâ€˜[01m[Kdifftime[m[Kâ€™ has not been declared in â€˜[01m[K::[m[Kâ€™
[1.170s]    65 |   using ::[01;31m[Kdifftime[m[K;
[1.170s]       |           [01;31m[K^~~~~~~~[m[K
[1.170s] [01m[K/usr/include/c++/11/ctime:66:11:[m[K [01;31m[Kerror: [m[Kâ€˜[01m[Kmktime[m[Kâ€™ has not been declared in â€˜[01m[K::[m[Kâ€™
[1.170s]    66 |   using ::[01;31m[Kmktime[m[K;
[1.170s]       |           [01;31m[K^~~~~~[m[K
[1.170s] [01m[K/usr/include/c++/11/ctime:67:11:[m[K [01;31m[Kerror: [m[Kâ€˜[01m[Ktime[m[Kâ€™ has not been declared in â€˜[01m[K::[m[Kâ€™
[1.170s]    67 |   using ::[01;31m[Ktime[m[K;
[1.170s]       |           [01;31m[K^~~~[m[K
[1.170s] [01m[K/usr/include/c++/11/ctime:68:11:[m[K [01;31m[Kerror: [m[Kâ€˜[01m[Kasctime[m[Kâ€™ has not been declared in â€˜[01m[K::[m[Kâ€™
[1.170s]    68 |   using ::[01;31m[Kasctime[m[K;
[1.171s]       |           [01;31m[K^~~~~~~[m[K
[1.171s] [01m[K/usr/include/c++/11/ctime:69:11:[m[K [01;31m[Kerror: [m[Kâ€˜[01m[Kctime[m[Kâ€™ has not been declared in â€˜[01m[K::[m[Kâ€™
[1.171s]    69 |   using ::[01;31m[Kctime[m[K;
[1.171s]       |           [01;31m[K^~~~~[m[K
[1.171s] [01m[K/usr/include/c++/11/ctime:70:11:[m[K [01;31m[Kerror: [m[Kâ€˜[01m[Kgmtime[m[Kâ€™ has not been declared in â€˜[01m[K::[m[Kâ€™
[1.171s]    70 |   using ::[01;31m[Kgmtime[m[K;
[1.171s]       |           [01;31m[K^~~~~~[m[K
[1.171s] [01m[K/usr/include/c++/11/ctime:71:11:[m[K [01;31m[Kerror: [m[Kâ€˜[01m[Klocaltime[m[Kâ€™ has not been declared in â€˜[01m[K::[m[Kâ€™
[1.171s]    71 |   using ::[01;31m[Klocaltime[m[K;
[1.171s]       |           [01;31m[K^~~~~~~~~[m[K
[1.171s] [01m[K/usr/include/c++/11/ctime:72:11:[m[K [01;31m[Kerror: [m[Kâ€˜[01m[Kstrftime[m[Kâ€™ has not been declared in â€˜[01m[K::[m[Kâ€™
[1.171s]    72 |   using ::[01;31m[Kstrftime[m[K;
[1.171s]       |           [01;31m[K^~~~~~~~[m[K
[1.171s] [01m[K/usr/include/c++/11/ctime:80:11:[m[K [01;31m[Kerror: [m[Kâ€˜[01m[Ktimespec_get[m[Kâ€™ has not been declared in â€˜[01m[K::[m[Kâ€™
[1.171s]    80 |   using ::[01;31m[Ktimespec_get[m[K;
[1.171s]       |           [01;31m[K^~~~~~~~~~~~[m[K
[1.329s] [01m[K/root/ros2_ws/src/mp.cpp:[m[K In function â€˜[01m[Kint main(int, char**)[m[Kâ€™:
[1.329s] [01m[K/root/ros2_ws/src/mp.cpp:233:15:[m[K [01;35m[Kwarning: [m[Kunused parameter â€˜[01m[Kargc[m[Kâ€™ [[01;35m[K]8;;https://gcc.gnu.org/onlinedocs/gcc/Warning-Options.html#index-Wunused-parameter-Wunused-parameter]8;;[m[K]
[1.329s]   233 |  int main([01;35m[Kint argc[m[K, char** argv)
[1.329s]       |           [01;35m[K~~~~^~~~[m[K
[1.329s] [01m[K/root/ros2_ws/src/mp.cpp:233:28:[m[K [01;35m[Kwarning: [m[Kunused parameter â€˜[01m[Kargv[m[Kâ€™ [[01;35m[K]8;;https://gcc.gnu.org/onlinedocs/gcc/Warning-Options.html#index-Wunused-parameter-Wunused-parameter]8;;[m[K]
[1.329s]   233 |  int main(int argc, [01;35m[Kchar** argv[m[K)
[1.329s]       |                     [01;35m[K~~~~~~~^~~~[m[K
[1.377s] gmake[2]: *** [CMakeFiles/my_motion_planner.dir/build.make:76: CMakeFiles/my_motion_planner.dir/src/mp.cpp.o] Error 1
[1.378s] gmake[1]: *** [CMakeFiles/Makefile2:137: CMakeFiles/my_motion_planner.dir/all] Error 2
[1.378s] gmake: *** [Makefile:146: all] Error 2
[1.380s] Invoked command in '/root/ros2_ws/build/my_robot_motion_planning' returned '2': CMAKE_PREFIX_PATH=/opt/ros/humble /usr/bin/cmake --build /root/ros2_ws/build/my_robot_motion_planning -- -j12 -l12
