[01m[K/root/ros2_ws/src/mp.cpp:[m[K In function â€˜[01m[Kbool isStateValid(const ompl::base::State*)[m[Kâ€™:
[01m[K/root/ros2_ws/src/mp.cpp:50:23:[m[K [01;31m[Kerror: [m[Kâ€˜[01m[Kintentsity[m[Kâ€™ was not declared in this scope; did you mean â€˜[01m[Kintensity[m[Kâ€™?
   50 |     double inten=(255-[01;31m[Kintentsity[m[K.val[0])/255.0;
      |                       [01;31m[K^~~~~~~~~~[m[K
      |                       [32m[Kintensity[m[K
gmake[2]: *** [CMakeFiles/my_motion_planner.dir/build.make:76: CMakeFiles/my_motion_planner.dir/src/mp.cpp.o] Error 1
gmake[1]: *** [CMakeFiles/Makefile2:137: CMakeFiles/my_motion_planner.dir/all] Error 2
gmake: *** [Makefile:146: all] Error 2
