[0.036s] Invoking command in '/root/ros2_ws/build/my_robot_motion_planning': CMAKE_PREFIX_PATH=/opt/ros/humble /usr/bin/cmake --build /root/ros2_ws/build/my_robot_motion_planning -- -j12 -l12
[0.075s] [35m[1mConsolidate compiler generated dependencies of target my_motion_planner[0m
[0.095s] [ 50%] [32mBuilding CXX object CMakeFiles/my_motion_planner.dir/src/mp.cpp.o[0m
[2.972s] [01m[K/root/ros2_ws/src/mp.cpp:[m[K In function â€˜[01m[Kvoid plan(const SharedPtr&)[m[Kâ€™:
[2.972s] [01m[K/root/ros2_ws/src/mp.cpp:129:23:[m[K [01;31m[Kerror: [m[Krequest for member â€˜[01m[KprintAsMatrix[m[Kâ€™ in â€˜[01m[Ksolution_path[m[Kâ€™, which is of pointer type â€˜[01m[Kompl::geometric::PathGeometric*[m[Kâ€™ (maybe you meant to use â€˜[01m[K->[m[Kâ€™ ?)
[2.972s]   129 |         solution_path.[01;31m[KprintAsMatrix[m[K(std::cout);
[2.972s]       |                       [01;31m[K^~~~~~~~~~~~~[m[K
[3.969s] gmake[2]: *** [CMakeFiles/my_motion_planner.dir/build.make:76: CMakeFiles/my_motion_planner.dir/src/mp.cpp.o] Error 1
[3.970s] gmake[1]: *** [CMakeFiles/Makefile2:137: CMakeFiles/my_motion_planner.dir/all] Error 2
[3.970s] gmake: *** [Makefile:146: all] Error 2
[3.972s] Invoked command in '/root/ros2_ws/build/my_robot_motion_planning' returned '2': CMAKE_PREFIX_PATH=/opt/ros/humble /usr/bin/cmake --build /root/ros2_ws/build/my_robot_motion_planning -- -j12 -l12
