[01m[K/root/ros2_ws/src/mp.cpp:[m[K In function â€˜[01m[Kbool isStateValid(const ompl::base::State*)[m[Kâ€™:
[01m[K/root/ros2_ws/src/mp.cpp:24:28:[m[K [01;31m[Kerror: [m[Kâ€˜[01m[Kendl[m[Kâ€™ was not declared in this scope; did you mean â€˜[01m[Kstd::endl[m[Kâ€™?
   24 |         std::cout<<"Here"<<[01;31m[Kendl[m[K;
      |                            [01;31m[K^~~~[m[K
      |                            [32m[Kstd::endl[m[K
In file included from [01m[K/usr/include/c++/11/istream:39[m[K,
                 from [01m[K/usr/include/c++/11/sstream:38[m[K,
                 from [01m[K/opt/ros/humble/include/builtin_interfaces/builtin_interfaces/msg/detail/time__traits.hpp:10[m[K,
                 from [01m[K/opt/ros/humble/include/builtin_interfaces/builtin_interfaces/msg/time.hpp:9[m[K,
                 from [01m[K/root/ros2_ws/src/mp.cpp:1[m[K:
[01m[K/usr/include/c++/11/ostream:684:5:[m[K [01;36m[Knote: [m[Kâ€˜[01m[Kstd::endl[m[Kâ€™ declared here
  684 |     [01;36m[Kendl[m[K(basic_ostream<_CharT, _Traits>& __os)
      |     [01;36m[K^~~~[m[K
gmake[2]: *** [CMakeFiles/my_motion_planner.dir/build.make:76: CMakeFiles/my_motion_planner.dir/src/mp.cpp.o] Error 1
gmake[1]: *** [CMakeFiles/Makefile2:137: CMakeFiles/my_motion_planner.dir/all] Error 2
gmake: *** [Makefile:146: all] Error 2
