[0.060s] Invoking command in '/root/ros2_ws/build/my_robot_motion_planning': CMAKE_PREFIX_PATH=${CMAKE_PREFIX_PATH}:/opt/ros/humble /usr/bin/cmake --build /root/ros2_ws/build/my_robot_motion_planning -- -j12 -l12
[0.106s] [35m[1mConsolidate compiler generated dependencies of target my_motion_planner[0m
[0.137s] [ 50%] [32mBuilding CXX object CMakeFiles/my_motion_planner.dir/src/mp.cpp.o[0m
[0.623s] [01m[K/root/ros2_ws/src/mp.cpp:96:19:[m[K [01;31m[Kerror: [m[Kextended character âˆ’ is not valid in an identifier
[0.623s]    96 |         goal[1] = [01;31m[Kâˆ’[m[K0.0174552;
[0.624s]       |                   [01;31m[K^[m[K
[3.926s] [01m[K/root/ros2_ws/src/mp.cpp:[m[K In function â€˜[01m[Kvoid plan(const SharedPtr&)[m[Kâ€™:
[3.926s] [01m[K/root/ros2_ws/src/mp.cpp:96:19:[m[K [01;31m[Kerror: [m[Kâ€˜[01m[Kâˆ’0[m[Kâ€™ was not declared in this scope
[3.926s]    96 |         goal[1] = [01;31m[Kâˆ’0[m[K.0174552;
[3.926s]       |                   [01;31m[K^~[m[K
[5.169s] gmake[2]: *** [CMakeFiles/my_motion_planner.dir/build.make:76: CMakeFiles/my_motion_planner.dir/src/mp.cpp.o] Error 1
[5.169s] gmake[1]: *** [CMakeFiles/Makefile2:137: CMakeFiles/my_motion_planner.dir/all] Error 2
[5.169s] gmake: *** [Makefile:146: all] Error 2
[5.170s] Invoked command in '/root/ros2_ws/build/my_robot_motion_planning' returned '2': CMAKE_PREFIX_PATH=${CMAKE_PREFIX_PATH}:/opt/ros/humble /usr/bin/cmake --build /root/ros2_ws/build/my_robot_motion_planning -- -j12 -l12
