[01m[K/root/ros2_ws/src/mp.cpp:[m[K In function â€˜[01m[Kvoid planWithSimpleSetup()[m[Kâ€™:
[01m[K/root/ros2_ws/src/mp.cpp:172:6:[m[K [01;31m[Kerror: [m[Kâ€˜[01m[Kcout[m[Kâ€™ was not declared in this scope; did you mean â€˜[01m[Kstd::cout[m[Kâ€™?
  172 |      [01;31m[Kcout[m[K<<"GOAL:"<<goal;
      |      [01;31m[K^~~~[m[K
      |      [32m[Kstd::cout[m[K
In file included from [01m[K/opt/ros/humble/include/ompl-1.6/ompl/base/GenericParam.h:44[m[K,
                 from [01m[K/opt/ros/humble/include/ompl-1.6/ompl/base/ProjectionEvaluator.h:43[m[K,
                 from [01m[K/opt/ros/humble/include/ompl-1.6/ompl/base/StateSpace.h:43[m[K,
                 from [01m[K/opt/ros/humble/include/ompl-1.6/ompl/base/SpaceInformation.h:43[m[K,
                 from [01m[K/root/ros2_ws/src/mp.cpp:37[m[K:
[01m[K/usr/include/c++/11/iostream:61:18:[m[K [01;36m[Knote: [m[Kâ€˜[01m[Kstd::cout[m[Kâ€™ declared here
   61 |   extern ostream [01;36m[Kcout[m[K;          /// Linked to standard output
      |                  [01;36m[K^~~~[m[K
gmake[2]: *** [CMakeFiles/my_motion_planner.dir/build.make:76: CMakeFiles/my_motion_planner.dir/src/mp.cpp.o] Error 1
gmake[1]: *** [CMakeFiles/Makefile2:137: CMakeFiles/my_motion_planner.dir/all] Error 2
gmake: *** [Makefile:146: all] Error 2
