[0.041s] Invoking command in '/root/ros2_ws/build/my_robot_motion_planning': CMAKE_PREFIX_PATH=${CMAKE_PREFIX_PATH}:/opt/ros/humble /usr/bin/cmake --build /root/ros2_ws/build/my_robot_motion_planning -- -j12 -l12
[0.065s] [35m[1mConsolidate compiler generated dependencies of target my_motion_planner[0m
[0.075s] [ 50%] [32mBuilding CXX object CMakeFiles/my_motion_planner.dir/src/mp.cpp.o[0m
[0.873s] [01m[K/root/ros2_ws/src/mp.cpp:[m[K In function â€˜[01m[Kvoid planWithSimpleSetup()[m[Kâ€™:
[0.873s] [01m[K/root/ros2_ws/src/mp.cpp:172:6:[m[K [01;31m[Kerror: [m[Kâ€˜[01m[Kcout[m[Kâ€™ was not declared in this scope; did you mean â€˜[01m[Kstd::cout[m[Kâ€™?
[0.873s]   172 |      [01;31m[Kcout[m[K<<"GOAL:"<<goal;
[0.873s]       |      [01;31m[K^~~~[m[K
[0.873s]       |      [32m[Kstd::cout[m[K
[0.873s] In file included from [01m[K/opt/ros/humble/include/ompl-1.6/ompl/base/GenericParam.h:44[m[K,
[0.873s]                  from [01m[K/opt/ros/humble/include/ompl-1.6/ompl/base/ProjectionEvaluator.h:43[m[K,
[0.873s]                  from [01m[K/opt/ros/humble/include/ompl-1.6/ompl/base/StateSpace.h:43[m[K,
[0.873s]                  from [01m[K/opt/ros/humble/include/ompl-1.6/ompl/base/SpaceInformation.h:43[m[K,
[0.873s]                  from [01m[K/root/ros2_ws/src/mp.cpp:37[m[K:
[0.873s] [01m[K/usr/include/c++/11/iostream:61:18:[m[K [01;36m[Knote: [m[Kâ€˜[01m[Kstd::cout[m[Kâ€™ declared here
[0.873s]    61 |   extern ostream [01;36m[Kcout[m[K;          /// Linked to standard output
[0.873s]       |                  [01;36m[K^~~~[m[K
[1.024s] gmake[2]: *** [CMakeFiles/my_motion_planner.dir/build.make:76: CMakeFiles/my_motion_planner.dir/src/mp.cpp.o] Error 1
[1.024s] gmake[1]: *** [CMakeFiles/Makefile2:137: CMakeFiles/my_motion_planner.dir/all] Error 2
[1.024s] gmake: *** [Makefile:146: all] Error 2
[1.027s] Invoked command in '/root/ros2_ws/build/my_robot_motion_planning' returned '2': CMAKE_PREFIX_PATH=${CMAKE_PREFIX_PATH}:/opt/ros/humble /usr/bin/cmake --build /root/ros2_ws/build/my_robot_motion_planning -- -j12 -l12
