[0.034s] Invoking command in '/root/ros2_ws/build/my_robot_motion_planning': CMAKE_PREFIX_PATH=/opt/ros/humble /usr/bin/cmake --build /root/ros2_ws/build/my_robot_motion_planning -- -j12 -l12
[0.070s] [35m[1mConsolidate compiler generated dependencies of target my_motion_planner[0m
[0.085s] [ 50%] [32mBuilding CXX object CMakeFiles/my_motion_planner.dir/src/mp.cpp.o[0m
[0.272s] In file included from [01m[K/usr/include/c++/11/chrono:42[m[K,
[0.272s]                  from [01m[K/opt/ros/humble/include/tf2/time.h:32[m[K,
[0.272s]                  from [01m[K/usr/include/pthread.h:23[m[K,
[0.272s]                  from [01m[K/usr/include/x86_64-linux-gnu/c++/11/bits/gthr-default.h:35[m[K,
[0.272s]                  from [01m[K/usr/include/x86_64-linux-gnu/c++/11/bits/gthr.h:148[m[K,
[0.272s]                  from [01m[K/usr/include/c++/11/ext/atomicity.h:35[m[K,
[0.272s]                  from [01m[K/usr/include/c++/11/bits/shared_ptr_base.h:61[m[K,
[0.272s]                  from [01m[K/usr/include/c++/11/bits/shared_ptr.h:53[m[K,
[0.272s]                  from [01m[K/usr/include/c++/11/memory:77[m[K,
[0.272s]                  from [01m[K/opt/ros/humble/include/builtin_interfaces/builtin_interfaces/msg/detail/time__struct.hpp:10[m[K,
[0.272s]                  from [01m[K/opt/ros/humble/include/builtin_interfaces/builtin_interfaces/msg/time.hpp:7[m[K,
[0.272s]                  from [01m[K/root/ros2_ws/src/mp.cpp:1[m[K:
[0.272s] [01m[K/usr/include/c++/11/ctime:64:11:[m[K [01;31m[Kerror: [m[Kâ€˜[01m[Kclock[m[Kâ€™ has not been declared in â€˜[01m[K::[m[Kâ€™
[0.272s]    64 |   using ::[01;31m[Kclock[m[K;
[0.272s]       |           [01;31m[K^~~~~[m[K
[0.272s] [01m[K/usr/include/c++/11/ctime:65:11:[m[K [01;31m[Kerror: [m[Kâ€˜[01m[Kdifftime[m[Kâ€™ has not been declared in â€˜[01m[K::[m[Kâ€™
[0.272s]    65 |   using ::[01;31m[Kdifftime[m[K;
[0.272s]       |           [01;31m[K^~~~~~~~[m[K
[0.272s] [01m[K/usr/include/c++/11/ctime:66:11:[m[K [01;31m[Kerror: [m[Kâ€˜[01m[Kmktime[m[Kâ€™ has not been declared in â€˜[01m[K::[m[Kâ€™
[0.272s]    66 |   using ::[01;31m[Kmktime[m[K;
[0.272s]       |           [01;31m[K^~~~~~[m[K
[0.272s] [01m[K/usr/include/c++/11/ctime:67:11:[m[K [01;31m[Kerror: [m[Kâ€˜[01m[Ktime[m[Kâ€™ has not been declared in â€˜[01m[K::[m[Kâ€™
[0.272s]    67 |   using ::[01;31m[Ktime[m[K;
[0.272s]       |           [01;31m[K^~~~[m[K
[0.272s] [01m[K/usr/include/c++/11/ctime:68:11:[m[K [01;31m[Kerror: [m[Kâ€˜[01m[Kasctime[m[Kâ€™ has not been declared in â€˜[01m[K::[m[Kâ€™
[0.272s]    68 |   using ::[01;31m[Kasctime[m[K;
[0.272s]       |           [01;31m[K^~~~~~~[m[K
[0.272s] [01m[K/usr/include/c++/11/ctime:69:11:[m[K [01;31m[Kerror: [m[Kâ€˜[01m[Kctime[m[Kâ€™ has not been declared in â€˜[01m[K::[m[Kâ€™
[0.272s]    69 |   using ::[01;31m[Kctime[m[K;
[0.272s]       |           [01;31m[K^~~~~[m[K
[0.273s] [01m[K/usr/include/c++/11/ctime:70:11:[m[K [01;31m[Kerror: [m[Kâ€˜[01m[Kgmtime[m[Kâ€™ has not been declared in â€˜[01m[K::[m[Kâ€™
[0.273s]    70 |   using ::[01;31m[Kgmtime[m[K;
[0.273s]       |           [01;31m[K^~~~~~[m[K
[0.273s] [01m[K/usr/include/c++/11/ctime:71:11:[m[K [01;31m[Kerror: [m[Kâ€˜[01m[Klocaltime[m[Kâ€™ has not been declared in â€˜[01m[K::[m[Kâ€™
[0.273s]    71 |   using ::[01;31m[Klocaltime[m[K;
[0.273s]       |           [01;31m[K^~~~~~~~~[m[K
[0.273s] [01m[K/usr/include/c++/11/ctime:72:11:[m[K [01;31m[Kerror: [m[Kâ€˜[01m[Kstrftime[m[Kâ€™ has not been declared in â€˜[01m[K::[m[Kâ€™
[0.273s]    72 |   using ::[01;31m[Kstrftime[m[K;
[0.273s]       |           [01;31m[K^~~~~~~~[m[K
[0.273s] [01m[K/usr/include/c++/11/ctime:80:11:[m[K [01;31m[Kerror: [m[Kâ€˜[01m[Ktimespec_get[m[Kâ€™ has not been declared in â€˜[01m[K::[m[Kâ€™
[0.273s]    80 |   using ::[01;31m[Ktimespec_get[m[K;
[0.273s]       |           [01;31m[K^~~~~~~~~~~~[m[K
[0.410s] [01m[K/root/ros2_ws/src/mp.cpp:[m[K In function â€˜[01m[Kint main(int, char**)[m[Kâ€™:
[0.410s] [01m[K/root/ros2_ws/src/mp.cpp:234:15:[m[K [01;35m[Kwarning: [m[Kunused parameter â€˜[01m[Kargc[m[Kâ€™ [[01;35m[K]8;;https://gcc.gnu.org/onlinedocs/gcc/Warning-Options.html#index-Wunused-parameter-Wunused-parameter]8;;[m[K]
[0.410s]   234 |  int main([01;35m[Kint argc[m[K, char** argv)
[0.410s]       |           [01;35m[K~~~~^~~~[m[K
[0.410s] [01m[K/root/ros2_ws/src/mp.cpp:234:28:[m[K [01;35m[Kwarning: [m[Kunused parameter â€˜[01m[Kargv[m[Kâ€™ [[01;35m[K]8;;https://gcc.gnu.org/onlinedocs/gcc/Warning-Options.html#index-Wunused-parameter-Wunused-parameter]8;;[m[K]
[0.410s]   234 |  int main(int argc, [01;35m[Kchar** argv[m[K)
[0.410s]       |                     [01;35m[K~~~~~~~^~~~[m[K
[0.460s] gmake[2]: *** [CMakeFiles/my_motion_planner.dir/build.make:76: CMakeFiles/my_motion_planner.dir/src/mp.cpp.o] Error 1
[0.460s] gmake[1]: *** [CMakeFiles/Makefile2:137: CMakeFiles/my_motion_planner.dir/all] Error 2
[0.460s] gmake: *** [Makefile:146: all] Error 2
[0.463s] Invoked command in '/root/ros2_ws/build/my_robot_motion_planning' returned '2': CMAKE_PREFIX_PATH=/opt/ros/humble /usr/bin/cmake --build /root/ros2_ws/build/my_robot_motion_planning -- -j12 -l12
