<?xml version="1.0" encoding="UTF-8"?>
<Site BuildName="(empty)"
	BuildStamp="20231227-1058-Experimental"
	Name="vbs-Victus-by-HP-Gaming-Laptop-15-fa0xxx"
	Generator="ctest-3.22.1"
	CompilerName="/usr/bin/g++"
	CompilerVersion="11.4.0"
	OSName="Linux"
	Hostname="vbs-Victus-by-HP-Gaming-Laptop-15-fa0xxx"
	OSRelease="6.2.0-39-generic"
	OSVersion="#40~22.04.1-Ubuntu SMP PREEMPT_DYNAMIC Thu Nov 16 10:53:04 UTC 2"
	OSPlatform="x86_64"
	Is64Bits="1"
	VendorString="GenuineIntel"
	VendorID="Intel Corporation"
	FamilyID="6"
	ModelID="154"
	ProcessorCacheSize="12288"
	NumberOfLogicalCPU="12"
	NumberOfPhysicalCPU="8"
	TotalVirtualMemory="7739"
	TotalPhysicalMemory="15647"
	LogicalProcessorsPerPhysical="1"
	ProcessorClockFrequency="3928.63"
	>
	<Testing>
		<StartDateTime>Dec 27 16:28 IST</StartDateTime>
		<StartTestTime>1703674712</StartTestTime>
		<TestList/>
		<EndDateTime>Dec 27 16:28 IST</EndDateTime>
		<EndTestTime>1703674712</EndTestTime>
		<ElapsedMinutes>0</ElapsedMinutes>
	</Testing>
</Site>
