[0.034s] Invoking command in '/root/ros2_ws/build/my_robot_motion_planning': CMAKE_PREFIX_PATH=/opt/ros/humble /usr/bin/cmake --build /root/ros2_ws/build/my_robot_motion_planning -- -j12 -l12
[0.068s] [35m[1mConsolidate compiler generated dependencies of target my_motion_planner[0m
[0.086s] [ 50%] [32mBuilding CXX object CMakeFiles/my_motion_planner.dir/src/mp.cpp.o[0m
[0.422s] In file included from [01m[K/root/ros2_ws/src/mp.cpp:14[m[K:
[0.422s] [01m[K/opt/ros/humble/include/tf2_geometry_msgs/tf2_geometry_msgs.hpp:59:10:[m[K [01;31m[Kfatal error: [m[K/opt/ros/humble/include/tf2_ros/buffer_interface.h: No such file or directory
[0.423s]    59 | #include [01;31m[K"/opt/ros/humble/include/tf2_ros/buffer_interface.h"[m[K
[0.423s]       |          [01;31m[K^~~~~~~~~~~~~~~~~~~~~~~~~~~~~~~~~~~~~~~~~~~~~~~~~~~~[m[K
[0.423s] compilation terminated.
[0.435s] gmake[2]: *** [CMakeFiles/my_motion_planner.dir/build.make:76: CMakeFiles/my_motion_planner.dir/src/mp.cpp.o] Error 1
[0.436s] gmake[1]: *** [CMakeFiles/Makefile2:137: CMakeFiles/my_motion_planner.dir/all] Error 2
[0.436s] gmake: *** [Makefile:146: all] Error 2
[0.438s] Invoked command in '/root/ros2_ws/build/my_robot_motion_planning' returned '2': CMAKE_PREFIX_PATH=/opt/ros/humble /usr/bin/cmake --build /root/ros2_ws/build/my_robot_motion_planning -- -j12 -l12
