[0.033s] Invoking command in '/root/ros2_ws/build/my_robot_motion_planning': CMAKE_PREFIX_PATH=/opt/ros/humble /usr/bin/cmake --build /root/ros2_ws/build/my_robot_motion_planning -- -j12 -l12
[0.066s] [35m[1mConsolidate compiler generated dependencies of target my_motion_planner[0m
[0.084s] [ 50%] [32mBuilding CXX object CMakeFiles/my_motion_planner.dir/src/mp.cpp.o[0m
[0.142s] In file included from [01m[K/usr/include/c++/11/chrono:42[m[K,
[0.142s]                  from [01m[K/opt/ros/humble/include/tf2/time.h:32[m[K,
[0.142s]                  from [01m[K/root/ros2_ws/src/mp.cpp:1[m[K:
[0.142s] [01m[K/usr/include/c++/11/ctime:60:11:[m[K [01;31m[Kerror: [m[Kâ€˜[01m[Kclock_t[m[Kâ€™ has not been declared in â€˜[01m[K::[m[Kâ€™
[0.142s]    60 |   using ::[01;31m[Kclock_t[m[K;
[0.142s]       |           [01;31m[K^~~~~~~[m[K
[0.142s] [01m[K/usr/include/c++/11/ctime:61:11:[m[K [01;31m[Kerror: [m[Kâ€˜[01m[Ktime_t[m[Kâ€™ has not been declared in â€˜[01m[K::[m[Kâ€™
[0.142s]    61 |   using ::[01;31m[Ktime_t[m[K;
[0.142s]       |           [01;31m[K^~~~~~[m[K
[0.142s] [01m[K/usr/include/c++/11/ctime:62:11:[m[K [01;31m[Kerror: [m[Kâ€˜[01m[Ktm[m[Kâ€™ has not been declared in â€˜[01m[K::[m[Kâ€™
[0.142s]    62 |   using ::[01;31m[Ktm[m[K;
[0.142s]       |           [01;31m[K^~[m[K
[0.142s] [01m[K/usr/include/c++/11/ctime:64:11:[m[K [01;31m[Kerror: [m[Kâ€˜[01m[Kclock[m[Kâ€™ has not been declared in â€˜[01m[K::[m[Kâ€™
[0.142s]    64 |   using ::[01;31m[Kclock[m[K;
[0.142s]       |           [01;31m[K^~~~~[m[K
[0.142s] [01m[K/usr/include/c++/11/ctime:65:11:[m[K [01;31m[Kerror: [m[Kâ€˜[01m[Kdifftime[m[Kâ€™ has not been declared in â€˜[01m[K::[m[Kâ€™
[0.142s]    65 |   using ::[01;31m[Kdifftime[m[K;
[0.142s]       |           [01;31m[K^~~~~~~~[m[K
[0.142s] [01m[K/usr/include/c++/11/ctime:66:11:[m[K [01;31m[Kerror: [m[Kâ€˜[01m[Kmktime[m[Kâ€™ has not been declared in â€˜[01m[K::[m[Kâ€™
[0.142s]    66 |   using ::[01;31m[Kmktime[m[K;
[0.142s]       |           [01;31m[K^~~~~~[m[K
[0.142s] [01m[K/usr/include/c++/11/ctime:67:11:[m[K [01;31m[Kerror: [m[Kâ€˜[01m[Ktime[m[Kâ€™ has not been declared in â€˜[01m[K::[m[Kâ€™
[0.142s]    67 |   using ::[01;31m[Ktime[m[K;
[0.143s]       |           [01;31m[K^~~~[m[K
[0.143s] [01m[K/usr/include/c++/11/ctime:68:11:[m[K [01;31m[Kerror: [m[Kâ€˜[01m[Kasctime[m[Kâ€™ has not been declared in â€˜[01m[K::[m[Kâ€™
[0.143s]    68 |   using ::[01;31m[Kasctime[m[K;
[0.143s]       |           [01;31m[K^~~~~~~[m[K
[0.143s] [01m[K/usr/include/c++/11/ctime:69:11:[m[K [01;31m[Kerror: [m[Kâ€˜[01m[Kctime[m[Kâ€™ has not been declared in â€˜[01m[K::[m[Kâ€™
[0.143s]    69 |   using ::[01;31m[Kctime[m[K;
[0.143s]       |           [01;31m[K^~~~~[m[K
[0.143s] [01m[K/usr/include/c++/11/ctime:70:11:[m[K [01;31m[Kerror: [m[Kâ€˜[01m[Kgmtime[m[Kâ€™ has not been declared in â€˜[01m[K::[m[Kâ€™
[0.143s]    70 |   using ::[01;31m[Kgmtime[m[K;
[0.143s]       |           [01;31m[K^~~~~~[m[K
[0.143s] [01m[K/usr/include/c++/11/ctime:71:11:[m[K [01;31m[Kerror: [m[Kâ€˜[01m[Klocaltime[m[Kâ€™ has not been declared in â€˜[01m[K::[m[Kâ€™
[0.143s]    71 |   using ::[01;31m[Klocaltime[m[K;
[0.143s]       |           [01;31m[K^~~~~~~~~[m[K
[0.143s] [01m[K/usr/include/c++/11/ctime:72:11:[m[K [01;31m[Kerror: [m[Kâ€˜[01m[Kstrftime[m[Kâ€™ has not been declared in â€˜[01m[K::[m[Kâ€™
[0.143s]    72 |   using ::[01;31m[Kstrftime[m[K;
[0.143s]       |           [01;31m[K^~~~~~~~[m[K
[0.143s] [01m[K/usr/include/c++/11/ctime:79:11:[m[K [01;31m[Kerror: [m[Kâ€˜[01m[Ktimespec[m[Kâ€™ has not been declared in â€˜[01m[K::[m[Kâ€™
[0.143s]    79 |   using ::[01;31m[Ktimespec[m[K;
[0.143s]       |           [01;31m[K^~~~~~~~[m[K
[0.143s] [01m[K/usr/include/c++/11/ctime:80:11:[m[K [01;31m[Kerror: [m[Kâ€˜[01m[Ktimespec_get[m[Kâ€™ has not been declared in â€˜[01m[K::[m[Kâ€™
[0.143s]    80 |   using ::[01;31m[Ktimespec_get[m[K;
[0.143s]       |           [01;31m[K^~~~~~~~~~~~[m[K
[0.146s] In file included from [01m[K/opt/ros/humble/include/tf2/time.h:32[m[K,
[0.146s]                  from [01m[K/root/ros2_ws/src/mp.cpp:1[m[K:
[0.147s] [01m[K/usr/include/c++/11/chrono:1142:19:[m[K [01;31m[Kerror: [m[Kâ€˜[01m[Ktime_t[m[Kâ€™ in namespace â€˜[01m[Kstd[m[Kâ€™ does not name a type; did you mean â€˜[01m[Ksize_t[m[Kâ€™?
[0.147s]  1142 |       static std::[01;31m[Ktime_t[m[K
[0.147s]       |                   [01;31m[K^~~~~~[m[K
[0.147s]       |                   [32m[Ksize_t[m[K
[0.147s] [01m[K/usr/include/c++/11/chrono:1150:19:[m[K [01;31m[Kerror: [m[Kâ€˜[01m[Kstd::time_t[m[Kâ€™ has not been declared
[0.147s]  1150 |       from_time_t([01;31m[Kstd[m[K::time_t __t) noexcept
[0.147s]       |                   [01;31m[K^~~[m[K
[0.214s] [01m[K/root/ros2_ws/src/mp.cpp:[m[K In function â€˜[01m[Kint main(int, char**)[m[Kâ€™:
[0.214s] [01m[K/root/ros2_ws/src/mp.cpp:233:15:[m[K [01;35m[Kwarning: [m[Kunused parameter â€˜[01m[Kargc[m[Kâ€™ [[01;35m[K]8;;https://gcc.gnu.org/onlinedocs/gcc/Warning-Options.html#index-Wunused-parameter-Wunused-parameter]8;;[m[K]
[0.214s]   233 |  int main([01;35m[Kint argc[m[K, char** argv)
[0.214s]       |           [01;35m[K~~~~^~~~[m[K
[0.214s] [01m[K/root/ros2_ws/src/mp.cpp:233:28:[m[K [01;35m[Kwarning: [m[Kunused parameter â€˜[01m[Kargv[m[Kâ€™ [[01;35m[K]8;;https://gcc.gnu.org/onlinedocs/gcc/Warning-Options.html#index-Wunused-parameter-Wunused-parameter]8;;[m[K]
[0.214s]   233 |  int main(int argc, [01;35m[Kchar** argv[m[K)
[0.214s]       |                     [01;35m[K~~~~~~~^~~~[m[K
[0.255s] gmake[2]: *** [CMakeFiles/my_motion_planner.dir/build.make:76: CMakeFiles/my_motion_planner.dir/src/mp.cpp.o] Error 1
[0.255s] gmake[1]: *** [CMakeFiles/Makefile2:137: CMakeFiles/my_motion_planner.dir/all] Error 2
[0.255s] gmake: *** [Makefile:146: all] Error 2
[0.257s] Invoked command in '/root/ros2_ws/build/my_robot_motion_planning' returned '2': CMAKE_PREFIX_PATH=/opt/ros/humble /usr/bin/cmake --build /root/ros2_ws/build/my_robot_motion_planning -- -j12 -l12
