[0.043s] Invoking command in '/root/ros2_ws/build/my_robot_motion_planning': CMAKE_PREFIX_PATH=${CMAKE_PREFIX_PATH}:/opt/ros/humble /usr/bin/cmake --build /root/ros2_ws/build/my_robot_motion_planning -- -j12 -l12
[0.077s] [35m[1mConsolidate compiler generated dependencies of target my_motion_planner[0m
[0.096s] [ 50%] [32mBuilding CXX object CMakeFiles/my_motion_planner.dir/src/mp.cpp.o[0m
[2.750s] [01m[K/root/ros2_ws/src/mp.cpp:[m[K In function â€˜[01m[Kbool isStateValid(const ompl::base::State*)[m[Kâ€™:
[2.750s] [01m[K/root/ros2_ws/src/mp.cpp:42:16:[m[K [01;31m[Kerror: [m[Kexpected primary-expression before â€˜[01m[Kintensity[m[Kâ€™
[2.750s]    42 |     cv::Scalar [01;31m[Kintensity[m[K = image.at<uchar>(cv::Point(static_cast<int>(y/0.05), static_cast<int>(x/ 0.05)));
[2.750s]       |                [01;31m[K^~~~~~~~~[m[K
[2.750s] [01m[K/root/ros2_ws/src/mp.cpp:43:5:[m[K [01;31m[Kerror: [m[Kexpected primary-expression before â€˜[01m[Kif[m[Kâ€™
[2.750s]    43 |     [01;31m[Kif[m[K(intensity.val[0]<=occt){
[2.750s]       |     [01;31m[K^~[m[K
[2.750s] [01m[K/root/ros2_ws/src/mp.cpp:42:108:[m[K [01;31m[Kerror: [m[Kexpected â€˜[01m[K)[m[Kâ€™ before â€˜[01m[Kif[m[Kâ€™
[2.750s]    42 |     cv::Scalar intensity = image.at<uchar>(cv::Point(static_cast<int>(y/0.05), static_cast<int>(x/ 0.05)));
[2.751s]       |                                                                                                            [01;31m[K^[m[K
[2.751s]       |                                                                                                            [32m[K)[m[K
[2.751s]    43 |     [32m[Kif[m[K(intensity.val[0]<=occt){
[2.751s]       |     [32m[K~~[m[K                                                                                                      
[2.751s] [01m[K/root/ros2_ws/src/mp.cpp:41:7:[m[K [01;36m[Knote: [m[Kto match this â€˜[01m[K([m[Kâ€™
[2.751s]    41 |     if[01;36m[K([m[Kx<
[2.751s]       |       [01;36m[K^[m[K
[2.751s] [01m[K/root/ros2_ws/src/mp.cpp:46:17:[m[K [01;35m[Kwarning: [m[Ksuggest braces around empty body in an â€˜[01m[Kif[m[Kâ€™ statement [[01;35m[K]8;;https://gcc.gnu.org/onlinedocs/gcc/Warning-Options.html#index-Wempty-body-Wempty-body]8;;[m[K]
[2.751s]    46 |      return true[01;35m[K;[m[K
[2.751s]       |                 [01;35m[K^[m[K
[2.751s] [01m[K/root/ros2_ws/src/mp.cpp:28:21:[m[K [01;35m[Kwarning: [m[Kunused variable â€˜[01m[Krot[m[Kâ€™ [[01;35m[K]8;;https://gcc.gnu.org/onlinedocs/gcc/Warning-Options.html#index-Wunused-variable-Wunused-variable]8;;[m[K]
[2.751s]    28 |         const auto *[01;35m[Krot[m[K = se2state->as<ob::SO2StateSpace::StateType>(1);
[2.751s]       |                     [01;35m[K^~~[m[K
[2.751s] [01m[K/root/ros2_ws/src/mp.cpp:30:16:[m[K [01;35m[Kwarning: [m[Kunused variable â€˜[01m[Ky[m[Kâ€™ [[01;35m[K]8;;https://gcc.gnu.org/onlinedocs/gcc/Warning-Options.html#index-Wunused-variable-Wunused-variable]8;;[m[K]
[2.751s]    30 |         double [01;35m[Ky[m[K = (*pos)[1];
[2.751s]       |                [01;35m[K^[m[K
[3.576s] [01m[K/root/ros2_ws/src/mp.cpp:47:2:[m[K [01;35m[Kwarning: [m[Kcontrol reaches end of non-void function [[01;35m[K]8;;https://gcc.gnu.org/onlinedocs/gcc/Warning-Options.html#index-Wreturn-type-Wreturn-type]8;;[m[K]
[3.576s]    47 |  [01;35m[K}[m[K
[3.576s]       |  [01;35m[K^[m[K
[3.668s] gmake[2]: *** [CMakeFiles/my_motion_planner.dir/build.make:76: CMakeFiles/my_motion_planner.dir/src/mp.cpp.o] Error 1
[3.668s] gmake[1]: *** [CMakeFiles/Makefile2:137: CMakeFiles/my_motion_planner.dir/all] Error 2
[3.668s] gmake: *** [Makefile:146: all] Error 2
[3.670s] Invoked command in '/root/ros2_ws/build/my_robot_motion_planning' returned '2': CMAKE_PREFIX_PATH=${CMAKE_PREFIX_PATH}:/opt/ros/humble /usr/bin/cmake --build /root/ros2_ws/build/my_robot_motion_planning -- -j12 -l12
