[0.030s] Invoking command in '/root/ros2_ws/build/my_robot_motion_planning': CMAKE_PREFIX_PATH=/opt/ros/humble /usr/bin/cmake --build /root/ros2_ws/build/my_robot_motion_planning -- -j12 -l12
[0.074s] [ 50%] [32mBuilding CXX object CMakeFiles/my_motion_planner.dir/src/mp.cpp.o[0m
[2.674s] [01m[K/root/ros2_ws/src/mp.cpp:[m[K In function â€˜[01m[Kbool isStateValid(const ompl::base::State*)[m[Kâ€™:
[2.674s] [01m[K/root/ros2_ws/src/mp.cpp:47:9:[m[K [01;31m[Kerror: [m[Kâ€˜[01m[Kcout[m[Kâ€™ was not declared in this scope; did you mean â€˜[01m[Kstd::cout[m[Kâ€™?
[2.674s]    47 |         [01;31m[Kcout[m[K << "Default Exception\n";
[2.674s]       |         [01;31m[K^~~~[m[K
[2.674s]       |         [32m[Kstd::cout[m[K
[2.674s] In file included from [01m[K/opt/ros/humble/include/ompl-1.6/ompl/base/GenericParam.h:44[m[K,
[2.674s]                  from [01m[K/opt/ros/humble/include/ompl-1.6/ompl/base/ProjectionEvaluator.h:43[m[K,
[2.674s]                  from [01m[K/opt/ros/humble/include/ompl-1.6/ompl/base/StateSpace.h:43[m[K,
[2.674s]                  from [01m[K/opt/ros/humble/include/ompl-1.6/ompl/base/SpaceInformation.h:43[m[K,
[2.674s]                  from [01m[K/root/ros2_ws/src/mp.cpp:3[m[K:
[2.674s] [01m[K/usr/include/c++/11/iostream:61:18:[m[K [01;36m[Knote: [m[Kâ€˜[01m[Kstd::cout[m[Kâ€™ declared here
[2.674s]    61 |   extern ostream [01;36m[Kcout[m[K;          /// Linked to standard output
[2.674s]       |                  [01;36m[K^~~~[m[K
[3.512s] gmake[2]: *** [CMakeFiles/my_motion_planner.dir/build.make:76: CMakeFiles/my_motion_planner.dir/src/mp.cpp.o] Error 1
[3.513s] gmake[1]: *** [CMakeFiles/Makefile2:137: CMakeFiles/my_motion_planner.dir/all] Error 2
[3.513s] gmake: *** [Makefile:146: all] Error 2
[3.514s] Invoked command in '/root/ros2_ws/build/my_robot_motion_planning' returned '2': CMAKE_PREFIX_PATH=/opt/ros/humble /usr/bin/cmake --build /root/ros2_ws/build/my_robot_motion_planning -- -j12 -l12
