[0.032s] Invoking command in '/root/ros2_ws/build/my_robot_motion_planning': CMAKE_PREFIX_PATH=/opt/ros/humble /usr/bin/cmake --build /root/ros2_ws/build/my_robot_motion_planning -- -j12 -l12
[0.052s] -- Found ament_cmake: 1.3.6 (/opt/ros/humble/share/ament_cmake/cmake)
[0.141s] -- Override CMake install command with custom implementation using symlinks instead of copying resources
[0.151s] -- Found rclcpp: 16.0.7 (/opt/ros/humble/share/rclcpp/cmake)
[0.176s] -- Found rosidl_generator_c: 3.1.5 (/opt/ros/humble/share/rosidl_generator_c/cmake)
[0.178s] -- Found rosidl_adapter: 3.1.5 (/opt/ros/humble/share/rosidl_adapter/cmake)
[0.183s] -- Found rosidl_generator_cpp: 3.1.5 (/opt/ros/humble/share/rosidl_generator_cpp/cmake)
[0.192s] -- Using all available rosidl_typesupport_c: rosidl_typesupport_fastrtps_c;rosidl_typesupport_introspection_c
[0.202s] -- Using all available rosidl_typesupport_cpp: rosidl_typesupport_fastrtps_cpp;rosidl_typesupport_introspection_cpp
[0.244s] -- Found rmw_implementation_cmake: 6.1.1 (/opt/ros/humble/share/rmw_implementation_cmake/cmake)
[0.245s] -- Found rmw_fastrtps_cpp: 6.2.5 (/opt/ros/humble/share/rmw_fastrtps_cpp/cmake)
[0.325s] -- Using RMW implementation 'rmw_fastrtps_cpp' as default
[0.426s] -- Found nav_msgs: 4.2.3 (/opt/ros/humble/share/nav_msgs/cmake)
[0.507s] -- Found tf2: 0.25.5 (/opt/ros/humble/share/tf2/cmake)
[0.513s] -- Found tf2_geometry_msgs: 0.25.5 (/opt/ros/humble/share/tf2_geometry_msgs/cmake)
[0.517s] -- Found eigen3_cmake_module: 0.1.1 (/opt/ros/humble/share/eigen3_cmake_module/cmake)
[0.518s] -- Ensuring Eigen3 include directory is part of orocos-kdl CMake target
[0.735s] -- Found ament_lint_auto: 0.12.9 (/opt/ros/humble/share/ament_lint_auto/cmake)
[0.839s] -- Added test 'cppcheck' to perform static code analysis on C / C++ code
[0.840s] -- Configured cppcheck include dirs: 
[0.840s] -- Configured cppcheck exclude dirs and/or files: 
[0.843s] -- Added test 'flake8' to check Python code syntax and style conventions
[0.849s] -- Added test 'lint_cmake' to check CMake code style
[0.853s] -- Added test 'pep257' to check Python code against some of the docstring style conventions in PEP 257
[0.877s] -- Added test 'uncrustify' to check C / C++ code style
[0.877s] -- Configured uncrustify additional arguments: 
[0.880s] -- Added test 'xmllint' to check XML markup files
[0.881s] -- Configuring done
[0.979s] -- Generating done
[0.980s] -- Build files have been written to: /root/ros2_ws/build/my_robot_motion_planning
[1.003s] [35m[1mConsolidate compiler generated dependencies of target my_motion_planner[0m
[1.023s] [ 50%] [32mBuilding CXX object CMakeFiles/my_motion_planner.dir/src/mp.cpp.o[0m
[1.358s] In file included from [01m[K/usr/include/c++/11/chrono:42[m[K,
[1.358s]                  from [01m[K/opt/ros/humble/include/tf2/time.h:32[m[K,
[1.358s]                  from [01m[K/usr/include/pthread.h:23[m[K,
[1.358s]                  from [01m[K/usr/include/x86_64-linux-gnu/c++/11/bits/gthr-default.h:35[m[K,
[1.358s]                  from [01m[K/usr/include/x86_64-linux-gnu/c++/11/bits/gthr.h:148[m[K,
[1.358s]                  from [01m[K/usr/include/c++/11/ext/atomicity.h:35[m[K,
[1.358s]                  from [01m[K/usr/include/c++/11/bits/ios_base.h:39[m[K,
[1.358s]                  from [01m[K/usr/include/c++/11/streambuf:41[m[K,
[1.358s]                  from [01m[K/usr/include/c++/11/bits/streambuf_iterator.h:35[m[K,
[1.358s]                  from [01m[K/usr/include/c++/11/iterator:66[m[K,
[1.358s]                  from [01m[K/usr/include/boost/concept_check.hpp:22[m[K,
[1.358s]                  from [01m[K/opt/ros/humble/include/ompl-1.6/ompl/base/State.h:40[m[K,
[1.359s]                  from [01m[K/opt/ros/humble/include/ompl-1.6/ompl/base/SpaceInformation.h:40[m[K,
[1.359s]                  from [01m[K/root/ros2_ws/src/mp.cpp:1[m[K:
[1.359s] [01m[K/usr/include/c++/11/ctime:64:11:[m[K [01;31m[Kerror: [m[Kâ€˜[01m[Kclock[m[Kâ€™ has not been declared in â€˜[01m[K::[m[Kâ€™
[1.359s]    64 |   using ::[01;31m[Kclock[m[K;
[1.359s]       |           [01;31m[K^~~~~[m[K
[1.359s] [01m[K/usr/include/c++/11/ctime:65:11:[m[K [01;31m[Kerror: [m[Kâ€˜[01m[Kdifftime[m[Kâ€™ has not been declared in â€˜[01m[K::[m[Kâ€™
[1.359s]    65 |   using ::[01;31m[Kdifftime[m[K;
[1.359s]       |           [01;31m[K^~~~~~~~[m[K
[1.359s] [01m[K/usr/include/c++/11/ctime:66:11:[m[K [01;31m[Kerror: [m[Kâ€˜[01m[Kmktime[m[Kâ€™ has not been declared in â€˜[01m[K::[m[Kâ€™
[1.359s]    66 |   using ::[01;31m[Kmktime[m[K;
[1.359s]       |           [01;31m[K^~~~~~[m[K
[1.359s] [01m[K/usr/include/c++/11/ctime:67:11:[m[K [01;31m[Kerror: [m[Kâ€˜[01m[Ktime[m[Kâ€™ has not been declared in â€˜[01m[K::[m[Kâ€™
[1.359s]    67 |   using ::[01;31m[Ktime[m[K;
[1.359s]       |           [01;31m[K^~~~[m[K
[1.359s] [01m[K/usr/include/c++/11/ctime:68:11:[m[K [01;31m[Kerror: [m[Kâ€˜[01m[Kasctime[m[Kâ€™ has not been declared in â€˜[01m[K::[m[Kâ€™
[1.359s]    68 |   using ::[01;31m[Kasctime[m[K;
[1.360s]       |           [01;31m[K^~~~~~~[m[K
[1.360s] [01m[K/usr/include/c++/11/ctime:69:11:[m[K [01;31m[Kerror: [m[Kâ€˜[01m[Kctime[m[Kâ€™ has not been declared in â€˜[01m[K::[m[Kâ€™
[1.360s]    69 |   using ::[01;31m[Kctime[m[K;
[1.360s]       |           [01;31m[K^~~~~[m[K
[1.360s] [01m[K/usr/include/c++/11/ctime:70:11:[m[K [01;31m[Kerror: [m[Kâ€˜[01m[Kgmtime[m[Kâ€™ has not been declared in â€˜[01m[K::[m[Kâ€™
[1.360s]    70 |   using ::[01;31m[Kgmtime[m[K;
[1.360s]       |           [01;31m[K^~~~~~[m[K
[1.360s] [01m[K/usr/include/c++/11/ctime:71:11:[m[K [01;31m[Kerror: [m[Kâ€˜[01m[Klocaltime[m[Kâ€™ has not been declared in â€˜[01m[K::[m[Kâ€™
[1.360s]    71 |   using ::[01;31m[Klocaltime[m[K;
[1.360s]       |           [01;31m[K^~~~~~~~~[m[K
[1.360s] [01m[K/usr/include/c++/11/ctime:72:11:[m[K [01;31m[Kerror: [m[Kâ€˜[01m[Kstrftime[m[Kâ€™ has not been declared in â€˜[01m[K::[m[Kâ€™
[1.360s]    72 |   using ::[01;31m[Kstrftime[m[K;
[1.360s]       |           [01;31m[K^~~~~~~~[m[K
[1.360s] [01m[K/usr/include/c++/11/ctime:80:11:[m[K [01;31m[Kerror: [m[Kâ€˜[01m[Ktimespec_get[m[Kâ€™ has not been declared in â€˜[01m[K::[m[Kâ€™
[1.360s]    80 |   using ::[01;31m[Ktimespec_get[m[K;
[1.360s]       |           [01;31m[K^~~~~~~~~~~~[m[K
[1.928s] In file included from [01m[K/opt/ros/humble/include/ompl-1.6/ompl/base/PlannerTerminationCondition.h:43[m[K,
[1.928s]                  from [01m[K/opt/ros/humble/include/ompl-1.6/ompl/base/Planner.h:44[m[K,
[1.928s]                  from [01m[K/opt/ros/humble/include/ompl-1.6/ompl/geometric/planners/PlannerIncludes.h:40[m[K,
[1.928s]                  from [01m[K/opt/ros/humble/include/ompl-1.6/ompl/geometric/planners/rrt/RRTConnect.h:41[m[K,
[1.928s]                  from [01m[K/root/ros2_ws/src/mp.cpp:3[m[K:
[1.928s] [01m[K/opt/ros/humble/include/ompl-1.6/ompl/util/Time.h:[m[K In function â€˜[01m[Kstd::string ompl::time::as_string(const point&)[m[Kâ€™:
[1.928s] [01m[K/opt/ros/humble/include/ompl-1.6/ompl/util/Time.h:82:38:[m[K [01;31m[Kerror: [m[Kâ€˜[01m[Klocaltime[m[Kâ€™ is not a member of â€˜[01m[Kstd[m[Kâ€™; did you mean â€˜[01m[Klocale[m[Kâ€™?
[1.928s]    82 |             ss << std::put_time(std::[01;31m[Klocaltime[m[K(&pt), "%F %T");
[1.929s]       |                                      [01;31m[K^~~~~~~~~[m[K
[1.929s]       |                                      [32m[Klocale[m[K
[2.034s] In file included from [01m[K/usr/local/include/opencv4/opencv2/core/utility.hpp:62[m[K,
[2.034s]                  from [01m[K/usr/local/include/opencv4/opencv2/core.hpp:3392[m[K,
[2.034s]                  from [01m[K/usr/local/include/opencv4/opencv2/opencv.hpp:52[m[K,
[2.034s]                  from [01m[K/root/ros2_ws/src/mp.cpp:5[m[K:
[2.034s] [01m[K/usr/include/c++/11/mutex:[m[K In member function â€˜[01m[Kbool std::__timed_mutex_impl<_Derived>::_M_try_lock_until(const std::chrono::time_point<std::chrono::_V2::steady_clock, _Duration>&)[m[Kâ€™:
[2.034s] [01m[K/usr/include/c++/11/mutex:185:61:[m[K [01;31m[Kerror: [m[Kâ€˜[01m[KCLOCK_MONOTONIC[m[Kâ€™ was not declared in this scope
[2.034s]   185 |           return static_cast<_Derived*>(this)->_M_clocklock([01;31m[KCLOCK_MONOTONIC[m[K,
[2.034s]       |                                                             [01;31m[K^~~~~~~~~~~~~~~[m[K
[2.438s] In file included from [01m[K/usr/include/c++/11/future:39[m[K,
[2.438s]                  from [01m[K/opt/ros/humble/include/rclcpp/rclcpp/executors.hpp:18[m[K,
[2.438s]                  from [01m[K/opt/ros/humble/include/rclcpp/rclcpp/rclcpp.hpp:155[m[K,
[2.439s]                  from [01m[K/root/ros2_ws/src/mp.cpp:10[m[K:
[2.439s] [01m[K/usr/include/c++/11/condition_variable:[m[K In member function â€˜[01m[Kstd::cv_status std::condition_variable::__wait_until_impl(std::unique_lock<std::mutex>&, const std::chrono::time_point<std::chrono::_V2::steady_clock, _Duration>&)[m[Kâ€™:
[2.439s] [01m[K/usr/include/c++/11/condition_variable:201:45:[m[K [01;31m[Kerror: [m[Kâ€˜[01m[KCLOCK_MONOTONIC[m[Kâ€™ was not declared in this scope
[2.439s]   201 |         _M_cond.wait_until(*__lock.mutex(), [01;31m[KCLOCK_MONOTONIC[m[K, __ts);
[2.439s]       |                                             [01;31m[K^~~~~~~~~~~~~~~[m[K
[2.478s] In file included from [01m[K/usr/include/c++/11/thread:44[m[K,
[2.478s]                  from [01m[K/opt/ros/humble/include/rclcpp/rclcpp/executors/multi_threaded_executor.hpp:22[m[K,
[2.478s]                  from [01m[K/opt/ros/humble/include/rclcpp/rclcpp/executors.hpp:21[m[K,
[2.478s]                  from [01m[K/opt/ros/humble/include/rclcpp/rclcpp/rclcpp.hpp:155[m[K,
[2.478s]                  from [01m[K/root/ros2_ws/src/mp.cpp:10[m[K:
[2.478s] [01m[K/usr/include/c++/11/bits/this_thread_sleep.h:[m[K In function â€˜[01m[Kvoid std::this_thread::sleep_for(const std::chrono::duration<_Rep1, _Period1>&)[m[Kâ€™:
[2.478s] [01m[K/usr/include/c++/11/bits/this_thread_sleep.h:82:18:[m[K [01;31m[Kerror: [m[Kâ€˜[01m[K::nanosleep[m[Kâ€™ has not been declared
[2.478s]    82 |         while (::[01;31m[Knanosleep[m[K(&__ts, &__ts) == -1 && errno == EINTR)
[2.478s]       |                  [01;31m[K^~~~~~~~~[m[K
[2.657s] In file included from [01m[K/opt/ros/humble/include/rclcpp/rclcpp/experimental/intra_process_manager.hpp:20[m[K,
[2.657s]                  from [01m[K/opt/ros/humble/include/rclcpp/rclcpp/subscription_base.hpp:34[m[K,
[2.658s]                  from [01m[K/opt/ros/humble/include/rclcpp/rclcpp/callback_group.hpp:29[m[K,
[2.658s]                  from [01m[K/opt/ros/humble/include/rclcpp/rclcpp/any_executable.hpp:20[m[K,
[2.658s]                  from [01m[K/opt/ros/humble/include/rclcpp/rclcpp/memory_strategy.hpp:25[m[K,
[2.658s]                  from [01m[K/opt/ros/humble/include/rclcpp/rclcpp/memory_strategies.hpp:18[m[K,
[2.658s]                  from [01m[K/opt/ros/humble/include/rclcpp/rclcpp/executor_options.hpp:20[m[K,
[2.658s]                  from [01m[K/opt/ros/humble/include/rclcpp/rclcpp/executor.hpp:37[m[K,
[2.658s]                  from [01m[K/opt/ros/humble/include/rclcpp/rclcpp/executors/multi_threaded_executor.hpp:25[m[K,
[2.658s]                  from [01m[K/opt/ros/humble/include/rclcpp/rclcpp/executors.hpp:21[m[K,
[2.658s]                  from [01m[K/opt/ros/humble/include/rclcpp/rclcpp/rclcpp.hpp:155[m[K,
[2.658s]                  from [01m[K/root/ros2_ws/src/mp.cpp:10[m[K:
[2.658s] [01m[K/usr/include/c++/11/shared_mutex:[m[K In member function â€˜[01m[Kbool std::shared_timed_mutex::try_lock_until(const std::chrono::time_point<std::chrono::_V2::steady_clock, _Duration>&)[m[Kâ€™:
[2.658s] [01m[K/usr/include/c++/11/shared_mutex:546:60:[m[K [01;31m[Kerror: [m[Kâ€˜[01m[KCLOCK_MONOTONIC[m[Kâ€™ was not declared in this scope
[2.658s]   546 |         int __ret = pthread_rwlock_clockwrlock(&_M_rwlock, [01;31m[KCLOCK_MONOTONIC[m[K,
[2.658s]       |                                                            [01;31m[K^~~~~~~~~~~~~~~[m[K
[2.667s] [01m[K/usr/include/c++/11/shared_mutex:[m[K In member function â€˜[01m[Kbool std::shared_timed_mutex::try_lock_shared_until(const std::chrono::time_point<std::chrono::_V2::steady_clock, _Duration>&)[m[Kâ€™:
[2.667s] [01m[K/usr/include/c++/11/shared_mutex:633:60:[m[K [01;31m[Kerror: [m[Kâ€˜[01m[KCLOCK_MONOTONIC[m[Kâ€™ was not declared in this scope
[2.667s]   633 |         int __ret = pthread_rwlock_clockrdlock(&_M_rwlock, [01;31m[KCLOCK_MONOTONIC[m[K,
[2.667s]       |                                                            [01;31m[K^~~~~~~~~~~~~~~[m[K
[3.616s] [01m[K/root/ros2_ws/src/mp.cpp:[m[K In function â€˜[01m[Kvoid plan(const SharedPtr&, const SharedPtr&)[m[Kâ€™:
[3.616s] [01m[K/root/ros2_ws/src/mp.cpp:53:115:[m[K [01;35m[Kwarning: [m[Kunused parameter â€˜[01m[Knode[m[Kâ€™ [[01;35m[K]8;;https://gcc.gnu.org/onlinedocs/gcc/Warning-Options.html#index-Wunused-parameter-Wunused-parameter]8;;[m[K]
[3.616s]    53 |  void plan(const rclcpp::Publisher<nav_msgs::msg::Path>::SharedPtr& path_publisher,[01;35m[Kconst rclcpp::Node::SharedPtr& node[m[K)
[3.616s]       |                                                                                    [01;35m[K~~~~~~~~~~~~~~~~~~~~~~~~~~~~~~~^~~~[m[K
[3.619s] [01m[K/root/ros2_ws/src/mp.cpp:[m[K In function â€˜[01m[Kvoid planWithSimpleSetup(const SharedPtr&, const SharedPtr&)[m[Kâ€™:
[3.619s] [01m[K/root/ros2_ws/src/mp.cpp:209:51:[m[K [01;31m[Kerror: [m[Kbase operand of â€˜[01m[K->[m[Kâ€™ has non-pointer type â€˜[01m[Kompl::geometric::PathGeometric[m[Kâ€™
[3.619s]   209 |          for (std::size_t i = 0; i < solution_path[01;31m[K->[m[KgetStateCount(); ++i)
[3.619s]       |                                                   [01;31m[K^~[m[K
[3.619s] [01m[K/root/ros2_ws/src/mp.cpp:211:51:[m[K [01;31m[Kerror: [m[Kbase operand of â€˜[01m[K->[m[Kâ€™ has non-pointer type â€˜[01m[Kompl::geometric::PathGeometric[m[Kâ€™
[3.619s]   211 |             const ob::State* state = solution_path[01;31m[K->[m[KgetState(i);
[3.619s]       |                                                   [01;31m[K^~[m[K
[4.459s] gmake[2]: *** [CMakeFiles/my_motion_planner.dir/build.make:76: CMakeFiles/my_motion_planner.dir/src/mp.cpp.o] Error 1
[4.459s] gmake[1]: *** [CMakeFiles/Makefile2:137: CMakeFiles/my_motion_planner.dir/all] Error 2
[4.459s] gmake: *** [Makefile:146: all] Error 2
[4.462s] Invoked command in '/root/ros2_ws/build/my_robot_motion_planning' returned '2': CMAKE_PREFIX_PATH=/opt/ros/humble /usr/bin/cmake --build /root/ros2_ws/build/my_robot_motion_planning -- -j12 -l12
