[0.034s] Invoking command in '/root/ros2_ws/build/my_robot_motion_planning': CMAKE_PREFIX_PATH=/opt/ros/humble /usr/bin/cmake --build /root/ros2_ws/build/my_robot_motion_planning -- -j12 -l12
[0.078s] [35m[1mConsolidate compiler generated dependencies of target my_motion_planner[0m
[0.102s] [ 50%] [32mBuilding CXX object CMakeFiles/my_motion_planner.dir/src/mp.cpp.o[0m
[2.803s] [01m[K/root/ros2_ws/src/mp.cpp:[m[K In function â€˜[01m[Kvoid plan()[m[Kâ€™:
[2.803s] [01m[K/root/ros2_ws/src/mp.cpp:125:34:[m[K [01;31m[Kerror: [m[Kâ€˜[01m[Knode[m[Kâ€™ was not declared in this scope; did you mean â€˜[01m[KYAML::detail::node[m[Kâ€™?
[2.803s]   125 |         path_msg->header.stamp = [01;31m[Knode[m[K->get_clock()->now();
[2.803s]       |                                  [01;31m[K^~~~[m[K
[2.803s]       |                                  [32m[KYAML::detail::node[m[K
[2.803s] In file included from [01m[K/usr/include/yaml-cpp/node/impl.h:12[m[K,
[2.803s]                  from [01m[K/usr/include/yaml-cpp/yaml.h:17[m[K,
[2.803s]                  from [01m[K/root/ros2_ws/src/mp.cpp:6[m[K:
[2.803s] [01m[K/usr/include/yaml-cpp/node/detail/node.h:20:7:[m[K [01;36m[Knote: [m[Kâ€˜[01m[KYAML::detail::node[m[Kâ€™ declared here
[2.804s]    20 | class [01;36m[Knode[m[K {
[2.804s]       |       [01;36m[K^~~~[m[K
[2.813s] [01m[K/root/ros2_ws/src/mp.cpp:129:51:[m[K [01;31m[Kerror: [m[Kâ€˜[01m[Kusing PathPtr = class std::shared_ptr<ompl::base::Path>[m[Kâ€™ {aka â€˜[01m[Kclass std::shared_ptr<ompl::base::Path>[m[Kâ€™} has no member named â€˜[01m[KgetStateCount[m[Kâ€™
[2.813s]   129 |         for (std::size_t i = 0; i < solution_path.[01;31m[KgetStateCount[m[K(); ++i)
[2.813s]       |                                                   [01;31m[K^~~~~~~~~~~~~[m[K
[2.813s] [01m[K/root/ros2_ws/src/mp.cpp:131:52:[m[K [01;31m[Kerror: [m[Kâ€˜[01m[Kusing PathPtr = class std::shared_ptr<ompl::base::Path>[m[Kâ€™ {aka â€˜[01m[Kclass std::shared_ptr<ompl::base::Path>[m[Kâ€™} has no member named â€˜[01m[KgetState[m[Kâ€™
[2.813s]   131 |             const ob::State* state = solution_path.[01;31m[KgetState[m[K(i);
[2.813s]       |                                                    [01;31m[K^~~~~~~~[m[K
[2.814s] [01m[K/root/ros2_ws/src/mp.cpp:139:37:[m[K [01;31m[Kerror: [m[Kâ€˜[01m[Ktf2[m[Kâ€™ has not been declared
[2.814s]   139 |             pose.pose.orientation = [01;31m[Ktf2[m[K::toMsg(tf2::Quaternion(tf2::Vector3(0, 0, 1), rot->value));
[2.814s]       |                                     [01;31m[K^~~[m[K
[2.814s] [01m[K/root/ros2_ws/src/mp.cpp:139:48:[m[K [01;31m[Kerror: [m[Kâ€˜[01m[Ktf2[m[Kâ€™ has not been declared
[2.814s]   139 |             pose.pose.orientation = tf2::toMsg([01;31m[Ktf2[m[K::Quaternion(tf2::Vector3(0, 0, 1), rot->value));
[2.814s]       |                                                [01;31m[K^~~[m[K
[2.814s] [01m[K/root/ros2_ws/src/mp.cpp:139:64:[m[K [01;31m[Kerror: [m[Kâ€˜[01m[Ktf2[m[Kâ€™ has not been declared
[2.814s]   139 |             pose.pose.orientation = tf2::toMsg(tf2::Quaternion([01;31m[Ktf2[m[K::Vector3(0, 0, 1), rot->value));
[2.814s]       |                                                                [01;31m[K^~~[m[K
[2.824s] [01m[K/root/ros2_ws/src/mp.cpp:144:9:[m[K [01;31m[Kerror: [m[Kâ€˜[01m[Kpath_publisher[m[Kâ€™ was not declared in this scope
[2.825s]   144 |         [01;31m[Kpath_publisher[m[K->publish(std::move(path_msg));
[2.825s]       |         [01;31m[K^~~~~~~~~~~~~~[m[K
[2.831s] [01m[K/root/ros2_ws/src/mp.cpp:[m[K In function â€˜[01m[Kvoid planWithSimpleSetup()[m[Kâ€™:
[2.831s] [01m[K/root/ros2_ws/src/mp.cpp:196:35:[m[K [01;31m[Kerror: [m[Kâ€˜[01m[Knode[m[Kâ€™ was not declared in this scope; did you mean â€˜[01m[KYAML::detail::node[m[Kâ€™?
[2.831s]   196 |          path_msg->header.stamp = [01;31m[Knode[m[K->get_clock()->now();
[2.831s]       |                                   [01;31m[K^~~~[m[K
[2.831s]       |                                   [32m[KYAML::detail::node[m[K
[2.831s] In file included from [01m[K/usr/include/yaml-cpp/node/impl.h:12[m[K,
[2.831s]                  from [01m[K/usr/include/yaml-cpp/yaml.h:17[m[K,
[2.831s]                  from [01m[K/root/ros2_ws/src/mp.cpp:6[m[K:
[2.831s] [01m[K/usr/include/yaml-cpp/node/detail/node.h:20:7:[m[K [01;36m[Knote: [m[Kâ€˜[01m[KYAML::detail::node[m[Kâ€™ declared here
[2.831s]    20 | class [01;36m[Knode[m[K {
[2.831s]       |       [01;36m[K^~~~[m[K
[2.831s] [01m[K/root/ros2_ws/src/mp.cpp:210:37:[m[K [01;31m[Kerror: [m[Kâ€˜[01m[Ktf2[m[Kâ€™ has not been declared
[2.831s]   210 |             pose.pose.orientation = [01;31m[Ktf2[m[K::toMsg(tf2::Quaternion(tf2::Vector3(0, 0, 1), rot->value));
[2.832s]       |                                     [01;31m[K^~~[m[K
[2.832s] [01m[K/root/ros2_ws/src/mp.cpp:210:48:[m[K [01;31m[Kerror: [m[Kâ€˜[01m[Ktf2[m[Kâ€™ has not been declared
[2.832s]   210 |             pose.pose.orientation = tf2::toMsg([01;31m[Ktf2[m[K::Quaternion(tf2::Vector3(0, 0, 1), rot->value));
[2.832s]       |                                                [01;31m[K^~~[m[K
[2.832s] [01m[K/root/ros2_ws/src/mp.cpp:210:64:[m[K [01;31m[Kerror: [m[Kâ€˜[01m[Ktf2[m[Kâ€™ has not been declared
[2.832s]   210 |             pose.pose.orientation = tf2::toMsg(tf2::Quaternion([01;31m[Ktf2[m[K::Vector3(0, 0, 1), rot->value));
[2.832s]       |                                                                [01;31m[K^~~[m[K
[2.838s] [01m[K/root/ros2_ws/src/mp.cpp:215:9:[m[K [01;31m[Kerror: [m[Kâ€˜[01m[Kpath_publisher[m[Kâ€™ was not declared in this scope
[2.838s]   215 |         [01;31m[Kpath_publisher[m[K->publish(std::move(path_msg));
[2.838s]       |         [01;31m[K^~~~~~~~~~~~~~[m[K
[3.762s] gmake[2]: *** [CMakeFiles/my_motion_planner.dir/build.make:76: CMakeFiles/my_motion_planner.dir/src/mp.cpp.o] Error 1
[3.762s] gmake[1]: *** [CMakeFiles/Makefile2:137: CMakeFiles/my_motion_planner.dir/all] Error 2
[3.762s] gmake: *** [Makefile:146: all] Error 2
[3.764s] Invoked command in '/root/ros2_ws/build/my_robot_motion_planning' returned '2': CMAKE_PREFIX_PATH=/opt/ros/humble /usr/bin/cmake --build /root/ros2_ws/build/my_robot_motion_planning -- -j12 -l12
