[0.029s] Invoking command in '/root/Downloads/navigation2-main/nav2_map_server/build/nav2_map_server': CMAKE_PREFIX_PATH=/opt/ros/humble /usr/bin/cmake --build /root/Downloads/navigation2-main/nav2_map_server/build/nav2_map_server -- -j12 -l12
[0.054s] [35m[1mConsolidate compiler generated dependencies of target gtest_main[0m
[0.054s] [35m[1mConsolidate compiler generated dependencies of target gtest[0m
[0.054s] [35m[1mConsolidate compiler generated dependencies of target map_io[0m
[0.061s] [  8%] Built target gtest_main
[0.061s] [ 11%] Built target gtest
[0.065s] [ 19%] Built target map_io
[0.068s] [35m[1mConsolidate compiler generated dependencies of target test_map_saver_cli[0m
[0.072s] [35m[1mConsolidate compiler generated dependencies of target test_map_saver_publisher[0m
[0.072s] [35m[1mConsolidate compiler generated dependencies of target test_map_io[0m
[0.073s] [35m[1mConsolidate compiler generated dependencies of target map_server_core[0m
[0.079s] [ 27%] Built target test_map_saver_cli
[0.082s] [ 30%] [32mBuilding CXX object test/component/CMakeFiles/test_map_saver_publisher.dir/test_map_saver_publisher.cpp.o[0m
[0.083s] [ 38%] Built target test_map_io
[0.086s] [ 41%] [32mBuilding CXX object CMakeFiles/map_server_core.dir/src/map_server/map_server.cpp.o[0m
[0.087s] [ 44%] [32mBuilding CXX object CMakeFiles/map_server_core.dir/src/costmap_filter_info/costmap_filter_info_server.cpp.o[0m
[0.088s] [ 47%] [32mBuilding CXX object CMakeFiles/map_server_core.dir/src/map_saver/map_saver.cpp.o[0m
[0.310s] In file included from [01m[K/usr/include/c++/11/ctime:42[m[K,
[0.310s]                  from [01m[K/usr/include/c++/11/chrono:42[m[K,
[0.310s]                  from [01m[K/usr/include/c++/11/bits/fs_fwd.h:37[m[K,
[0.310s]                  from [01m[K/usr/include/c++/11/filesystem:44[m[K,
[0.311s]                  from [01m[K/root/Downloads/navigation2-main/nav2_map_server/test/component/test_map_saver_publisher.cpp:15[m[K:
[0.311s] [01m[K/opt/ros/humble/include/tf2/time.h:40:23:[m[K [01;31m[Kerror: [m[Kâ€˜[01m[Kchrono[m[Kâ€™ in namespace â€˜[01m[Kstd[m[Kâ€™ does not name a type
[0.311s]    40 | using Duration = std::[01;31m[Kchrono[m[K::nanoseconds;
[0.311s]       |                       [01;31m[K^~~~~~[m[K
[0.311s] [01m[K/opt/ros/humble/include/tf2/time.h:41:24:[m[K [01;31m[Kerror: [m[Kâ€˜[01m[Kchrono[m[Kâ€™ in namespace â€˜[01m[Kstd[m[Kâ€™ does not name a type
[0.311s]    41 | using TimePoint = std::[01;31m[Kchrono[m[K::time_point<std::chrono::system_clock, Duration>;
[0.311s]       |                        [01;31m[K^~~~~~[m[K
[0.311s] [01m[K/opt/ros/humble/include/tf2/time.h:43:24:[m[K [01;31m[Kerror: [m[Kâ€˜[01m[Kchrono[m[Kâ€™ in namespace â€˜[01m[Kstd[m[Kâ€™ does not name a type
[0.311s]    43 | using IDuration = std::[01;31m[Kchrono[m[K::duration<int, std::nano>;
[0.311s]       |                        [01;31m[K^~~~~~[m[K
[0.311s] [01m[K/opt/ros/humble/include/tf2/time.h:45:14:[m[K [01;31m[Kerror: [m[Kâ€˜[01m[KTimePoint[m[Kâ€™ does not name a type
[0.311s]    45 | static const [01;31m[KTimePoint[m[K TimePointZero = TimePoint(IDuration::zero());
[0.311s]       |              [01;31m[K^~~~~~~~~[m[K
[0.312s] [01m[K/opt/ros/humble/include/tf2/time.h:48:1:[m[K [01;31m[Kerror: [m[Kâ€˜[01m[KTimePoint[m[Kâ€™ does not name a type
[0.312s]    48 | [01;31m[KTimePoint[m[K get_now();
[0.312s]       | [01;31m[K^~~~~~~~~[m[K
[0.313s] [01m[K/opt/ros/humble/include/tf2/time.h:51:1:[m[K [01;31m[Kerror: [m[Kâ€˜[01m[KDuration[m[Kâ€™ does not name a type
[0.313s]    51 | [01;31m[KDuration[m[K durationFromSec(double t_sec);
[0.313s]       | [01;31m[K^~~~~~~~[m[K
[0.313s] [01m[K/opt/ros/humble/include/tf2/time.h:54:1:[m[K [01;31m[Kerror: [m[Kâ€˜[01m[KTimePoint[m[Kâ€™ does not name a type
[0.313s]    54 | [01;31m[KTimePoint[m[K timeFromSec(double t_sec);
[0.313s]       | [01;31m[K^~~~~~~~~[m[K
[0.313s] [01m[K/opt/ros/humble/include/tf2/time.h:57:33:[m[K [01;31m[Kerror: [m[Kâ€˜[01m[KDuration[m[Kâ€™ in namespace â€˜[01m[Ktf2[m[Kâ€™ does not name a type
[0.314s]    57 | double durationToSec(const tf2::[01;31m[KDuration[m[K & input);
[0.314s]       |                                 [01;31m[K^~~~~~~~[m[K
[0.314s] [01m[K/opt/ros/humble/include/tf2/time.h:60:24:[m[K [01;31m[Kerror: [m[Kâ€˜[01m[KTimePoint[m[Kâ€™ does not name a type
[0.314s]    60 | double timeToSec(const [01;31m[KTimePoint[m[K & timepoint);
[0.314s]       |                        [01;31m[K^~~~~~~~~[m[K
[0.315s] [01m[K/opt/ros/humble/include/tf2/time.h:63:36:[m[K [01;31m[Kerror: [m[Kâ€˜[01m[KTimePoint[m[Kâ€™ does not name a type
[0.315s]    63 | std::string displayTimePoint(const [01;31m[KTimePoint[m[K & stamp);
[0.315s]       |                                    [01;31m[K^~~~~~~~~[m[K
[0.361s] In file included from [01m[K/usr/include/c++/11/ctime:42[m[K,
[0.361s]                  from [01m[K/usr/include/c++/11/chrono:42[m[K,
[0.361s]                  from [01m[K/usr/include/c++/11/mutex:39[m[K,
[0.361s]                  from [01m[K/usr/include/c++/11/future:38[m[K,
[0.361s]                  from [01m[K/opt/ros/humble/include/rclcpp/rclcpp/executors.hpp:18[m[K,
[0.361s]                  from [01m[K/opt/ros/humble/include/rclcpp/rclcpp/rclcpp.hpp:155[m[K,
[0.361s]                  from [01m[K/root/Downloads/navigation2-main/nav2_map_server/include/nav2_map_server/map_saver.hpp:22[m[K,
[0.361s]                  from [01m[K/root/Downloads/navigation2-main/nav2_map_server/src/map_saver/map_saver.cpp:32[m[K:
[0.361s] [01m[K/opt/ros/humble/include/tf2/time.h:40:23:[m[K [01;31m[Kerror: [m[Kâ€˜[01m[Kchrono[m[Kâ€™ in namespace â€˜[01m[Kstd[m[Kâ€™ does not name a type
[0.362s]    40 | using Duration = std::[01;31m[Kchrono[m[K::nanoseconds;
[0.362s]       |                       [01;31m[K^~~~~~[m[K
[0.362s] [01m[K/opt/ros/humble/include/tf2/time.h:41:24:[m[K [01;31m[Kerror: [m[Kâ€˜[01m[Kchrono[m[Kâ€™ in namespace â€˜[01m[Kstd[m[Kâ€™ does not name a type
[0.362s]    41 | using TimePoint = std::[01;31m[Kchrono[m[K::time_point<std::chrono::system_clock, Duration>;
[0.362s]       |                        [01;31m[K^~~~~~[m[K
[0.362s] [01m[K/opt/ros/humble/include/tf2/time.h:43:24:[m[K [01;31m[Kerror: [m[Kâ€˜[01m[Kchrono[m[Kâ€™ in namespace â€˜[01m[Kstd[m[Kâ€™ does not name a type
[0.362s]    43 | using IDuration = std::[01;31m[Kchrono[m[K::duration<int, std::nano>;
[0.362s]       |                        [01;31m[K^~~~~~[m[K
[0.362s] [01m[K/opt/ros/humble/include/tf2/time.h:45:14:[m[K [01;31m[Kerror: [m[Kâ€˜[01m[KTimePoint[m[Kâ€™ does not name a type
[0.362s]    45 | static const [01;31m[KTimePoint[m[K TimePointZero = TimePoint(IDuration::zero());
[0.362s]       |              [01;31m[K^~~~~~~~~[m[K
[0.362s] In file included from [01m[K/usr/include/c++/11/ctime:42[m[K,
[0.362s]                  from [01m[K/usr/include/c++/11/chrono:42[m[K,
[0.362s]                  from [01m[K/usr/include/c++/11/mutex:39[m[K,
[0.362s]                  from [01m[K/usr/include/c++/11/future:38[m[K,
[0.362s]                  from [01m[K/opt/ros/humble/include/rclcpp/rclcpp/executors.hpp:18[m[K,
[0.362s]                  from [01m[K/opt/ros/humble/include/rclcpp/rclcpp/rclcpp.hpp:155[m[K,
[0.363s]                  from [01m[K/root/Downloads/navigation2-main/nav2_map_server/include/nav2_map_server/costmap_filter_info_server.hpp:20[m[K,
[0.363s]                  from [01m[K/root/Downloads/navigation2-main/nav2_map_server/src/costmap_filter_info/costmap_filter_info_server.cpp:18[m[K:
[0.363s] [01m[K/opt/ros/humble/include/tf2/time.h:40:23:[m[K [01;31m[Kerror: [m[Kâ€˜[01m[Kchrono[m[Kâ€™ in namespace â€˜[01m[Kstd[m[Kâ€™ does not name a type
[0.363s]    40 | using Duration = std::[01;31m[Kchrono[m[K::nanoseconds;
[0.363s]       |                       [01;31m[K^~~~~~[m[K
[0.363s] [01m[K/opt/ros/humble/include/tf2/time.h:41:24:[m[K [01;31m[Kerror: [m[Kâ€˜[01m[Kchrono[m[Kâ€™ in namespace â€˜[01m[Kstd[m[Kâ€™ does not name a type
[0.363s]    41 | using TimePoint = std::[01;31m[Kchrono[m[K::time_point<std::chrono::system_clock, Duration>;
[0.363s]       |                        [01;31m[K^~~~~~[m[K
[0.363s] [01m[K/opt/ros/humble/include/tf2/time.h:48:1:[m[K [01;31m[Kerror: [m[Kâ€˜[01m[KTimePoint[m[Kâ€™ does not name a type
[0.363s]    48 | [01;31m[KTimePoint[m[K get_now();
[0.363s]       | [01;31m[K^~~~~~~~~[m[K
[0.363s] [01m[K/opt/ros/humble/include/tf2/time.h:43:24:[m[K [01;31m[Kerror: [m[Kâ€˜[01m[Kchrono[m[Kâ€™ in namespace â€˜[01m[Kstd[m[Kâ€™ does not name a type
[0.363s]    43 | using IDuration = std::[01;31m[Kchrono[m[K::duration<int, std::nano>;
[0.363s]       |                        [01;31m[K^~~~~~[m[K
[0.363s] [01m[K/opt/ros/humble/include/tf2/time.h:51:1:[m[K [01;31m[Kerror: [m[Kâ€˜[01m[KDuration[m[Kâ€™ does not name a type
[0.363s]    51 | [01;31m[KDuration[m[K durationFromSec(double t_sec);
[0.363s]       | [01;31m[K^~~~~~~~[m[K
[0.363s] [01m[K/opt/ros/humble/include/tf2/time.h:45:14:[m[K [01;31m[Kerror: [m[Kâ€˜[01m[KTimePoint[m[Kâ€™ does not name a type
[0.364s]    45 | static const [01;31m[KTimePoint[m[K TimePointZero = TimePoint(IDuration::zero());
[0.364s]       |              [01;31m[K^~~~~~~~~[m[K
[0.364s] [01m[K/opt/ros/humble/include/tf2/time.h:54:1:[m[K [01;31m[Kerror: [m[Kâ€˜[01m[KTimePoint[m[Kâ€™ does not name a type
[0.364s]    54 | [01;31m[KTimePoint[m[K timeFromSec(double t_sec);
[0.364s]       | [01;31m[K^~~~~~~~~[m[K
[0.364s] [01m[K/opt/ros/humble/include/tf2/time.h:57:33:[m[K [01;31m[Kerror: [m[Kâ€˜[01m[KDuration[m[Kâ€™ in namespace â€˜[01m[Ktf2[m[Kâ€™ does not name a type
[0.364s]    57 | double durationToSec(const tf2::[01;31m[KDuration[m[K & input);
[0.364s]       |                                 [01;31m[K^~~~~~~~[m[K
[0.364s] [01m[K/opt/ros/humble/include/tf2/time.h:48:1:[m[K [01;31m[Kerror: [m[Kâ€˜[01m[KTimePoint[m[Kâ€™ does not name a type
[0.364s]    48 | [01;31m[KTimePoint[m[K get_now();
[0.364s]       | [01;31m[K^~~~~~~~~[m[K
[0.364s] [01m[K/opt/ros/humble/include/tf2/time.h:60:24:[m[K [01;31m[Kerror: [m[Kâ€˜[01m[KTimePoint[m[Kâ€™ does not name a type
[0.364s]    60 | double timeToSec(const [01;31m[KTimePoint[m[K & timepoint);
[0.364s]       |                        [01;31m[K^~~~~~~~~[m[K
[0.364s] [01m[K/opt/ros/humble/include/tf2/time.h:51:1:[m[K [01;31m[Kerror: [m[Kâ€˜[01m[KDuration[m[Kâ€™ does not name a type
[0.364s]    51 | [01;31m[KDuration[m[K durationFromSec(double t_sec);
[0.364s]       | [01;31m[K^~~~~~~~[m[K
[0.364s] [01m[K/opt/ros/humble/include/tf2/time.h:63:36:[m[K [01;31m[Kerror: [m[Kâ€˜[01m[KTimePoint[m[Kâ€™ does not name a type
[0.365s]    63 | std::string displayTimePoint(const [01;31m[KTimePoint[m[K & stamp);
[0.365s]       |                                    [01;31m[K^~~~~~~~~[m[K
[0.365s] [01m[K/opt/ros/humble/include/tf2/time.h:54:1:[m[K [01;31m[Kerror: [m[Kâ€˜[01m[KTimePoint[m[Kâ€™ does not name a type
[0.365s]    54 | [01;31m[KTimePoint[m[K timeFromSec(double t_sec);
[0.365s]       | [01;31m[K^~~~~~~~~[m[K
[0.365s] [01m[K/opt/ros/humble/include/tf2/time.h:57:33:[m[K [01;31m[Kerror: [m[Kâ€˜[01m[KDuration[m[Kâ€™ in namespace â€˜[01m[Ktf2[m[Kâ€™ does not name a type
[0.365s]    57 | double durationToSec(const tf2::[01;31m[KDuration[m[K & input);
[0.365s]       |                                 [01;31m[K^~~~~~~~[m[K
[0.365s] [01m[K/opt/ros/humble/include/tf2/time.h:60:24:[m[K [01;31m[Kerror: [m[Kâ€˜[01m[KTimePoint[m[Kâ€™ does not name a type
[0.365s]    60 | double timeToSec(const [01;31m[KTimePoint[m[K & timepoint);
[0.365s]       |                        [01;31m[K^~~~~~~~~[m[K
[0.365s] [01m[K/opt/ros/humble/include/tf2/time.h:63:36:[m[K [01;31m[Kerror: [m[Kâ€˜[01m[KTimePoint[m[Kâ€™ does not name a type
[0.365s]    63 | std::string displayTimePoint(const [01;31m[KTimePoint[m[K & stamp);
[0.365s]       |                                    [01;31m[K^~~~~~~~~[m[K
[0.420s] In file included from [01m[K/usr/include/c++/11/ctime:42[m[K,
[0.420s]                  from [01m[K/usr/include/c++/11/chrono:42[m[K,
[0.420s]                  from [01m[K/usr/include/c++/11/mutex:39[m[K,
[0.420s]                  from [01m[K/usr/include/c++/11/future:38[m[K,
[0.420s]                  from [01m[K/opt/ros/humble/include/rclcpp/rclcpp/executors.hpp:18[m[K,
[0.420s]                  from [01m[K/opt/ros/humble/include/rclcpp/rclcpp/rclcpp.hpp:155[m[K,
[0.420s]                  from [01m[K/root/Downloads/navigation2-main/nav2_map_server/include/nav2_map_server/map_server.hpp:22[m[K,
[0.420s]                  from [01m[K/root/Downloads/navigation2-main/nav2_map_server/src/map_server/map_server.cpp:47[m[K:
[0.420s] [01m[K/opt/ros/humble/include/tf2/time.h:40:23:[m[K [01;31m[Kerror: [m[Kâ€˜[01m[Kchrono[m[Kâ€™ in namespace â€˜[01m[Kstd[m[Kâ€™ does not name a type
[0.420s]    40 | using Duration = std::[01;31m[Kchrono[m[K::nanoseconds;
[0.420s]       |                       [01;31m[K^~~~~~[m[K
[0.420s] [01m[K/opt/ros/humble/include/tf2/time.h:41:24:[m[K [01;31m[Kerror: [m[Kâ€˜[01m[Kchrono[m[Kâ€™ in namespace â€˜[01m[Kstd[m[Kâ€™ does not name a type
[0.420s]    41 | using TimePoint = std::[01;31m[Kchrono[m[K::time_point<std::chrono::system_clock, Duration>;
[0.420s]       |                        [01;31m[K^~~~~~[m[K
[0.421s] [01m[K/opt/ros/humble/include/tf2/time.h:43:24:[m[K [01;31m[Kerror: [m[Kâ€˜[01m[Kchrono[m[Kâ€™ in namespace â€˜[01m[Kstd[m[Kâ€™ does not name a type
[0.421s]    43 | using IDuration = std::[01;31m[Kchrono[m[K::duration<int, std::nano>;
[0.421s]       |                        [01;31m[K^~~~~~[m[K
[0.421s] [01m[K/opt/ros/humble/include/tf2/time.h:45:14:[m[K [01;31m[Kerror: [m[Kâ€˜[01m[KTimePoint[m[Kâ€™ does not name a type
[0.421s]    45 | static const [01;31m[KTimePoint[m[K TimePointZero = TimePoint(IDuration::zero());
[0.421s]       |              [01;31m[K^~~~~~~~~[m[K
[0.422s] [01m[K/opt/ros/humble/include/tf2/time.h:48:1:[m[K [01;31m[Kerror: [m[Kâ€˜[01m[KTimePoint[m[Kâ€™ does not name a type
[0.422s]    48 | [01;31m[KTimePoint[m[K get_now();
[0.422s]       | [01;31m[K^~~~~~~~~[m[K
[0.422s] [01m[K/opt/ros/humble/include/tf2/time.h:51:1:[m[K [01;31m[Kerror: [m[Kâ€˜[01m[KDuration[m[Kâ€™ does not name a type
[0.422s]    51 | [01;31m[KDuration[m[K durationFromSec(double t_sec);
[0.423s]       | [01;31m[K^~~~~~~~[m[K
[0.423s] [01m[K/opt/ros/humble/include/tf2/time.h:54:1:[m[K [01;31m[Kerror: [m[Kâ€˜[01m[KTimePoint[m[Kâ€™ does not name a type
[0.423s]    54 | [01;31m[KTimePoint[m[K timeFromSec(double t_sec);
[0.423s]       | [01;31m[K^~~~~~~~~[m[K
[0.423s] [01m[K/opt/ros/humble/include/tf2/time.h:57:33:[m[K [01;31m[Kerror: [m[Kâ€˜[01m[KDuration[m[Kâ€™ in namespace â€˜[01m[Ktf2[m[Kâ€™ does not name a type
[0.423s]    57 | double durationToSec(const tf2::[01;31m[KDuration[m[K & input);
[0.423s]       |                                 [01;31m[K^~~~~~~~[m[K
[0.424s] [01m[K/opt/ros/humble/include/tf2/time.h:60:24:[m[K [01;31m[Kerror: [m[Kâ€˜[01m[KTimePoint[m[Kâ€™ does not name a type
[0.424s]    60 | double timeToSec(const [01;31m[KTimePoint[m[K & timepoint);
[0.424s]       |                        [01;31m[K^~~~~~~~~[m[K
[0.424s] [01m[K/opt/ros/humble/include/tf2/time.h:63:36:[m[K [01;31m[Kerror: [m[Kâ€˜[01m[KTimePoint[m[Kâ€™ does not name a type
[0.424s]    63 | std::string displayTimePoint(const [01;31m[KTimePoint[m[K & stamp);
[0.425s]       |                                    [01;31m[K^~~~~~~~~[m[K
[2.152s] gmake[2]: *** [test/component/CMakeFiles/test_map_saver_publisher.dir/build.make:76: test/component/CMakeFiles/test_map_saver_publisher.dir/test_map_saver_publisher.cpp.o] Error 1
[2.152s] gmake[1]: *** [CMakeFiles/Makefile2:566: test/component/CMakeFiles/test_map_saver_publisher.dir/all] Error 2
[2.152s] gmake[1]: *** Waiting for unfinished jobs....
[2.300s] gmake[2]: *** [CMakeFiles/map_server_core.dir/build.make:104: CMakeFiles/map_server_core.dir/src/costmap_filter_info/costmap_filter_info_server.cpp.o] Error 1
[2.300s] gmake[2]: *** Waiting for unfinished jobs....
[2.954s] gmake[2]: *** [CMakeFiles/map_server_core.dir/build.make:76: CMakeFiles/map_server_core.dir/src/map_server/map_server.cpp.o] Error 1
[3.378s] gmake[2]: *** [CMakeFiles/map_server_core.dir/build.make:90: CMakeFiles/map_server_core.dir/src/map_saver/map_saver.cpp.o] Error 1
[3.378s] gmake[1]: *** [CMakeFiles/Makefile2:373: CMakeFiles/map_server_core.dir/all] Error 2
[3.378s] gmake: *** [Makefile:146: all] Error 2
[3.380s] Invoked command in '/root/Downloads/navigation2-main/nav2_map_server/build/nav2_map_server' returned '2': CMAKE_PREFIX_PATH=/opt/ros/humble /usr/bin/cmake --build /root/Downloads/navigation2-main/nav2_map_server/build/nav2_map_server -- -j12 -l12
