-- Found ament_cmake: 1.3.5 (/opt/ros/humble/share/ament_cmake/cmake)
-- OpenCV_INCLUDE_DIRS: /usr/local/include/opencv4
-- OpenCV_LIBS: opencv_calib3d;opencv_core;opencv_dnn;opencv_features2d;opencv_flann;opencv_gapi;opencv_highgui;opencv_imgcodecs;opencv_imgproc;opencv_ml;opencv_objdetect;opencv_photo;opencv_stitching;opencv_video;opencv_videoio
-- Found ament_lint_auto: 0.12.8 (/opt/ros/humble/share/ament_lint_auto/cmake)
-- Added test 'cppcheck' to perform static code analysis on C / C++ code
-- Configured cppcheck include dirs: 
-- Configured cppcheck exclude dirs and/or files: 
-- Added test 'flake8' to check Python code syntax and style conventions
-- Added test 'lint_cmake' to check CMake code style
-- Added test 'pep257' to check Python code against some of the docstring style conventions in PEP 257
-- Added test 'uncrustify' to check C / C++ code style
-- Configured uncrustify additional arguments: 
-- Added test 'xmllint' to check XML markup files
-- Configuring done
-- Generating done
-- Build files have been written to: /root/ros2_ws/build/my_robot_motion_planning
[35m[1mConsolidate compiler generated dependencies of target my_motion_planner[0m
[ 50%] [32m[1mLinking CXX executable my_motion_planner[0m
/usr/bin/ld: CMakeFiles/my_motion_planner.dir/src/mp.cpp.o: in function `plan()':
mp.cpp:(.text+0x31e): undefined reference to `cv::imread(std::__cxx11::basic_string<char, std::char_traits<char>, std::allocator<char> > const&, int)'
/usr/bin/ld: mp.cpp:(.text+0x7b7): undefined reference to `cv::Mat::~Mat()'
/usr/bin/ld: mp.cpp:(.text+0x99b): undefined reference to `cv::Mat::~Mat()'
collect2: error: ld returned 1 exit status
gmake[2]: *** [CMakeFiles/my_motion_planner.dir/build.make:102: my_motion_planner] Error 1
gmake[1]: *** [CMakeFiles/Makefile2:137: CMakeFiles/my_motion_planner.dir/all] Error 2
gmake: *** [Makefile:146: all] Error 2
