[0.032s] Invoking command in '/root/ros2_ws/build/my_robot_motion_planning': CMAKE_PREFIX_PATH=/opt/ros/humble /usr/bin/cmake --build /root/ros2_ws/build/my_robot_motion_planning -- -j12 -l12
[0.045s] -- Found ament_cmake: 1.3.5 (/opt/ros/humble/share/ament_cmake/cmake)
[0.134s] -- OpenCV_INCLUDE_DIRS: /usr/local/include/opencv4
[0.134s] -- OpenCV_LIBS: opencv_calib3d;opencv_core;opencv_dnn;opencv_features2d;opencv_flann;opencv_gapi;opencv_highgui;opencv_imgcodecs;opencv_imgproc;opencv_ml;opencv_objdetect;opencv_photo;opencv_stitching;opencv_video;opencv_videoio
[0.135s] -- Found ament_lint_auto: 0.12.8 (/opt/ros/humble/share/ament_lint_auto/cmake)
[0.184s] -- Added test 'cppcheck' to perform static code analysis on C / C++ code
[0.184s] -- Configured cppcheck include dirs: 
[0.184s] -- Configured cppcheck exclude dirs and/or files: 
[0.186s] -- Added test 'flake8' to check Python code syntax and style conventions
[0.188s] -- Added test 'lint_cmake' to check CMake code style
[0.190s] -- Added test 'pep257' to check Python code against some of the docstring style conventions in PEP 257
[0.200s] -- Added test 'uncrustify' to check C / C++ code style
[0.200s] -- Configured uncrustify additional arguments: 
[0.202s] -- Added test 'xmllint' to check XML markup files
[0.202s] -- Configuring done
[0.205s] -- Generating done
[0.206s] -- Build files have been written to: /root/ros2_ws/build/my_robot_motion_planning
[0.224s] [35m[1mConsolidate compiler generated dependencies of target my_motion_planner[0m
[0.233s] [ 50%] [32m[1mLinking CXX executable my_motion_planner[0m
[0.293s] /usr/bin/ld: CMakeFiles/my_motion_planner.dir/src/mp.cpp.o: in function `plan()':
[0.293s] mp.cpp:(.text+0x31e): undefined reference to `cv::imread(std::__cxx11::basic_string<char, std::char_traits<char>, std::allocator<char> > const&, int)'
[0.293s] /usr/bin/ld: mp.cpp:(.text+0x7b7): undefined reference to `cv::Mat::~Mat()'
[0.293s] /usr/bin/ld: mp.cpp:(.text+0x99b): undefined reference to `cv::Mat::~Mat()'
[0.299s] collect2: error: ld returned 1 exit status
[0.300s] gmake[2]: *** [CMakeFiles/my_motion_planner.dir/build.make:102: my_motion_planner] Error 1
[0.300s] gmake[1]: *** [CMakeFiles/Makefile2:137: CMakeFiles/my_motion_planner.dir/all] Error 2
[0.300s] gmake: *** [Makefile:146: all] Error 2
[0.302s] Invoked command in '/root/ros2_ws/build/my_robot_motion_planning' returned '2': CMAKE_PREFIX_PATH=/opt/ros/humble /usr/bin/cmake --build /root/ros2_ws/build/my_robot_motion_planning -- -j12 -l12
