[0.032s] Invoking command in '/root/ros2_ws/build/my_robot_motion_planning': CMAKE_PREFIX_PATH=/opt/ros/humble /usr/bin/cmake /root/ros2_ws -DAMENT_CMAKE_SYMLINK_INSTALL=1 -DCMAKE_INSTALL_PREFIX=/root/ros2_ws/install/my_robot_motion_planning
[0.067s] -- The C compiler identification is GNU 11.4.0
[0.099s] -- The CXX compiler identification is GNU 11.4.0
[0.104s] -- Detecting C compiler ABI info
[0.161s] -- Detecting C compiler ABI info - done
[0.166s] -- Check for working C compiler: /usr/bin/cc - skipped
[0.166s] -- Detecting C compile features
[0.167s] -- Detecting C compile features - done
[0.169s] -- Detecting CXX compiler ABI info
[0.225s] -- Detecting CXX compiler ABI info - done
[0.230s] -- Check for working CXX compiler: /usr/bin/c++ - skipped
[0.230s] -- Detecting CXX compile features
[0.230s] -- Detecting CXX compile features - done
[0.232s] -- Found ompl: /opt/ros/humble/include/ompl-1.6;/usr/include;/usr/include/eigen3  
[0.233s] -- Found ament_cmake: 1.3.6 (/opt/ros/humble/share/ament_cmake/cmake)
[0.337s] -- Found Python3: /usr/bin/python3.10 (found version "3.10.12") found components: Interpreter 
[0.377s] -- Override CMake install command with custom implementation using symlinks instead of copying resources
[0.401s] -- Found rclcpp: 16.0.7 (/opt/ros/humble/share/rclcpp/cmake)
[0.429s] -- Found rosidl_generator_c: 3.1.5 (/opt/ros/humble/share/rosidl_generator_c/cmake)
[0.431s] -- Found rosidl_adapter: 3.1.5 (/opt/ros/humble/share/rosidl_adapter/cmake)
[0.436s] -- Found rosidl_generator_cpp: 3.1.5 (/opt/ros/humble/share/rosidl_generator_cpp/cmake)
[0.444s] -- Using all available rosidl_typesupport_c: rosidl_typesupport_fastrtps_c;rosidl_typesupport_introspection_c
[0.455s] -- Using all available rosidl_typesupport_cpp: rosidl_typesupport_fastrtps_cpp;rosidl_typesupport_introspection_cpp
[0.496s] -- Found rmw_implementation_cmake: 6.1.1 (/opt/ros/humble/share/rmw_implementation_cmake/cmake)
[0.497s] -- Found rmw_fastrtps_cpp: 6.2.5 (/opt/ros/humble/share/rmw_fastrtps_cpp/cmake)
[0.565s] -- Found OpenSSL: /usr/lib/x86_64-linux-gnu/libcrypto.so (found version "3.0.2")  
[0.583s] -- Found FastRTPS: /opt/ros/humble/include  
[0.612s] -- Using RMW implementation 'rmw_fastrtps_cpp' as default
[0.619s] -- Looking for pthread.h
[0.664s] -- Looking for pthread.h - found
[0.664s] -- Performing Test CMAKE_HAVE_LIBC_PTHREAD
[0.708s] -- Performing Test CMAKE_HAVE_LIBC_PTHREAD - Success
[0.709s] -- Found Threads: TRUE  
[0.804s] -- Found nav_msgs: 4.2.3 (/opt/ros/humble/share/nav_msgs/cmake)
[0.882s] -- Found OpenCV: /usr/local (found version "4.8.0") 
[0.883s] -- Found tf2: 0.25.5 (/opt/ros/humble/share/tf2/cmake)
[0.891s] -- Found tf2_geometry_msgs: 0.25.5 (/opt/ros/humble/share/tf2_geometry_msgs/cmake)
[0.900s] -- Found eigen3_cmake_module: 0.1.1 (/opt/ros/humble/share/eigen3_cmake_module/cmake)
[0.900s] -- Found Eigen3: TRUE (found version "3.4.0") 
[0.900s] -- Ensuring Eigen3 include directory is part of orocos-kdl CMake target
[1.112s] -- Found ament_lint_auto: 0.12.9 (/opt/ros/humble/share/ament_lint_auto/cmake)
[1.208s] -- Added test 'cppcheck' to perform static code analysis on C / C++ code
[1.209s] -- Configured cppcheck include dirs: 
[1.209s] -- Configured cppcheck exclude dirs and/or files: 
[1.217s] -- Added test 'flake8' to check Python code syntax and style conventions
[1.232s] -- Added test 'lint_cmake' to check CMake code style
[1.240s] -- Added test 'pep257' to check Python code against some of the docstring style conventions in PEP 257
[1.289s] -- Added test 'uncrustify' to check C / C++ code style
[1.289s] -- Configured uncrustify additional arguments: 
[1.295s] -- Added test 'xmllint' to check XML markup files
[1.295s] -- Configuring done
[1.375s] -- Generating done
[1.376s] -- Build files have been written to: /root/ros2_ws/build/my_robot_motion_planning
[1.386s] Invoked command in '/root/ros2_ws/build/my_robot_motion_planning' returned '0': CMAKE_PREFIX_PATH=/opt/ros/humble /usr/bin/cmake /root/ros2_ws -DAMENT_CMAKE_SYMLINK_INSTALL=1 -DCMAKE_INSTALL_PREFIX=/root/ros2_ws/install/my_robot_motion_planning
[1.386s] Invoking command in '/root/ros2_ws/build/my_robot_motion_planning': CMAKE_PREFIX_PATH=/opt/ros/humble /usr/bin/cmake --build /root/ros2_ws/build/my_robot_motion_planning -- -j12 -l12
[1.434s] [ 50%] [32mBuilding CXX object CMakeFiles/my_motion_planner.dir/src/mp.cpp.o[0m
[1.580s] In file included from [01m[K/usr/include/c++/11/ctime:42[m[K,
[1.580s]                  from [01m[K/usr/include/c++/11/chrono:42[m[K,
[1.580s]                  from [01m[K/root/ros2_ws/src/mp.cpp:1[m[K:
[1.580s] [01m[K/opt/ros/humble/include/tf2/time.h:40:23:[m[K [01;31m[Kerror: [m[Kâ€˜[01m[Kchrono[m[Kâ€™ in namespace â€˜[01m[Kstd[m[Kâ€™ does not name a type
[1.580s]    40 | using Duration = std::[01;31m[Kchrono[m[K::nanoseconds;
[1.580s]       |                       [01;31m[K^~~~~~[m[K
[1.580s] [01m[K/opt/ros/humble/include/tf2/time.h:41:24:[m[K [01;31m[Kerror: [m[Kâ€˜[01m[Kchrono[m[Kâ€™ in namespace â€˜[01m[Kstd[m[Kâ€™ does not name a type
[1.580s]    41 | using TimePoint = std::[01;31m[Kchrono[m[K::time_point<std::chrono::system_clock, Duration>;
[1.580s]       |                        [01;31m[K^~~~~~[m[K
[1.580s] [01m[K/opt/ros/humble/include/tf2/time.h:43:24:[m[K [01;31m[Kerror: [m[Kâ€˜[01m[Kchrono[m[Kâ€™ in namespace â€˜[01m[Kstd[m[Kâ€™ does not name a type
[1.580s]    43 | using IDuration = std::[01;31m[Kchrono[m[K::duration<int, std::nano>;
[1.580s]       |                        [01;31m[K^~~~~~[m[K
[1.581s] [01m[K/opt/ros/humble/include/tf2/time.h:45:14:[m[K [01;31m[Kerror: [m[Kâ€˜[01m[KTimePoint[m[Kâ€™ does not name a type
[1.581s]    45 | static const [01;31m[KTimePoint[m[K TimePointZero = TimePoint(IDuration::zero());
[1.581s]       |              [01;31m[K^~~~~~~~~[m[K
[1.581s] [01m[K/opt/ros/humble/include/tf2/time.h:48:1:[m[K [01;31m[Kerror: [m[Kâ€˜[01m[KTimePoint[m[Kâ€™ does not name a type
[1.581s]    48 | [01;31m[KTimePoint[m[K get_now();
[1.581s]       | [01;31m[K^~~~~~~~~[m[K
[1.582s] [01m[K/opt/ros/humble/include/tf2/time.h:51:1:[m[K [01;31m[Kerror: [m[Kâ€˜[01m[KDuration[m[Kâ€™ does not name a type
[1.582s]    51 | [01;31m[KDuration[m[K durationFromSec(double t_sec);
[1.582s]       | [01;31m[K^~~~~~~~[m[K
[1.582s] [01m[K/opt/ros/humble/include/tf2/time.h:54:1:[m[K [01;31m[Kerror: [m[Kâ€˜[01m[KTimePoint[m[Kâ€™ does not name a type
[1.582s]    54 | [01;31m[KTimePoint[m[K timeFromSec(double t_sec);
[1.582s]       | [01;31m[K^~~~~~~~~[m[K
[1.582s] [01m[K/opt/ros/humble/include/tf2/time.h:57:33:[m[K [01;31m[Kerror: [m[Kâ€˜[01m[KDuration[m[Kâ€™ in namespace â€˜[01m[Ktf2[m[Kâ€™ does not name a type
[1.582s]    57 | double durationToSec(const tf2::[01;31m[KDuration[m[K & input);
[1.582s]       |                                 [01;31m[K^~~~~~~~[m[K
[1.582s] [01m[K/opt/ros/humble/include/tf2/time.h:60:24:[m[K [01;31m[Kerror: [m[Kâ€˜[01m[KTimePoint[m[Kâ€™ does not name a type
[1.582s]    60 | double timeToSec(const [01;31m[KTimePoint[m[K & timepoint);
[1.582s]       |                        [01;31m[K^~~~~~~~~[m[K
[1.583s] [01m[K/opt/ros/humble/include/tf2/time.h:63:36:[m[K [01;31m[Kerror: [m[Kâ€˜[01m[KTimePoint[m[Kâ€™ does not name a type
[1.583s]    63 | std::string displayTimePoint(const [01;31m[KTimePoint[m[K & stamp);
[1.583s]       |                                    [01;31m[K^~~~~~~~~[m[K
[1.583s] In file included from [01m[K/usr/include/c++/11/chrono:42[m[K,
[1.583s]                  from [01m[K/root/ros2_ws/src/mp.cpp:1[m[K:
[1.583s] [01m[K/usr/include/c++/11/ctime:64:11:[m[K [01;31m[Kerror: [m[Kâ€˜[01m[Kclock[m[Kâ€™ has not been declared in â€˜[01m[K::[m[Kâ€™
[1.583s]    64 |   using ::[01;31m[Kclock[m[K;
[1.583s]       |           [01;31m[K^~~~~[m[K
[1.583s] [01m[K/usr/include/c++/11/ctime:65:11:[m[K [01;31m[Kerror: [m[Kâ€˜[01m[Kdifftime[m[Kâ€™ has not been declared in â€˜[01m[K::[m[Kâ€™
[1.583s]    65 |   using ::[01;31m[Kdifftime[m[K;
[1.583s]       |           [01;31m[K^~~~~~~~[m[K
[1.583s] [01m[K/usr/include/c++/11/ctime:66:11:[m[K [01;31m[Kerror: [m[Kâ€˜[01m[Kmktime[m[Kâ€™ has not been declared in â€˜[01m[K::[m[Kâ€™
[1.583s]    66 |   using ::[01;31m[Kmktime[m[K;
[1.583s]       |           [01;31m[K^~~~~~[m[K
[1.583s] [01m[K/usr/include/c++/11/ctime:67:11:[m[K [01;31m[Kerror: [m[Kâ€˜[01m[Ktime[m[Kâ€™ has not been declared in â€˜[01m[K::[m[Kâ€™
[1.584s]    67 |   using ::[01;31m[Ktime[m[K;
[1.584s]       |           [01;31m[K^~~~[m[K
[1.584s] [01m[K/usr/include/c++/11/ctime:68:11:[m[K [01;31m[Kerror: [m[Kâ€˜[01m[Kasctime[m[Kâ€™ has not been declared in â€˜[01m[K::[m[Kâ€™
[1.584s]    68 |   using ::[01;31m[Kasctime[m[K;
[1.584s]       |           [01;31m[K^~~~~~~[m[K
[1.584s] [01m[K/usr/include/c++/11/ctime:69:11:[m[K [01;31m[Kerror: [m[Kâ€˜[01m[Kctime[m[Kâ€™ has not been declared in â€˜[01m[K::[m[Kâ€™
[1.584s]    69 |   using ::[01;31m[Kctime[m[K;
[1.584s]       |           [01;31m[K^~~~~[m[K
[1.584s] [01m[K/usr/include/c++/11/ctime:70:11:[m[K [01;31m[Kerror: [m[Kâ€˜[01m[Kgmtime[m[Kâ€™ has not been declared in â€˜[01m[K::[m[Kâ€™
[1.584s]    70 |   using ::[01;31m[Kgmtime[m[K;
[1.584s]       |           [01;31m[K^~~~~~[m[K
[1.584s] [01m[K/usr/include/c++/11/ctime:71:11:[m[K [01;31m[Kerror: [m[Kâ€˜[01m[Klocaltime[m[Kâ€™ has not been declared in â€˜[01m[K::[m[Kâ€™
[1.584s]    71 |   using ::[01;31m[Klocaltime[m[K;
[1.584s]       |           [01;31m[K^~~~~~~~~[m[K
[1.584s] [01m[K/usr/include/c++/11/ctime:72:11:[m[K [01;31m[Kerror: [m[Kâ€˜[01m[Kstrftime[m[Kâ€™ has not been declared in â€˜[01m[K::[m[Kâ€™
[1.584s]    72 |   using ::[01;31m[Kstrftime[m[K;
[1.584s]       |           [01;31m[K^~~~~~~~[m[K
[1.584s] [01m[K/usr/include/c++/11/ctime:80:11:[m[K [01;31m[Kerror: [m[Kâ€˜[01m[Ktimespec_get[m[Kâ€™ has not been declared in â€˜[01m[K::[m[Kâ€™
[1.584s]    80 |   using ::[01;31m[Ktimespec_get[m[K;
[1.584s]       |           [01;31m[K^~~~~~~~~~~~[m[K
[1.743s] [01m[K/root/ros2_ws/src/mp.cpp:[m[K In function â€˜[01m[Kint main(int, char**)[m[Kâ€™:
[1.743s] [01m[K/root/ros2_ws/src/mp.cpp:233:15:[m[K [01;35m[Kwarning: [m[Kunused parameter â€˜[01m[Kargc[m[Kâ€™ [[01;35m[K]8;;https://gcc.gnu.org/onlinedocs/gcc/Warning-Options.html#index-Wunused-parameter-Wunused-parameter]8;;[m[K]
[1.743s]   233 |  int main([01;35m[Kint argc[m[K, char** argv)
[1.743s]       |           [01;35m[K~~~~^~~~[m[K
[1.743s] [01m[K/root/ros2_ws/src/mp.cpp:233:28:[m[K [01;35m[Kwarning: [m[Kunused parameter â€˜[01m[Kargv[m[Kâ€™ [[01;35m[K]8;;https://gcc.gnu.org/onlinedocs/gcc/Warning-Options.html#index-Wunused-parameter-Wunused-parameter]8;;[m[K]
[1.743s]   233 |  int main(int argc, [01;35m[Kchar** argv[m[K)
[1.743s]       |                     [01;35m[K~~~~~~~^~~~[m[K
[1.791s] gmake[2]: *** [CMakeFiles/my_motion_planner.dir/build.make:76: CMakeFiles/my_motion_planner.dir/src/mp.cpp.o] Error 1
[1.791s] gmake[1]: *** [CMakeFiles/Makefile2:137: CMakeFiles/my_motion_planner.dir/all] Error 2
[1.791s] gmake: *** [Makefile:146: all] Error 2
[1.793s] Invoked command in '/root/ros2_ws/build/my_robot_motion_planning' returned '2': CMAKE_PREFIX_PATH=/opt/ros/humble /usr/bin/cmake --build /root/ros2_ws/build/my_robot_motion_planning -- -j12 -l12
